This file contains any messages produced by compilers while
running configure, to aid debugging if configure makes a mistake.

It was created by alsa-lib configure 1.1.9, which was
generated by GNU Autoconf 2.69.  Invocation command line was

  $ ./configure --host=arm-linux-gnueabihf --target=arm-linux --prefix=/home/minaduki/Desktop/Beaglebone_Proj/mplayer/install/alsa-lib --enable-static=yes --disable-python --enable-shared=no

## --------- ##
## Platform. ##
## --------- ##

hostname = minaduki-portable-ubuntu
uname -m = x86_64
uname -r = 5.3.0-24-generic
uname -s = Linux
uname -v = #26-Ubuntu SMP Thu Nov 14 01:33:18 UTC 2019

/usr/bin/uname -p = x86_64
/bin/uname -X     = unknown

/bin/arch              = x86_64
/usr/bin/arch -k       = unknown
/usr/convex/getsysinfo = unknown
/usr/bin/hostinfo      = unknown
/bin/machine           = unknown
/usr/bin/oslevel       = unknown
/bin/universe          = unknown

PATH: /usr/local/sbin
PATH: /usr/local/bin
PATH: /usr/sbin
PATH: /usr/bin
PATH: /sbin
PATH: /bin
PATH: /usr/games
PATH: /usr/local/games
PATH: /snap/bin


## ----------- ##
## Core tests. ##
## ----------- ##

configure:2483: checking build system type
configure:2497: result: x86_64-pc-linux-gnu
configure:2517: checking host system type
configure:2530: result: arm-unknown-linux-gnueabihf
configure:2566: checking for a BSD-compatible install
configure:2634: result: /usr/bin/install -c
configure:2645: checking whether build environment is sane
configure:2700: result: yes
configure:2757: checking for arm-linux-gnueabihf-strip
configure:2773: found /usr/bin/arm-linux-gnueabihf-strip
configure:2784: result: arm-linux-gnueabihf-strip
configure:2849: checking for a thread-safe mkdir -p
configure:2888: result: /usr/bin/mkdir -p
configure:2895: checking for gawk
configure:2925: result: no
configure:2895: checking for mawk
configure:2911: found /usr/bin/mawk
configure:2922: result: mawk
configure:2933: checking whether make sets $(MAKE)
configure:2955: result: yes
configure:2984: checking whether make supports nested variables
configure:3001: result: yes
configure:3138: checking whether to enable maintainer-specific portions of Makefiles
configure:3147: result: yes
configure:3173: checking whether make supports nested variables
configure:3190: result: yes
configure:3213: checking for arm-linux-gnueabihf-gcc
configure:3240: result: arm-linux-gnueabihf-gcc
configure:3509: checking for C compiler version
configure:3518: arm-linux-gnueabihf-gcc --version >&5
arm-linux-gnueabihf-gcc (Ubuntu 9.2.1-9ubuntu2) 9.2.1 20191008
Copyright (C) 2019 Free Software Foundation, Inc.
This is free software; see the source for copying conditions.  There is NO
warranty; not even for MERCHANTABILITY or FITNESS FOR A PARTICULAR PURPOSE.

configure:3529: $? = 0
configure:3518: arm-linux-gnueabihf-gcc -v >&5
Using built-in specs.
COLLECT_GCC=arm-linux-gnueabihf-gcc
COLLECT_LTO_WRAPPER=/usr/lib/gcc-cross/arm-linux-gnueabihf/9/lto-wrapper
Target: arm-linux-gnueabihf
Configured with: ../src/configure -v --with-pkgversion='Ubuntu 9.2.1-9ubuntu2' --with-bugurl=file:///usr/share/doc/gcc-9/README.Bugs --enable-languages=c,ada,c++,go,d,fortran,objc,obj-c++,gm2 --prefix=/usr --with-gcc-major-version-only --program-suffix=-9 --enable-shared --enable-linker-build-id --libexecdir=/usr/lib --without-included-gettext --enable-threads=posix --libdir=/usr/lib --enable-nls --with-sysroot=/ --enable-clocale=gnu --enable-libstdcxx-debug --enable-libstdcxx-time=yes --with-default-libstdcxx-abi=new --enable-gnu-unique-object --disable-libitm --disable-libquadmath --disable-libquadmath-support --enable-plugin --enable-default-pie --with-system-zlib --without-target-system-zlib --enable-libpth-m2 --enable-multiarch --enable-multilib --disable-sjlj-exceptions --with-arch=armv7-a --with-fpu=vfpv3-d16 --with-float=hard --with-mode=thumb --disable-werror --enable-multilib --enable-checking=release --build=x86_64-linux-gnu --host=x86_64-linux-gnu --target=arm-linux-gnueabihf --program-prefix=arm-linux-gnueabihf- --includedir=/usr/arm-linux-gnueabihf/include
Thread model: posix
gcc version 9.2.1 20191008 (Ubuntu 9.2.1-9ubuntu2) 
configure:3529: $? = 0
configure:3518: arm-linux-gnueabihf-gcc -V >&5
arm-linux-gnueabihf-gcc: error: unrecognized command line option '-V'
arm-linux-gnueabihf-gcc: fatal error: no input files
compilation terminated.
configure:3529: $? = 1
configure:3518: arm-linux-gnueabihf-gcc -qversion >&5
arm-linux-gnueabihf-gcc: error: unrecognized command line option '-qversion'; did you mean '--version'?
arm-linux-gnueabihf-gcc: fatal error: no input files
compilation terminated.
configure:3529: $? = 1
configure:3549: checking whether the C compiler works
configure:3571: arm-linux-gnueabihf-gcc    conftest.c  >&5
configure:3575: $? = 0
configure:3623: result: yes
configure:3626: checking for C compiler default output file name
configure:3628: result: a.out
configure:3634: checking for suffix of executables
configure:3641: arm-linux-gnueabihf-gcc -o conftest    conftest.c  >&5
configure:3645: $? = 0
configure:3667: result: 
configure:3689: checking whether we are cross compiling
configure:3697: arm-linux-gnueabihf-gcc -o conftest    conftest.c  >&5
configure:3701: $? = 0
configure:3708: ./conftest
./configure: line 3710: ./conftest: cannot execute binary file: Exec format error
configure:3712: $? = 126
configure:3700: result: yes
configure:3705: checking for suffix of object files
configure:3727: arm-linux-gnueabihf-gcc -c   conftest.c >&5
configure:3731: $? = 0
configure:3752: result: o
configure:3756: checking whether we are using the GNU C compiler
configure:3775: arm-linux-gnueabihf-gcc -c   conftest.c >&5
configure:3775: $? = 0
configure:3784: result: yes
configure:3793: checking whether arm-linux-gnueabihf-gcc accepts -g
configure:3813: arm-linux-gnueabihf-gcc -c -g  conftest.c >&5
configure:3813: $? = 0
configure:3854: result: yes
configure:3871: checking for arm-linux-gnueabihf-gcc option to accept ISO C89
configure:3934: arm-linux-gnueabihf-gcc  -c -g -O2  conftest.c >&5
configure:3934: $? = 0
configure:3947: result: none needed
configure:3972: checking whether arm-linux-gnueabihf-gcc understands -c and -o together
configure:3994: arm-linux-gnueabihf-gcc -c conftest.c -o conftest2.o
configure:3997: $? = 0
configure:3994: arm-linux-gnueabihf-gcc -c conftest.c -o conftest2.o
configure:3997: $? = 0
configure:4009: result: yes
configure:4029: checking whether make supports the include directive
configure:4044: make -f confmf.GNU && cat confinc.out
this is the am__doit target
configure:4047: $? = 0
configure:4066: result: yes (GNU style)
configure:4091: checking dependency style of arm-linux-gnueabihf-gcc
configure:4202: result: gcc3
configure:4222: checking how to run the C preprocessor
configure:4253: arm-linux-gnueabihf-gcc -E  conftest.c
configure:4253: $? = 0
configure:4267: arm-linux-gnueabihf-gcc -E  conftest.c
conftest.c:11:10: fatal error: ac_nonexistent.h: No such file or directory
   11 | #include <ac_nonexistent.h>
      |          ^~~~~~~~~~~~~~~~~~
compilation terminated.
configure:4267: $? = 1
configure: failed program was:
| /* confdefs.h */
| #define PACKAGE_NAME "alsa-lib"
| #define PACKAGE_TARNAME "alsa-lib"
| #define PACKAGE_VERSION "1.1.9"
| #define PACKAGE_STRING "alsa-lib 1.1.9"
| #define PACKAGE_BUGREPORT ""
| #define PACKAGE_URL ""
| #define PACKAGE "alsa-lib"
| #define VERSION "1.1.9"
| /* end confdefs.h.  */
| #include <ac_nonexistent.h>
configure:4292: result: arm-linux-gnueabihf-gcc -E
configure:4312: arm-linux-gnueabihf-gcc -E  conftest.c
configure:4312: $? = 0
configure:4326: arm-linux-gnueabihf-gcc -E  conftest.c
conftest.c:11:10: fatal error: ac_nonexistent.h: No such file or directory
   11 | #include <ac_nonexistent.h>
      |          ^~~~~~~~~~~~~~~~~~
compilation terminated.
configure:4326: $? = 1
configure: failed program was:
| /* confdefs.h */
| #define PACKAGE_NAME "alsa-lib"
| #define PACKAGE_TARNAME "alsa-lib"
| #define PACKAGE_VERSION "1.1.9"
| #define PACKAGE_STRING "alsa-lib 1.1.9"
| #define PACKAGE_BUGREPORT ""
| #define PACKAGE_URL ""
| #define PACKAGE "alsa-lib"
| #define VERSION "1.1.9"
| /* end confdefs.h.  */
| #include <ac_nonexistent.h>
configure:4356: checking for grep that handles long lines and -e
configure:4414: result: /usr/bin/grep
configure:4419: checking for egrep
configure:4481: result: /usr/bin/grep -E
configure:4486: checking for ANSI C header files
configure:4506: arm-linux-gnueabihf-gcc -c -g -O2  conftest.c >&5
configure:4506: $? = 0
configure:4590: result: yes
configure:4603: checking for sys/types.h
configure:4603: arm-linux-gnueabihf-gcc -c -g -O2  conftest.c >&5
configure:4603: $? = 0
configure:4603: result: yes
configure:4603: checking for sys/stat.h
configure:4603: arm-linux-gnueabihf-gcc -c -g -O2  conftest.c >&5
configure:4603: $? = 0
configure:4603: result: yes
configure:4603: checking for stdlib.h
configure:4603: arm-linux-gnueabihf-gcc -c -g -O2  conftest.c >&5
configure:4603: $? = 0
configure:4603: result: yes
configure:4603: checking for string.h
configure:4603: arm-linux-gnueabihf-gcc -c -g -O2  conftest.c >&5
configure:4603: $? = 0
configure:4603: result: yes
configure:4603: checking for memory.h
configure:4603: arm-linux-gnueabihf-gcc -c -g -O2  conftest.c >&5
configure:4603: $? = 0
configure:4603: result: yes
configure:4603: checking for strings.h
configure:4603: arm-linux-gnueabihf-gcc -c -g -O2  conftest.c >&5
configure:4603: $? = 0
configure:4603: result: yes
configure:4603: checking for inttypes.h
configure:4603: arm-linux-gnueabihf-gcc -c -g -O2  conftest.c >&5
configure:4603: $? = 0
configure:4603: result: yes
configure:4603: checking for stdint.h
configure:4603: arm-linux-gnueabihf-gcc -c -g -O2  conftest.c >&5
configure:4603: $? = 0
configure:4603: result: yes
configure:4603: checking for unistd.h
configure:4603: arm-linux-gnueabihf-gcc -c -g -O2  conftest.c >&5
configure:4603: $? = 0
configure:4603: result: yes
configure:4616: checking minix/config.h usability
configure:4616: arm-linux-gnueabihf-gcc -c -g -O2  conftest.c >&5
conftest.c:54:10: fatal error: minix/config.h: No such file or directory
   54 | #include <minix/config.h>
      |          ^~~~~~~~~~~~~~~~
compilation terminated.
configure:4616: $? = 1
configure: failed program was:
| /* confdefs.h */
| #define PACKAGE_NAME "alsa-lib"
| #define PACKAGE_TARNAME "alsa-lib"
| #define PACKAGE_VERSION "1.1.9"
| #define PACKAGE_STRING "alsa-lib 1.1.9"
| #define PACKAGE_BUGREPORT ""
| #define PACKAGE_URL ""
| #define PACKAGE "alsa-lib"
| #define VERSION "1.1.9"
| #define STDC_HEADERS 1
| #define HAVE_SYS_TYPES_H 1
| #define HAVE_SYS_STAT_H 1
| #define HAVE_STDLIB_H 1
| #define HAVE_STRING_H 1
| #define HAVE_MEMORY_H 1
| #define HAVE_STRINGS_H 1
| #define HAVE_INTTYPES_H 1
| #define HAVE_STDINT_H 1
| #define HAVE_UNISTD_H 1
| /* end confdefs.h.  */
| #include <stdio.h>
| #ifdef HAVE_SYS_TYPES_H
| # include <sys/types.h>
| #endif
| #ifdef HAVE_SYS_STAT_H
| # include <sys/stat.h>
| #endif
| #ifdef STDC_HEADERS
| # include <stdlib.h>
| # include <stddef.h>
| #else
| # ifdef HAVE_STDLIB_H
| #  include <stdlib.h>
| # endif
| #endif
| #ifdef HAVE_STRING_H
| # if !defined STDC_HEADERS && defined HAVE_MEMORY_H
| #  include <memory.h>
| # endif
| # include <string.h>
| #endif
| #ifdef HAVE_STRINGS_H
| # include <strings.h>
| #endif
| #ifdef HAVE_INTTYPES_H
| # include <inttypes.h>
| #endif
| #ifdef HAVE_STDINT_H
| # include <stdint.h>
| #endif
| #ifdef HAVE_UNISTD_H
| # include <unistd.h>
| #endif
| #include <minix/config.h>
configure:4616: result: no
configure:4616: checking minix/config.h presence
configure:4616: arm-linux-gnueabihf-gcc -E  conftest.c
conftest.c:21:10: fatal error: minix/config.h: No such file or directory
   21 | #include <minix/config.h>
      |          ^~~~~~~~~~~~~~~~
compilation terminated.
configure:4616: $? = 1
configure: failed program was:
| /* confdefs.h */
| #define PACKAGE_NAME "alsa-lib"
| #define PACKAGE_TARNAME "alsa-lib"
| #define PACKAGE_VERSION "1.1.9"
| #define PACKAGE_STRING "alsa-lib 1.1.9"
| #define PACKAGE_BUGREPORT ""
| #define PACKAGE_URL ""
| #define PACKAGE "alsa-lib"
| #define VERSION "1.1.9"
| #define STDC_HEADERS 1
| #define HAVE_SYS_TYPES_H 1
| #define HAVE_SYS_STAT_H 1
| #define HAVE_STDLIB_H 1
| #define HAVE_STRING_H 1
| #define HAVE_MEMORY_H 1
| #define HAVE_STRINGS_H 1
| #define HAVE_INTTYPES_H 1
| #define HAVE_STDINT_H 1
| #define HAVE_UNISTD_H 1
| /* end confdefs.h.  */
| #include <minix/config.h>
configure:4616: result: no
configure:4616: checking for minix/config.h
configure:4616: result: no
configure:4637: checking whether it is safe to define __EXTENSIONS__
configure:4655: arm-linux-gnueabihf-gcc -c -g -O2  conftest.c >&5
configure:4655: $? = 0
configure:4662: result: yes
configure:4677: checking whether ln -s works
configure:4681: result: yes
configure:4769: checking how to print strings
configure:4796: result: printf
configure:4817: checking for a sed that does not truncate output
configure:4881: result: /usr/bin/sed
configure:4899: checking for fgrep
configure:4961: result: /usr/bin/grep -F
configure:4996: checking for ld used by arm-linux-gnueabihf-gcc
configure:5063: result: /usr/arm-linux-gnueabihf/bin/ld
configure:5070: checking if the linker (/usr/arm-linux-gnueabihf/bin/ld) is GNU ld
configure:5085: result: yes
configure:5097: checking for BSD- or MS-compatible name lister (nm)
configure:5151: result: /usr/bin/arm-linux-gnueabihf-nm -B
configure:5281: checking the name lister (/usr/bin/arm-linux-gnueabihf-nm -B) interface
configure:5288: arm-linux-gnueabihf-gcc -c -g -O2  conftest.c >&5
configure:5291: /usr/bin/arm-linux-gnueabihf-nm -B "conftest.o"
configure:5294: output
00000000 B some_variable
configure:5295: result: BSD nm
configure:5299: checking the maximum length of command line arguments
configure:5430: result: 1572864
configure:5478: checking how to convert x86_64-pc-linux-gnu file names to arm-unknown-linux-gnueabihf format
configure:5518: result: func_convert_file_noop
configure:5525: checking how to convert x86_64-pc-linux-gnu file names to toolchain format
configure:5545: result: func_convert_file_noop
configure:5552: checking for /usr/arm-linux-gnueabihf/bin/ld option to reload object files
configure:5559: result: -r
configure:5593: checking for arm-linux-gnueabihf-objdump
configure:5609: found /usr/bin/arm-linux-gnueabihf-objdump
configure:5620: result: arm-linux-gnueabihf-objdump
configure:5692: checking how to recognize dependent libraries
configure:5892: result: pass_all
configure:5937: checking for arm-linux-gnueabihf-dlltool
configure:5967: result: no
configure:5977: checking for dlltool
configure:6007: result: no
configure:6037: checking how to associate runtime and link libraries
configure:6064: result: printf %s\n
configure:6080: checking for arm-linux-gnueabihf-ar
configure:6096: found /usr/bin/arm-linux-gnueabihf-ar
configure:6107: result: arm-linux-gnueabihf-ar
configure:6188: checking for archiver @FILE support
configure:6205: arm-linux-gnueabihf-gcc -c -g -O2  conftest.c >&5
configure:6205: $? = 0
configure:6208: arm-linux-gnueabihf-ar cru libconftest.a @conftest.lst >&5
arm-linux-gnueabihf-ar: `u' modifier ignored since `D' is the default (see `U')
configure:6211: $? = 0
configure:6216: arm-linux-gnueabihf-ar cru libconftest.a @conftest.lst >&5
arm-linux-gnueabihf-ar: `u' modifier ignored since `D' is the default (see `U')
arm-linux-gnueabihf-ar: conftest.o: No such file or directory
configure:6219: $? = 1
configure:6218: result: @
configure:6236: checking for arm-linux-gnueabihf-strip
configure:6263: result: arm-linux-gnueabihf-strip
configure:6335: checking for arm-linux-gnueabihf-ranlib
configure:6351: found /usr/bin/arm-linux-gnueabihf-ranlib
configure:6362: result: arm-linux-gnueabihf-ranlib
configure:6504: checking command to parse /usr/bin/arm-linux-gnueabihf-nm -B output from arm-linux-gnueabihf-gcc object
configure:6657: arm-linux-gnueabihf-gcc -c -g -O2  conftest.c >&5
configure:6660: $? = 0
configure:6664: /usr/bin/arm-linux-gnueabihf-nm -B conftest.o \| sed -n -e 's/^.*[ ]\([ABCDGIRSTW][ABCDGIRSTW]*\)[ ][ ]*\([_A-Za-z][_A-Za-z0-9]*\)$/\1 \2 \2/p' | sed '/ __gnu_lto/d' \> conftest.nm
configure:6667: $? = 0
configure:6733: arm-linux-gnueabihf-gcc -o conftest -g -O2   conftest.c conftstm.o >&5
configure:6736: $? = 0
configure:6774: result: ok
configure:6821: checking for sysroot
configure:6851: result: no
configure:6858: checking for a working dd
configure:6896: result: /usr/bin/dd
configure:6900: checking how to truncate binary pipes
configure:6915: result: /usr/bin/dd bs=4096 count=1
configure:7204: checking for arm-linux-gnueabihf-mt
configure:7234: result: no
configure:7244: checking for mt
configure:7260: found /usr/bin/mt
configure:7271: result: mt
configure:7283: WARNING: using cross tools not prefixed with host triplet
configure:7294: checking if mt is a manifest tool
configure:7300: mt '-?'
configure:7308: result: no
configure:7982: checking for dlfcn.h
configure:7982: arm-linux-gnueabihf-gcc -c -g -O2  conftest.c >&5
configure:7982: $? = 0
configure:7982: result: yes
configure:8206: checking for objdir
configure:8221: result: .libs
configure:8485: checking if arm-linux-gnueabihf-gcc supports -fno-rtti -fno-exceptions
configure:8503: arm-linux-gnueabihf-gcc -c -g -O2  -fno-rtti -fno-exceptions conftest.c >&5
cc1: warning: command line option '-fno-rtti' is valid for C++/D/ObjC++ but not for C
configure:8507: $? = 0
configure:8520: result: no
configure:8878: checking for arm-linux-gnueabihf-gcc option to produce PIC
configure:8885: result: -fPIC -DPIC
configure:8893: checking if arm-linux-gnueabihf-gcc PIC flag -fPIC -DPIC works
configure:8911: arm-linux-gnueabihf-gcc -c -g -O2  -fPIC -DPIC -DPIC conftest.c >&5
configure:8915: $? = 0
configure:8928: result: yes
configure:8957: checking if arm-linux-gnueabihf-gcc static flag -static works
configure:8985: result: yes
configure:9000: checking if arm-linux-gnueabihf-gcc supports -c -o file.o
configure:9021: arm-linux-gnueabihf-gcc -c -g -O2  -o out/conftest2.o conftest.c >&5
configure:9025: $? = 0
configure:9047: result: yes
configure:9055: checking if arm-linux-gnueabihf-gcc supports -c -o file.o
configure:9102: result: yes
configure:9135: checking whether the arm-linux-gnueabihf-gcc linker (/usr/arm-linux-gnueabihf/bin/ld) supports shared libraries
configure:10394: result: yes
configure:10634: checking dynamic linker characteristics
configure:11215: arm-linux-gnueabihf-gcc -o conftest -g -O2   -Wl,-rpath -Wl,/foo conftest.c  >&5
configure:11215: $? = 0
configure:11455: result: GNU/Linux ld.so
configure:11577: checking how to hardcode library paths into programs
configure:11602: result: immediate
configure:11704: checking for shl_load
configure:11704: arm-linux-gnueabihf-gcc -o conftest -g -O2   conftest.c  >&5
/usr/lib/gcc-cross/arm-linux-gnueabihf/9/../../../../arm-linux-gnueabihf/bin/ld: /tmp/ccYvpQif.o: in function `main':
/home/minaduki/Desktop/Beaglebone_Proj/mplayer/src/alsa-lib-1.1.9/conftest.c:62: undefined reference to `shl_load'
collect2: error: ld returned 1 exit status
configure:11704: $? = 1
configure: failed program was:
| /* confdefs.h */
| #define PACKAGE_NAME "alsa-lib"
| #define PACKAGE_TARNAME "alsa-lib"
| #define PACKAGE_VERSION "1.1.9"
| #define PACKAGE_STRING "alsa-lib 1.1.9"
| #define PACKAGE_BUGREPORT ""
| #define PACKAGE_URL ""
| #define PACKAGE "alsa-lib"
| #define VERSION "1.1.9"
| #define STDC_HEADERS 1
| #define HAVE_SYS_TYPES_H 1
| #define HAVE_SYS_STAT_H 1
| #define HAVE_STDLIB_H 1
| #define HAVE_STRING_H 1
| #define HAVE_MEMORY_H 1
| #define HAVE_STRINGS_H 1
| #define HAVE_INTTYPES_H 1
| #define HAVE_STDINT_H 1
| #define HAVE_UNISTD_H 1
| #define __EXTENSIONS__ 1
| #define _ALL_SOURCE 1
| #define _GNU_SOURCE 1
| #define _POSIX_PTHREAD_SEMANTICS 1
| #define _TANDEM_SOURCE 1
| #define HAVE_DLFCN_H 1
| #define LT_OBJDIR ".libs/"
| /* end confdefs.h.  */
| /* Define shl_load to an innocuous variant, in case <limits.h> declares shl_load.
|    For example, HP-UX 11i <limits.h> declares gettimeofday.  */
| #define shl_load innocuous_shl_load
| 
| /* System header to define __stub macros and hopefully few prototypes,
|     which can conflict with char shl_load (); below.
|     Prefer <limits.h> to <assert.h> if __STDC__ is defined, since
|     <limits.h> exists even on freestanding compilers.  */
| 
| #ifdef __STDC__
| # include <limits.h>
| #else
| # include <assert.h>
| #endif
| 
| #undef shl_load
| 
| /* Override any GCC internal prototype to avoid an error.
|    Use char because int might match the return type of a GCC
|    builtin and then its argument prototype would still apply.  */
| #ifdef __cplusplus
| extern "C"
| #endif
| char shl_load ();
| /* The GNU C library defines this for functions which it implements
|     to always fail with ENOSYS.  Some functions are actually named
|     something starting with __ and the normal name is an alias.  */
| #if defined __stub_shl_load || defined __stub___shl_load
| choke me
| #endif
| 
| int
| main ()
| {
| return shl_load ();
|   ;
|   return 0;
| }
configure:11704: result: no
configure:11708: checking for shl_load in -ldld
configure:11733: arm-linux-gnueabihf-gcc -o conftest -g -O2   conftest.c -ldld   >&5
/usr/lib/gcc-cross/arm-linux-gnueabihf/9/../../../../arm-linux-gnueabihf/bin/ld: cannot find -ldld
collect2: error: ld returned 1 exit status
configure:11733: $? = 1
configure: failed program was:
| /* confdefs.h */
| #define PACKAGE_NAME "alsa-lib"
| #define PACKAGE_TARNAME "alsa-lib"
| #define PACKAGE_VERSION "1.1.9"
| #define PACKAGE_STRING "alsa-lib 1.1.9"
| #define PACKAGE_BUGREPORT ""
| #define PACKAGE_URL ""
| #define PACKAGE "alsa-lib"
| #define VERSION "1.1.9"
| #define STDC_HEADERS 1
| #define HAVE_SYS_TYPES_H 1
| #define HAVE_SYS_STAT_H 1
| #define HAVE_STDLIB_H 1
| #define HAVE_STRING_H 1
| #define HAVE_MEMORY_H 1
| #define HAVE_STRINGS_H 1
| #define HAVE_INTTYPES_H 1
| #define HAVE_STDINT_H 1
| #define HAVE_UNISTD_H 1
| #define __EXTENSIONS__ 1
| #define _ALL_SOURCE 1
| #define _GNU_SOURCE 1
| #define _POSIX_PTHREAD_SEMANTICS 1
| #define _TANDEM_SOURCE 1
| #define HAVE_DLFCN_H 1
| #define LT_OBJDIR ".libs/"
| /* end confdefs.h.  */
| 
| /* Override any GCC internal prototype to avoid an error.
|    Use char because int might match the return type of a GCC
|    builtin and then its argument prototype would still apply.  */
| #ifdef __cplusplus
| extern "C"
| #endif
| char shl_load ();
| int
| main ()
| {
| return shl_load ();
|   ;
|   return 0;
| }
configure:11742: result: no
configure:11747: checking for dlopen
configure:11747: arm-linux-gnueabihf-gcc -o conftest -g -O2   conftest.c  >&5
/usr/lib/gcc-cross/arm-linux-gnueabihf/9/../../../../arm-linux-gnueabihf/bin/ld: /tmp/ccQMM8Sk.o: in function `main':
/home/minaduki/Desktop/Beaglebone_Proj/mplayer/src/alsa-lib-1.1.9/conftest.c:62: undefined reference to `dlopen'
collect2: error: ld returned 1 exit status
configure:11747: $? = 1
configure: failed program was:
| /* confdefs.h */
| #define PACKAGE_NAME "alsa-lib"
| #define PACKAGE_TARNAME "alsa-lib"
| #define PACKAGE_VERSION "1.1.9"
| #define PACKAGE_STRING "alsa-lib 1.1.9"
| #define PACKAGE_BUGREPORT ""
| #define PACKAGE_URL ""
| #define PACKAGE "alsa-lib"
| #define VERSION "1.1.9"
| #define STDC_HEADERS 1
| #define HAVE_SYS_TYPES_H 1
| #define HAVE_SYS_STAT_H 1
| #define HAVE_STDLIB_H 1
| #define HAVE_STRING_H 1
| #define HAVE_MEMORY_H 1
| #define HAVE_STRINGS_H 1
| #define HAVE_INTTYPES_H 1
| #define HAVE_STDINT_H 1
| #define HAVE_UNISTD_H 1
| #define __EXTENSIONS__ 1
| #define _ALL_SOURCE 1
| #define _GNU_SOURCE 1
| #define _POSIX_PTHREAD_SEMANTICS 1
| #define _TANDEM_SOURCE 1
| #define HAVE_DLFCN_H 1
| #define LT_OBJDIR ".libs/"
| /* end confdefs.h.  */
| /* Define dlopen to an innocuous variant, in case <limits.h> declares dlopen.
|    For example, HP-UX 11i <limits.h> declares gettimeofday.  */
| #define dlopen innocuous_dlopen
| 
| /* System header to define __stub macros and hopefully few prototypes,
|     which can conflict with char dlopen (); below.
|     Prefer <limits.h> to <assert.h> if __STDC__ is defined, since
|     <limits.h> exists even on freestanding compilers.  */
| 
| #ifdef __STDC__
| # include <limits.h>
| #else
| # include <assert.h>
| #endif
| 
| #undef dlopen
| 
| /* Override any GCC internal prototype to avoid an error.
|    Use char because int might match the return type of a GCC
|    builtin and then its argument prototype would still apply.  */
| #ifdef __cplusplus
| extern "C"
| #endif
| char dlopen ();
| /* The GNU C library defines this for functions which it implements
|     to always fail with ENOSYS.  Some functions are actually named
|     something starting with __ and the normal name is an alias.  */
| #if defined __stub_dlopen || defined __stub___dlopen
| choke me
| #endif
| 
| int
| main ()
| {
| return dlopen ();
|   ;
|   return 0;
| }
configure:11747: result: no
configure:11751: checking for dlopen in -ldl
configure:11776: arm-linux-gnueabihf-gcc -o conftest -g -O2   conftest.c -ldl   >&5
configure:11776: $? = 0
configure:11785: result: yes
configure:11904: checking whether a program can dlopen itself
configure:12005: result: cross
configure:12150: checking whether stripping libraries is possible
configure:12155: result: yes
configure:12190: checking if libtool supports shared libraries
configure:12192: result: yes
configure:12195: checking whether to build shared libraries
configure:12220: result: no
configure:12223: checking whether to build static libraries
configure:12227: result: yes
configure:9062: checking if arm-linux-gnueabihf-gcc supports -Wl,--no-undefined flag
configure:9073: arm-linux-gnueabihf-gcc -o conftest -g -O2   -Wl,--no-undefined conftest.c  >&5
configure:9073: $? = 0
configure:9084: result: yes
configure:9099: checking for ANSI C header files
configure:9203: result: yes
configure:9214: checking for an ANSI C-conforming const
configure:9280: arm-linux-gnueabihf-gcc -c -g -O2  conftest.c >&5
configure:9280: $? = 0
configure:9287: result: yes
configure:9295: checking for inline
configure:9311: arm-linux-gnueabihf-gcc -c -g -O2  conftest.c >&5
configure:9311: $? = 0
configure:9319: result: inline
configure:9337: checking whether time.h and sys/time.h may both be included
configure:9357: arm-linux-gnueabihf-gcc -c -g -O2  conftest.c >&5
configure:9357: $? = 0
configure:9364: result: yes
configure:9374: checking whether arm-linux-gnueabihf-gcc needs -traditional
configure:9408: result: no
configure:9417: checking for uselocale
configure:9417: arm-linux-gnueabihf-gcc -o conftest -g -O2   conftest.c  >&5
configure:9417: $? = 0
configure:9417: result: yes
configure:9428: checking for library version
configure:9453: result: major 1 minor 1 subminor 9 extrastr  extraver 1000000
configure:9544: checking for versioned symbols
configure:9571: result: yes
configure:9590: checking for symbolic-functions
configure:9609: result: no
configure:9621: checking for custom symbol prefixes
configure:9634: result: 
configure:9637: checking for debug
configure:9648: result: yes
configure:9659: checking for debug assert
configure:9675: result: no
configure:9680: checking for tmpdir
configure:9690: result: /tmp
configure:9698: checking for softfloat
configure:9716: result: no
configure:9725: checking for libdl
configure:9737: checking for dlsym in -ldl
configure:9762: arm-linux-gnueabihf-gcc -o conftest -g -O2   conftest.c -ldl   >&5
configure:9762: $? = 0
configure:9771: result: yes
configure:9796: checking for pthread
configure:9807: checking for pthread_join in -lpthread
configure:9832: arm-linux-gnueabihf-gcc -o conftest -g -O2   conftest.c -lpthread   >&5
configure:9832: $? = 0
configure:9841: result: yes
configure:9859: checking whether PTHREAD_MUTEX_RECURSIVE is declared
configure:9859: arm-linux-gnueabihf-gcc -c -g -O2  conftest.c >&5
configure:9859: $? = 0
configure:9859: result: yes
configure:9869: checking for __thread
configure:9884: arm-linux-gnueabihf-gcc -o conftest -g -O2   conftest.c  >&5
configure:9884: $? = 0
configure:9888: result: yes
configure:9897: checking for librt
configure:9908: checking for clock_gettime in -lrt
configure:9933: arm-linux-gnueabihf-gcc -o conftest -g -O2   conftest.c -lrt   >&5
configure:9933: $? = 0
configure:9942: result: yes
configure:9964: checking for use of wordexp
configure:9990: result: no
configure:9997: checking endian.h usability
configure:9997: arm-linux-gnueabihf-gcc -c -g -O2  conftest.c >&5
configure:9997: $? = 0
configure:9997: result: yes
configure:9997: checking endian.h presence
configure:9997: arm-linux-gnueabihf-gcc -E  conftest.c
configure:9997: $? = 0
configure:9997: result: yes
configure:9997: checking for endian.h
configure:9997: result: yes
configure:9997: checking sys/endian.h usability
configure:9997: arm-linux-gnueabihf-gcc -c -g -O2  conftest.c >&5
conftest.c:78:10: fatal error: sys/endian.h: No such file or directory
   78 | #include <sys/endian.h>
      |          ^~~~~~~~~~~~~~
compilation terminated.
configure:9997: $? = 1
configure: failed program was:
| /* confdefs.h */
| #define PACKAGE_NAME "alsa-lib"
| #define PACKAGE_TARNAME "alsa-lib"
| #define PACKAGE_VERSION "1.1.9"
| #define PACKAGE_STRING "alsa-lib 1.1.9"
| #define PACKAGE_BUGREPORT ""
| #define PACKAGE_URL ""
| #define PACKAGE "alsa-lib"
| #define VERSION "1.1.9"
| #define STDC_HEADERS 1
| #define HAVE_SYS_TYPES_H 1
| #define HAVE_SYS_STAT_H 1
| #define HAVE_STDLIB_H 1
| #define HAVE_STRING_H 1
| #define HAVE_MEMORY_H 1
| #define HAVE_STRINGS_H 1
| #define HAVE_INTTYPES_H 1
| #define HAVE_STDINT_H 1
| #define HAVE_UNISTD_H 1
| #define __EXTENSIONS__ 1
| #define _ALL_SOURCE 1
| #define _GNU_SOURCE 1
| #define _POSIX_PTHREAD_SEMANTICS 1
| #define _TANDEM_SOURCE 1
| #define HAVE_DLFCN_H 1
| #define LT_OBJDIR ".libs/"
| #define STDC_HEADERS 1
| #define TIME_WITH_SYS_TIME 1
| #define HAVE_USELOCALE 1
| #define VERSION "1.1.9"
| #define ALSA_CONFIG_DIR "/home/minaduki/Desktop/Beaglebone_Proj/mplayer/install/alsa-lib/share/alsa"
| #define ALSA_PLUGIN_DIR "/home/minaduki/Desktop/Beaglebone_Proj/mplayer/install/alsa-lib/lib/alsa-lib"
| #define ALSA_PKGCONF_DIR "/home/minaduki/Desktop/Beaglebone_Proj/mplayer/install/alsa-lib/lib/pkgconfig"
| #define VERSIONED_SYMBOLS /**/
| #define __SYMBOL_PREFIX ""
| #define TMPDIR "/tmp"
| #define HAVE_LIBDL 1
| #define HAVE_LIBPTHREAD 1
| #define HAVE_PTHREAD_MUTEX_RECURSIVE /**/
| #define HAVE___THREAD 1
| #define HAVE_LIBRT 1
| #define HAVE_CLOCK_GETTIME 1
| #define HAVE_ENDIAN_H 1
| /* end confdefs.h.  */
| #include <stdio.h>
| #ifdef HAVE_SYS_TYPES_H
| # include <sys/types.h>
| #endif
| #ifdef HAVE_SYS_STAT_H
| # include <sys/stat.h>
| #endif
| #ifdef STDC_HEADERS
| # include <stdlib.h>
| # include <stddef.h>
| #else
| # ifdef HAVE_STDLIB_H
| #  include <stdlib.h>
| # endif
| #endif
| #ifdef HAVE_STRING_H
| # if !defined STDC_HEADERS && defined HAVE_MEMORY_H
| #  include <memory.h>
| # endif
| # include <string.h>
| #endif
| #ifdef HAVE_STRINGS_H
| # include <strings.h>
| #endif
| #ifdef HAVE_INTTYPES_H
| # include <inttypes.h>
| #endif
| #ifdef HAVE_STDINT_H
| # include <stdint.h>
| #endif
| #ifdef HAVE_UNISTD_H
| # include <unistd.h>
| #endif
| #include <sys/endian.h>
configure:9997: result: no
configure:9997: checking sys/endian.h presence
configure:9997: arm-linux-gnueabihf-gcc -E  conftest.c
conftest.c:45:10: fatal error: sys/endian.h: No such file or directory
   45 | #include <sys/endian.h>
      |          ^~~~~~~~~~~~~~
compilation terminated.
configure:9997: $? = 1
configure: failed program was:
| /* confdefs.h */
| #define PACKAGE_NAME "alsa-lib"
| #define PACKAGE_TARNAME "alsa-lib"
| #define PACKAGE_VERSION "1.1.9"
| #define PACKAGE_STRING "alsa-lib 1.1.9"
| #define PACKAGE_BUGREPORT ""
| #define PACKAGE_URL ""
| #define PACKAGE "alsa-lib"
| #define VERSION "1.1.9"
| #define STDC_HEADERS 1
| #define HAVE_SYS_TYPES_H 1
| #define HAVE_SYS_STAT_H 1
| #define HAVE_STDLIB_H 1
| #define HAVE_STRING_H 1
| #define HAVE_MEMORY_H 1
| #define HAVE_STRINGS_H 1
| #define HAVE_INTTYPES_H 1
| #define HAVE_STDINT_H 1
| #define HAVE_UNISTD_H 1
| #define __EXTENSIONS__ 1
| #define _ALL_SOURCE 1
| #define _GNU_SOURCE 1
| #define _POSIX_PTHREAD_SEMANTICS 1
| #define _TANDEM_SOURCE 1
| #define HAVE_DLFCN_H 1
| #define LT_OBJDIR ".libs/"
| #define STDC_HEADERS 1
| #define TIME_WITH_SYS_TIME 1
| #define HAVE_USELOCALE 1
| #define VERSION "1.1.9"
| #define ALSA_CONFIG_DIR "/home/minaduki/Desktop/Beaglebone_Proj/mplayer/install/alsa-lib/share/alsa"
| #define ALSA_PLUGIN_DIR "/home/minaduki/Desktop/Beaglebone_Proj/mplayer/install/alsa-lib/lib/alsa-lib"
| #define ALSA_PKGCONF_DIR "/home/minaduki/Desktop/Beaglebone_Proj/mplayer/install/alsa-lib/lib/pkgconfig"
| #define VERSIONED_SYMBOLS /**/
| #define __SYMBOL_PREFIX ""
| #define TMPDIR "/tmp"
| #define HAVE_LIBDL 1
| #define HAVE_LIBPTHREAD 1
| #define HAVE_PTHREAD_MUTEX_RECURSIVE /**/
| #define HAVE___THREAD 1
| #define HAVE_LIBRT 1
| #define HAVE_CLOCK_GETTIME 1
| #define HAVE_ENDIAN_H 1
| /* end confdefs.h.  */
| #include <sys/endian.h>
configure:9997: result: no
configure:9997: checking for sys/endian.h
configure:9997: result: no
configure:9997: checking sys/shm.h usability
configure:9997: arm-linux-gnueabihf-gcc -c -g -O2  conftest.c >&5
configure:9997: $? = 0
configure:9997: result: yes
configure:9997: checking sys/shm.h presence
configure:9997: arm-linux-gnueabihf-gcc -E  conftest.c
configure:9997: $? = 0
configure:9997: result: yes
configure:9997: checking for sys/shm.h
configure:9997: result: yes
configure:10008: checking for resmgr support
configure:10017: result: no
configure:10072: checking for aload* support
configure:10081: result: yes
configure:10089: checking for ALSA device file directory
configure:10107: result: /dev/snd/
configure:10110: checking for aload* device file directory
configure:10128: result: /dev/
configure:10412: checking whether GCC supports builtin atomic intrinsics
configure:10430: arm-linux-gnueabihf-gcc -o conftest -g -O2   conftest.c  >&5
configure:10430: $? = 0
configure:10438: result: yes
configure:10828: checking for max number of cards
configure:10838: result: 32
configure:10853: checking for thread-safe API functions
configure:10863: result: yes
configure:10983: checking that generated files are newer than configure
configure:10989: result: done
configure:11200: creating ./config.status

## ---------------------- ##
## Running config.status. ##
## ---------------------- ##

This file was extended by alsa-lib config.status 1.1.9, which was
generated by GNU Autoconf 2.69.  Invocation command line was

  CONFIG_FILES    = 
  CONFIG_HEADERS  = 
  CONFIG_LINKS    = 
  CONFIG_COMMANDS = 
  $ ./config.status 

on minaduki-portable-ubuntu

config.status:1321: creating Makefile
config.status:1321: creating doc/Makefile
config.status:1321: creating doc/pictures/Makefile
config.status:1321: creating doc/doxygen.cfg
config.status:1321: creating include/Makefile
config.status:1321: creating include/sound/Makefile
config.status:1321: creating src/Versions
config.status:1321: creating src/Makefile
config.status:1321: creating src/control/Makefile
config.status:1321: creating src/mixer/Makefile
config.status:1321: creating src/pcm/Makefile
config.status:1321: creating src/pcm/scopes/Makefile
config.status:1321: creating src/rawmidi/Makefile
config.status:1321: creating src/timer/Makefile
config.status:1321: creating src/hwdep/Makefile
config.status:1321: creating src/seq/Makefile
config.status:1321: creating src/ucm/Makefile
config.status:1321: creating src/alisp/Makefile
config.status:1321: creating src/topology/Makefile
config.status:1321: creating src/conf/Makefile
config.status:1321: creating src/conf/cards/Makefile
config.status:1321: creating src/conf/pcm/Makefile
config.status:1321: creating src/conf/ucm/Makefile
config.status:1321: creating src/conf/ucm/ASUSTeKCOMPUTERINC.-T100HAN-1.0-T100HAN/Makefile
config.status:1321: creating src/conf/ucm/broadwell-rt286/Makefile
config.status:1321: creating src/conf/ucm/broxton-rt298/Makefile
config.status:1321: creating src/conf/ucm/bytcht-es8316/Makefile
config.status:1321: creating src/conf/ucm/bytcht-es8316-mono-spk-in1-mic/Makefile
config.status:1321: creating src/conf/ucm/bytcht-es8316-mono-spk-in2-mic/Makefile
config.status:1321: creating src/conf/ucm/bytcht-es8316-stereo-spk-in1-mic/Makefile
config.status:1321: creating src/conf/ucm/bytcht-es8316-stereo-spk-in2-mic/Makefile
config.status:1321: creating src/conf/ucm/bytcr-rt5640/Makefile
config.status:1321: creating src/conf/ucm/bytcr-rt5640-mono-spk-dmic1-mic/Makefile
config.status:1321: creating src/conf/ucm/bytcr-rt5640-mono-spk-in1-mic/Makefile
config.status:1321: creating src/conf/ucm/bytcr-rt5640-mono-spk-in3-mic/Makefile
config.status:1321: creating src/conf/ucm/bytcr-rt5640-stereo-spk-dmic1-mic/Makefile
config.status:1321: creating src/conf/ucm/bytcr-rt5640-stereo-spk-in1-mic/Makefile
config.status:1321: creating src/conf/ucm/bytcr-rt5640-stereo-spk-in3-mic/Makefile
config.status:1321: creating src/conf/ucm/bytcr-rt5651/Makefile
config.status:1321: creating src/conf/ucm/bytcr-rt5651-mono-spk-in1-mic/Makefile
config.status:1321: creating src/conf/ucm/bytcr-rt5651-mono-spk-in2-mic/Makefile
config.status:1321: creating src/conf/ucm/bytcr-rt5651-mono-spk-in2-mic-hp-swapped/Makefile
config.status:1321: creating src/conf/ucm/bytcr-rt5651-stereo-spk-dmic-mic/Makefile
config.status:1321: creating src/conf/ucm/bytcr-rt5651-stereo-spk-in1-mic/Makefile
config.status:1321: creating src/conf/ucm/bytcr-rt5651-stereo-spk-in2-mic/Makefile
config.status:1321: creating src/conf/ucm/bytcr-rt5651-stereo-spk-in12-mic/Makefile
config.status:1321: creating src/conf/ucm/chtnau8824/Makefile
config.status:1321: creating src/conf/ucm/chtrt5645/Makefile
config.status:1321: creating src/conf/ucm/chtrt5645-mono-speaker-analog-mic/Makefile
config.status:1321: creating src/conf/ucm/chtrt5650/Makefile
config.status:1321: creating src/conf/ucm/cube-i1_TF-Defaultstring-CherryTrailCR/Makefile
config.status:1321: creating src/conf/ucm/DAISY-I2S/Makefile
config.status:1321: creating src/conf/ucm/DB410c/Makefile
config.status:1321: creating src/conf/ucm/DB820c/Makefile
config.status:1321: creating src/conf/ucm/Dell-WD15-Dock/Makefile
config.status:1321: creating src/conf/ucm/GoogleNyan/Makefile
config.status:1321: creating src/conf/ucm/gpd-win-pocket-rt5645/Makefile
config.status:1321: creating src/conf/ucm/HDAudio-Gigabyte-ALC1220DualCodecs/Makefile
config.status:1321: creating src/conf/ucm/HDAudio-Lenovo-DualCodecs/Makefile
config.status:1321: creating src/conf/ucm/kblrt5660/Makefile
config.status:1321: creating src/conf/ucm/LENOVO-80XF-LenovoMIIX320_10ICR-LNVNB161216/Makefile
config.status:1321: creating src/conf/ucm/PandaBoard/Makefile
config.status:1321: creating src/conf/ucm/PandaBoardES/Makefile
config.status:1321: creating src/conf/ucm/PAZ00/Makefile
config.status:1321: creating src/conf/ucm/PIPO-W2S-Defaultstring-CherryTrailCR/Makefile
config.status:1321: creating src/conf/ucm/SDP4430/Makefile
config.status:1321: creating src/conf/ucm/skylake-rt286/Makefile
config.status:1321: creating src/conf/ucm/TECLAST-X80Pro-Defaultstring-CherryTrailCR/Makefile
config.status:1321: creating src/conf/ucm/tegraalc5632/Makefile
config.status:1321: creating src/conf/ucm/VEYRON-I2S/Makefile
config.status:1321: creating src/conf/ucm/codecs/Makefile
config.status:1321: creating src/conf/ucm/codecs/es8316/Makefile
config.status:1321: creating src/conf/ucm/codecs/nau8824/Makefile
config.status:1321: creating src/conf/ucm/codecs/rt5640/Makefile
config.status:1321: creating src/conf/ucm/codecs/rt5645/Makefile
config.status:1321: creating src/conf/ucm/codecs/rt5651/Makefile
config.status:1321: creating src/conf/ucm/platforms/Makefile
config.status:1321: creating src/conf/ucm/platforms/bytcr/Makefile
config.status:1321: creating src/conf/topology/Makefile
config.status:1321: creating src/conf/topology/broadwell/Makefile
config.status:1321: creating modules/Makefile
config.status:1321: creating modules/mixer/Makefile
config.status:1321: creating modules/mixer/simple/Makefile
config.status:1321: creating src/conf/topology/sklrt286/Makefile
config.status:1321: creating src/conf/topology/bxtrt298/Makefile
config.status:1321: creating alsalisp/Makefile
config.status:1321: creating aserver/Makefile
config.status:1321: creating test/Makefile
config.status:1321: creating test/lsb/Makefile
config.status:1321: creating utils/Makefile
config.status:1321: creating utils/alsa-lib.spec
config.status:1321: creating utils/alsa.pc
config.status:1321: creating include/config.h
config.status:1502: include/config.h is unchanged
config.status:1550: executing depfiles commands
config.status:1627: cd src       && sed -e '/# am--include-marker/d' Makefile         | make -f - am--depfiles
make: Nothing to be done for 'am--depfiles'.
config.status:1632: $? = 0
config.status:1627: cd src/control       && sed -e '/# am--include-marker/d' Makefile         | make -f - am--depfiles
make: Nothing to be done for 'am--depfiles'.
config.status:1632: $? = 0
config.status:1627: cd src/mixer       && sed -e '/# am--include-marker/d' Makefile         | make -f - am--depfiles
make: Nothing to be done for 'am--depfiles'.
config.status:1632: $? = 0
config.status:1627: cd src/pcm       && sed -e '/# am--include-marker/d' Makefile         | make -f - am--depfiles
make: Nothing to be done for 'am--depfiles'.
config.status:1632: $? = 0
config.status:1627: cd src/pcm/scopes       && sed -e '/# am--include-marker/d' Makefile         | make -f - am--depfiles
make: Nothing to be done for 'am--depfiles'.
config.status:1632: $? = 0
config.status:1627: cd src/rawmidi       && sed -e '/# am--include-marker/d' Makefile         | make -f - am--depfiles
make: Nothing to be done for 'am--depfiles'.
config.status:1632: $? = 0
config.status:1627: cd src/timer       && sed -e '/# am--include-marker/d' Makefile         | make -f - am--depfiles
make: Nothing to be done for 'am--depfiles'.
config.status:1632: $? = 0
config.status:1627: cd src/hwdep       && sed -e '/# am--include-marker/d' Makefile         | make -f - am--depfiles
make: Nothing to be done for 'am--depfiles'.
config.status:1632: $? = 0
config.status:1627: cd src/seq       && sed -e '/# am--include-marker/d' Makefile         | make -f - am--depfiles
make: Nothing to be done for 'am--depfiles'.
config.status:1632: $? = 0
config.status:1627: cd src/ucm       && sed -e '/# am--include-marker/d' Makefile         | make -f - am--depfiles
make: Nothing to be done for 'am--depfiles'.
config.status:1632: $? = 0
config.status:1627: cd src/alisp       && sed -e '/# am--include-marker/d' Makefile         | make -f - am--depfiles
make: Nothing to be done for 'am--depfiles'.
config.status:1632: $? = 0
config.status:1627: cd src/topology       && sed -e '/# am--include-marker/d' Makefile         | make -f - am--depfiles
make: Nothing to be done for 'am--depfiles'.
config.status:1632: $? = 0
config.status:1627: cd modules/mixer/simple       && sed -e '/# am--include-marker/d' Makefile         | make -f - am--depfiles
make: Nothing to be done for 'am--depfiles'.
config.status:1632: $? = 0
config.status:1627: cd alsalisp       && sed -e '/# am--include-marker/d' Makefile         | make -f - am--depfiles
make: Nothing to be done for 'am--depfiles'.
config.status:1632: $? = 0
config.status:1627: cd aserver       && sed -e '/# am--include-marker/d' Makefile         | make -f - am--depfiles
make: Nothing to be done for 'am--depfiles'.
config.status:1632: $? = 0
config.status:1627: cd test       && sed -e '/# am--include-marker/d' Makefile         | make -f - am--depfiles
make: Nothing to be done for 'am--depfiles'.
config.status:1632: $? = 0
config.status:1627: cd test/lsb       && sed -e '/# am--include-marker/d' Makefile         | make -f - am--depfiles
make: Nothing to be done for 'am--depfiles'.
config.status:1632: $? = 0
config.status:1550: executing libtool commands

## ---------------- ##
## Cache variables. ##
## ---------------- ##

ac_cv_build=x86_64-pc-linux-gnu
ac_cv_c_compiler_gnu=yes
ac_cv_c_const=yes
ac_cv_c_inline=inline
ac_cv_env_CC_set=set
ac_cv_env_CC_value=arm-linux-gnueabihf-gcc
ac_cv_env_CFLAGS_set=
ac_cv_env_CFLAGS_value=
ac_cv_env_CPPFLAGS_set=
ac_cv_env_CPPFLAGS_value=
ac_cv_env_CPP_set=
ac_cv_env_CPP_value=
ac_cv_env_LDFLAGS_set=
ac_cv_env_LDFLAGS_value=
ac_cv_env_LIBS_set=
ac_cv_env_LIBS_value=
ac_cv_env_LT_SYS_LIBRARY_PATH_set=
ac_cv_env_LT_SYS_LIBRARY_PATH_value=
ac_cv_env_build_alias_set=
ac_cv_env_build_alias_value=
ac_cv_env_host_alias_set=set
ac_cv_env_host_alias_value=arm-linux-gnueabihf
ac_cv_env_target_alias_set=set
ac_cv_env_target_alias_value=arm-linux
ac_cv_func_dlopen=no
ac_cv_func_shl_load=no
ac_cv_func_uselocale=yes
ac_cv_have_decl_PTHREAD_MUTEX_RECURSIVE=yes
ac_cv_header_dlfcn_h=yes
ac_cv_header_endian_h=yes
ac_cv_header_inttypes_h=yes
ac_cv_header_memory_h=yes
ac_cv_header_minix_config_h=no
ac_cv_header_stdc=yes
ac_cv_header_stdint_h=yes
ac_cv_header_stdlib_h=yes
ac_cv_header_string_h=yes
ac_cv_header_strings_h=yes
ac_cv_header_sys_endian_h=no
ac_cv_header_sys_shm_h=yes
ac_cv_header_sys_stat_h=yes
ac_cv_header_sys_types_h=yes
ac_cv_header_time=yes
ac_cv_header_unistd_h=yes
ac_cv_host=arm-unknown-linux-gnueabihf
ac_cv_lib_dl_dlopen=yes
ac_cv_lib_dl_dlsym=yes
ac_cv_lib_dld_shl_load=no
ac_cv_lib_pthread_pthread_join=yes
ac_cv_lib_rt_clock_gettime=yes
ac_cv_objext=o
ac_cv_path_EGREP='/usr/bin/grep -E'
ac_cv_path_FGREP='/usr/bin/grep -F'
ac_cv_path_GREP=/usr/bin/grep
ac_cv_path_SED=/usr/bin/sed
ac_cv_path_install='/usr/bin/install -c'
ac_cv_path_lt_DD=/usr/bin/dd
ac_cv_path_mkdir=/usr/bin/mkdir
ac_cv_prog_AR=arm-linux-gnueabihf-ar
ac_cv_prog_AWK=mawk
ac_cv_prog_CC=arm-linux-gnueabihf-gcc
ac_cv_prog_CPP='arm-linux-gnueabihf-gcc -E'
ac_cv_prog_OBJDUMP=arm-linux-gnueabihf-objdump
ac_cv_prog_RANLIB=arm-linux-gnueabihf-ranlib
ac_cv_prog_STRIP=arm-linux-gnueabihf-strip
ac_cv_prog_ac_ct_MANIFEST_TOOL=mt
ac_cv_prog_cc_c89=
ac_cv_prog_cc_g=yes
ac_cv_prog_gcc_traditional=no
ac_cv_prog_make_make_set=yes
ac_cv_safe_to_define___extensions__=yes
am_cv_CC_dependencies_compiler_type=gcc3
am_cv_make_support_nested_variables=yes
am_cv_prog_cc_c_o=yes
cc_cv_ldflags__Wl___no_undefined=yes
lt_cv_ar_at_file=@
lt_cv_deplibs_check_method=pass_all
lt_cv_dlopen=dlopen
lt_cv_dlopen_libs=-ldl
lt_cv_dlopen_self=cross
lt_cv_file_magic_cmd='$MAGIC_CMD'
lt_cv_file_magic_test_file=
lt_cv_ld_reload_flag=-r
lt_cv_nm_interface='BSD nm'
lt_cv_objdir=.libs
lt_cv_path_LD=/usr/arm-linux-gnueabihf/bin/ld
lt_cv_path_NM='/usr/bin/arm-linux-gnueabihf-nm -B'
lt_cv_path_mainfest_tool=no
lt_cv_prog_compiler_c_o=yes
lt_cv_prog_compiler_pic='-fPIC -DPIC'
lt_cv_prog_compiler_pic_works=yes
lt_cv_prog_compiler_rtti_exceptions=no
lt_cv_prog_compiler_static_works=yes
lt_cv_prog_gnu_ld=yes
lt_cv_sharedlib_from_linklib_cmd='printf %s\n'
lt_cv_shlibpath_overrides_runpath=yes
lt_cv_sys_global_symbol_pipe='sed -n -e '\''s/^.*[	 ]\([ABCDGIRSTW][ABCDGIRSTW]*\)[	 ][	 ]*\([_A-Za-z][_A-Za-z0-9]*\)$/\1 \2 \2/p'\'' | sed '\''/ __gnu_lto/d'\'''
lt_cv_sys_global_symbol_to_c_name_address='sed -n -e '\''s/^: \(.*\) .*$/  {"\1", (void *) 0},/p'\'' -e '\''s/^[ABCDGIRSTW][ABCDGIRSTW]* .* \(.*\)$/  {"\1", (void *) \&\1},/p'\'''
lt_cv_sys_global_symbol_to_c_name_address_lib_prefix='sed -n -e '\''s/^: \(.*\) .*$/  {"\1", (void *) 0},/p'\'' -e '\''s/^[ABCDGIRSTW][ABCDGIRSTW]* .* \(lib.*\)$/  {"\1", (void *) \&\1},/p'\'' -e '\''s/^[ABCDGIRSTW][ABCDGIRSTW]* .* \(.*\)$/  {"lib\1", (void *) \&\1},/p'\'''
lt_cv_sys_global_symbol_to_cdecl='sed -n -e '\''s/^T .* \(.*\)$/extern int \1();/p'\'' -e '\''s/^[ABCDGIRSTW][ABCDGIRSTW]* .* \(.*\)$/extern char \1;/p'\'''
lt_cv_sys_global_symbol_to_import=
lt_cv_sys_max_cmd_len=1572864
lt_cv_to_host_file_cmd=func_convert_file_noop
lt_cv_to_tool_file_cmd=func_convert_file_noop
lt_cv_truncate_bin='/usr/bin/dd bs=4096 count=1'

## ----------------- ##
## Output variables. ##
## ----------------- ##

ACLOCAL='${SHELL} /home/minaduki/Desktop/Beaglebone_Proj/mplayer/src/alsa-lib-1.1.9/missing aclocal-1.16'
ALSA_CONFIG_DIR='/home/minaduki/Desktop/Beaglebone_Proj/mplayer/install/alsa-lib/share/alsa'
ALSA_DEPLIBS='-lm -ldl -lpthread -lrt'
ALSA_PKGCONF_DIR='/home/minaduki/Desktop/Beaglebone_Proj/mplayer/install/alsa-lib/lib/pkgconfig'
ALSA_PLUGIN_DIR='/home/minaduki/Desktop/Beaglebone_Proj/mplayer/install/alsa-lib/lib/alsa-lib'
AMDEPBACKSLASH='\'
AMDEP_FALSE='#'
AMDEP_TRUE=''
AMTAR='$${TAR-tar}'
AM_BACKSLASH='\'
AM_DEFAULT_V='$(AM_DEFAULT_VERBOSITY)'
AM_DEFAULT_VERBOSITY='0'
AM_V='$(V)'
AR='arm-linux-gnueabihf-ar'
AUTOCONF='${SHELL} /home/minaduki/Desktop/Beaglebone_Proj/mplayer/src/alsa-lib-1.1.9/missing autoconf'
AUTOHEADER='${SHELL} /home/minaduki/Desktop/Beaglebone_Proj/mplayer/src/alsa-lib-1.1.9/missing autoheader'
AUTOMAKE='${SHELL} /home/minaduki/Desktop/Beaglebone_Proj/mplayer/src/alsa-lib-1.1.9/missing automake-1.16'
AWK='mawk'
BUILD_ALISP_FALSE=''
BUILD_ALISP_TRUE='#'
BUILD_CTL_PLUGIN_EXT_FALSE='#'
BUILD_CTL_PLUGIN_EXT_TRUE=''
BUILD_CTL_PLUGIN_FALSE='#'
BUILD_CTL_PLUGIN_SHM_FALSE='#'
BUILD_CTL_PLUGIN_SHM_TRUE=''
BUILD_CTL_PLUGIN_TRUE=''
BUILD_HWDEP_FALSE='#'
BUILD_HWDEP_TRUE=''
BUILD_MIXER_FALSE='#'
BUILD_MIXER_MODULES_FALSE=''
BUILD_MIXER_MODULES_TRUE='#'
BUILD_MIXER_PYMODULES_FALSE=''
BUILD_MIXER_PYMODULES_TRUE='#'
BUILD_MIXER_TRUE=''
BUILD_MODULES_FALSE='#'
BUILD_MODULES_TRUE=''
BUILD_PCM_FALSE='#'
BUILD_PCM_PLUGIN_ADPCM_FALSE='#'
BUILD_PCM_PLUGIN_ADPCM_TRUE=''
BUILD_PCM_PLUGIN_ALAW_FALSE='#'
BUILD_PCM_PLUGIN_ALAW_TRUE=''
BUILD_PCM_PLUGIN_ASYM_FALSE='#'
BUILD_PCM_PLUGIN_ASYM_TRUE=''
BUILD_PCM_PLUGIN_COPY_FALSE='#'
BUILD_PCM_PLUGIN_COPY_TRUE=''
BUILD_PCM_PLUGIN_DMIX_FALSE='#'
BUILD_PCM_PLUGIN_DMIX_TRUE=''
BUILD_PCM_PLUGIN_DSHARE_FALSE='#'
BUILD_PCM_PLUGIN_DSHARE_TRUE=''
BUILD_PCM_PLUGIN_DSNOOP_FALSE='#'
BUILD_PCM_PLUGIN_DSNOOP_TRUE=''
BUILD_PCM_PLUGIN_EMPTY_FALSE='#'
BUILD_PCM_PLUGIN_EMPTY_TRUE=''
BUILD_PCM_PLUGIN_EXTPLUG_FALSE='#'
BUILD_PCM_PLUGIN_EXTPLUG_TRUE=''
BUILD_PCM_PLUGIN_FALSE='#'
BUILD_PCM_PLUGIN_FILE_FALSE='#'
BUILD_PCM_PLUGIN_FILE_TRUE=''
BUILD_PCM_PLUGIN_HOOKS_FALSE='#'
BUILD_PCM_PLUGIN_HOOKS_TRUE=''
BUILD_PCM_PLUGIN_IEC958_FALSE='#'
BUILD_PCM_PLUGIN_IEC958_TRUE=''
BUILD_PCM_PLUGIN_IOPLUG_FALSE='#'
BUILD_PCM_PLUGIN_IOPLUG_TRUE=''
BUILD_PCM_PLUGIN_LADSPA_FALSE='#'
BUILD_PCM_PLUGIN_LADSPA_TRUE=''
BUILD_PCM_PLUGIN_LFLOAT_FALSE='#'
BUILD_PCM_PLUGIN_LFLOAT_TRUE=''
BUILD_PCM_PLUGIN_LINEAR_FALSE='#'
BUILD_PCM_PLUGIN_LINEAR_TRUE=''
BUILD_PCM_PLUGIN_METER_FALSE='#'
BUILD_PCM_PLUGIN_METER_TRUE=''
BUILD_PCM_PLUGIN_MMAP_EMUL_FALSE='#'
BUILD_PCM_PLUGIN_MMAP_EMUL_TRUE=''
BUILD_PCM_PLUGIN_MULAW_FALSE='#'
BUILD_PCM_PLUGIN_MULAW_TRUE=''
BUILD_PCM_PLUGIN_MULTI_FALSE='#'
BUILD_PCM_PLUGIN_MULTI_TRUE=''
BUILD_PCM_PLUGIN_NULL_FALSE='#'
BUILD_PCM_PLUGIN_NULL_TRUE=''
BUILD_PCM_PLUGIN_PLUG_FALSE='#'
BUILD_PCM_PLUGIN_PLUG_TRUE=''
BUILD_PCM_PLUGIN_RATE_FALSE='#'
BUILD_PCM_PLUGIN_RATE_TRUE=''
BUILD_PCM_PLUGIN_ROUTE_FALSE='#'
BUILD_PCM_PLUGIN_ROUTE_TRUE=''
BUILD_PCM_PLUGIN_SHARE_FALSE='#'
BUILD_PCM_PLUGIN_SHARE_TRUE=''
BUILD_PCM_PLUGIN_SHM_FALSE='#'
BUILD_PCM_PLUGIN_SHM_TRUE=''
BUILD_PCM_PLUGIN_SOFTVOL_FALSE='#'
BUILD_PCM_PLUGIN_SOFTVOL_TRUE=''
BUILD_PCM_PLUGIN_TRUE=''
BUILD_PCM_TRUE=''
BUILD_RAWMIDI_FALSE='#'
BUILD_RAWMIDI_TRUE=''
BUILD_SEQ_FALSE='#'
BUILD_SEQ_TRUE=''
BUILD_TOPOLOGY_FALSE='#'
BUILD_TOPOLOGY_TRUE=''
BUILD_UCM_FALSE='#'
BUILD_UCM_TRUE=''
CC='arm-linux-gnueabihf-gcc'
CCDEPMODE='depmode=gcc3'
CFLAGS='-g -O2'
CPP='arm-linux-gnueabihf-gcc -E'
CPPFLAGS=''
CYGPATH_W='echo'
DEFS='-DHAVE_CONFIG_H'
DEPDIR='.deps'
DLLTOOL='false'
DSYMUTIL=''
DUMPBIN=''
ECHO_C=''
ECHO_N='-n'
ECHO_T=''
EGREP='/usr/bin/grep -E'
EXEEXT=''
FGREP='/usr/bin/grep -F'
GREP='/usr/bin/grep'
INSTALL_DATA='${INSTALL} -m 644'
INSTALL_M4_FALSE='#'
INSTALL_M4_TRUE=''
INSTALL_PROGRAM='${INSTALL}'
INSTALL_SCRIPT='${INSTALL}'
INSTALL_STRIP_PROGRAM='$(install_sh) -c -s'
KEEP_OLD_SYMBOLS_FALSE='#'
KEEP_OLD_SYMBOLS_TRUE=''
LD='/usr/arm-linux-gnueabihf/bin/ld'
LDFLAGS=''
LDFLAGS_NOUNDEFINED='-Wl,--no-undefined'
LIBOBJS=''
LIBS=''
LIBTOOL='$(SHELL) $(top_builddir)/libtool'
LIBTOOL_VERSION_INFO='2:0:0'
LIPO=''
LN_S='ln -s'
LTLIBOBJS=''
LT_SYS_LIBRARY_PATH=''
MAINT=''
MAINTAINER_MODE_FALSE='#'
MAINTAINER_MODE_TRUE=''
MAKEINFO='${SHELL} /home/minaduki/Desktop/Beaglebone_Proj/mplayer/src/alsa-lib-1.1.9/missing makeinfo'
MANIFEST_TOOL=':'
MKDIR_P='/usr/bin/mkdir -p'
NM='/usr/bin/arm-linux-gnueabihf-nm -B'
NMEDIT=''
OBJDUMP='arm-linux-gnueabihf-objdump'
OBJEXT='o'
OTOOL64=''
OTOOL=''
PACKAGE='alsa-lib'
PACKAGE_BUGREPORT=''
PACKAGE_NAME='alsa-lib'
PACKAGE_STRING='alsa-lib 1.1.9'
PACKAGE_TARNAME='alsa-lib'
PACKAGE_URL=''
PACKAGE_VERSION='1.1.9'
PATH_SEPARATOR=':'
PYTHON_INCLUDES=''
PYTHON_LIBS=''
RANLIB='arm-linux-gnueabihf-ranlib'
SED='/usr/bin/sed'
SET_MAKE=''
SHELL='/bin/bash'
SND_LIB_EXTRAVER='1000000'
SND_LIB_MAJOR='1'
SND_LIB_MINOR='1'
SND_LIB_SUBMINOR='9'
SND_LIB_VERSION='1.1.9'
STRIP='arm-linux-gnueabihf-strip'
SYMBOLIC_FUNCTIONS_FALSE=''
SYMBOLIC_FUNCTIONS_TRUE='#'
SYMBOL_PREFIX=''
VERSION='1.1.9'
VERSIONED_SYMBOLS_FALSE='#'
VERSIONED_SYMBOLS_TRUE=''
ac_ct_AR=''
ac_ct_CC=''
ac_ct_DUMPBIN=''
am__EXEEXT_FALSE=''
am__EXEEXT_TRUE='#'
am__fastdepCC_FALSE='#'
am__fastdepCC_TRUE=''
am__include='include'
am__isrc=''
am__leading_dot='.'
am__nodep='_no'
am__quote=''
am__tar='$${TAR-tar} chof - "$$tardir"'
am__untar='$${TAR-tar} xf -'
bindir='${exec_prefix}/bin'
build='x86_64-pc-linux-gnu'
build_alias=''
build_cpu='x86_64'
build_os='linux-gnu'
build_vendor='pc'
datadir='${datarootdir}'
datarootdir='${prefix}/share'
docdir='${datarootdir}/doc/${PACKAGE_TARNAME}'
dvidir='${docdir}'
exec_prefix='/home/minaduki/Desktop/Beaglebone_Proj/mplayer/install/alsa-lib'
host='arm-unknown-linux-gnueabihf'
host_alias='arm-linux-gnueabihf'
host_cpu='arm'
host_os='linux-gnueabihf'
host_vendor='unknown'
htmldir='${docdir}'
includedir='${prefix}/include'
infodir='${datarootdir}/info'
install_sh='${SHELL} /home/minaduki/Desktop/Beaglebone_Proj/mplayer/src/alsa-lib-1.1.9/install-sh'
libdir='${exec_prefix}/lib'
libexecdir='${exec_prefix}/libexec'
localedir='${datarootdir}/locale'
localstatedir='${prefix}/var'
mandir='${datarootdir}/man'
mkdir_p='$(MKDIR_P)'
oldincludedir='/usr/include'
pdfdir='${docdir}'
prefix='/home/minaduki/Desktop/Beaglebone_Proj/mplayer/install/alsa-lib'
program_transform_name='s,x,x,'
psdir='${docdir}'
sbindir='${exec_prefix}/sbin'
sharedstatedir='${prefix}/com'
sysconfdir='${prefix}/etc'
target_alias='arm-linux'

## ----------- ##
## confdefs.h. ##
## ----------- ##

/* confdefs.h */
#define PACKAGE_NAME "alsa-lib"
#define PACKAGE_TARNAME "alsa-lib"
#define PACKAGE_VERSION "1.1.9"
#define PACKAGE_STRING "alsa-lib 1.1.9"
#define PACKAGE_BUGREPORT ""
#define PACKAGE_URL ""
#define PACKAGE "alsa-lib"
#define VERSION "1.1.9"
#define STDC_HEADERS 1
#define HAVE_SYS_TYPES_H 1
#define HAVE_SYS_STAT_H 1
#define HAVE_STDLIB_H 1
#define HAVE_STRING_H 1
#define HAVE_MEMORY_H 1
#define HAVE_STRINGS_H 1
#define HAVE_INTTYPES_H 1
#define HAVE_STDINT_H 1
#define HAVE_UNISTD_H 1
#define __EXTENSIONS__ 1
#define _ALL_SOURCE 1
#define _GNU_SOURCE 1
#define _POSIX_PTHREAD_SEMANTICS 1
#define _TANDEM_SOURCE 1
#define HAVE_DLFCN_H 1
#define LT_OBJDIR ".libs/"
#define STDC_HEADERS 1
#define TIME_WITH_SYS_TIME 1
#define HAVE_USELOCALE 1
#define VERSION "1.1.9"
#define ALSA_CONFIG_DIR "/home/minaduki/Desktop/Beaglebone_Proj/mplayer/install/alsa-lib/share/alsa"
#define ALSA_PLUGIN_DIR "/home/minaduki/Desktop/Beaglebone_Proj/mplayer/install/alsa-lib/lib/alsa-lib"
#define ALSA_PKGCONF_DIR "/home/minaduki/Desktop/Beaglebone_Proj/mplayer/install/alsa-lib/lib/pkgconfig"
#define VERSIONED_SYMBOLS /**/
#define __SYMBOL_PREFIX ""
#define TMPDIR "/tmp"
#define HAVE_LIBDL 1
#define HAVE_LIBPTHREAD 1
#define HAVE_PTHREAD_MUTEX_RECURSIVE /**/
#define HAVE___THREAD 1
#define HAVE_LIBRT 1
#define HAVE_CLOCK_GETTIME 1
#define HAVE_ENDIAN_H 1
#define HAVE_SYS_SHM_H 1
#define SUPPORT_ALOAD "1"
#define ALSA_DEVICE_DIRECTORY "/dev/snd/"
#define ALOAD_DEVICE_DIRECTORY "/dev/"
#define BUILD_MIXER "1"
#define BUILD_PCM "1"
#define BUILD_RAWMIDI "1"
#define BUILD_HWDEP "1"
#define BUILD_SEQ "1"
#define BUILD_UCM "1"
#define BUILD_TOPOLOGY "1"
#define BUILD_PCM_PLUGIN_RATE "1"
#define BUILD_PCM_PLUGIN_ROUTE "1"
#define BUILD_PCM_PLUGIN_LFLOAT "1"
#define BUILD_PCM_PLUGIN_ADPCM "1"
#define BUILD_PCM_PLUGIN_MULAW "1"
#define BUILD_PCM_PLUGIN_ALAW "1"
#define BUILD_PCM_PLUGIN_MMAP_EMUL "1"
#define SND_MAX_CARDS 32
#define THREAD_SAFE_API "1"

configure: exit 0
