This file contains any messages produced by compilers while
running configure, to aid debugging if configure makes a mistake.

It was created by tslib configure 1.1.0, which was
generated by GNU Autoconf 2.69.  Invocation command line was

  $ ./configure --host=arm-linux-gnueabihf --prefix=/home/minaduki/Desktop/Beaglebone_Proj/touch/tslib_install

## --------- ##
## Platform. ##
## --------- ##

hostname = minaduki-portable-ubuntu
uname -m = x86_64
uname -r = 5.3.0-24-generic
uname -s = Linux
uname -v = #26-Ubuntu SMP Thu Nov 14 01:33:18 UTC 2019

/usr/bin/uname -p = x86_64
/bin/uname -X     = unknown

/bin/arch              = x86_64
/usr/bin/arch -k       = unknown
/usr/convex/getsysinfo = unknown
/usr/bin/hostinfo      = unknown
/bin/machine           = unknown
/usr/bin/oslevel       = unknown
/bin/universe          = unknown

PATH: /usr/local/sbin
PATH: /usr/local/bin
PATH: /usr/sbin
PATH: /usr/bin
PATH: /sbin
PATH: /bin
PATH: /usr/games
PATH: /usr/local/games
PATH: /snap/bin


## ----------- ##
## Core tests. ##
## ----------- ##

configure:2462: checking for a BSD-compatible install
configure:2530: result: /usr/bin/install -c
configure:2541: checking whether build environment is sane
configure:2596: result: yes
configure:2653: checking for arm-linux-gnueabihf-strip
configure:2669: found /usr/bin/arm-linux-gnueabihf-strip
configure:2680: result: arm-linux-gnueabihf-strip
configure:2745: checking for a thread-safe mkdir -p
configure:2784: result: /usr/bin/mkdir -p
configure:2791: checking for gawk
configure:2821: result: no
configure:2791: checking for mawk
configure:2807: found /usr/bin/mawk
configure:2818: result: mawk
configure:2829: checking whether make sets $(MAKE)
configure:2851: result: yes
configure:2880: checking whether make supports nested variables
configure:2897: result: yes
configure:3046: checking for arm-linux-gnueabihf-gcc
configure:3062: found /usr/bin/arm-linux-gnueabihf-gcc
configure:3073: result: arm-linux-gnueabihf-gcc
configure:3342: checking for C compiler version
configure:3351: arm-linux-gnueabihf-gcc --version >&5
arm-linux-gnueabihf-gcc (Ubuntu 9.2.1-9ubuntu2) 9.2.1 20191008
Copyright (C) 2019 Free Software Foundation, Inc.
This is free software; see the source for copying conditions.  There is NO
warranty; not even for MERCHANTABILITY or FITNESS FOR A PARTICULAR PURPOSE.

configure:3362: $? = 0
configure:3351: arm-linux-gnueabihf-gcc -v >&5
Using built-in specs.
COLLECT_GCC=arm-linux-gnueabihf-gcc
COLLECT_LTO_WRAPPER=/usr/lib/gcc-cross/arm-linux-gnueabihf/9/lto-wrapper
Target: arm-linux-gnueabihf
Configured with: ../src/configure -v --with-pkgversion='Ubuntu 9.2.1-9ubuntu2' --with-bugurl=file:///usr/share/doc/gcc-9/README.Bugs --enable-languages=c,ada,c++,go,d,fortran,objc,obj-c++,gm2 --prefix=/usr --with-gcc-major-version-only --program-suffix=-9 --enable-shared --enable-linker-build-id --libexecdir=/usr/lib --without-included-gettext --enable-threads=posix --libdir=/usr/lib --enable-nls --with-sysroot=/ --enable-clocale=gnu --enable-libstdcxx-debug --enable-libstdcxx-time=yes --with-default-libstdcxx-abi=new --enable-gnu-unique-object --disable-libitm --disable-libquadmath --disable-libquadmath-support --enable-plugin --enable-default-pie --with-system-zlib --without-target-system-zlib --enable-libpth-m2 --enable-multiarch --enable-multilib --disable-sjlj-exceptions --with-arch=armv7-a --with-fpu=vfpv3-d16 --with-float=hard --with-mode=thumb --disable-werror --enable-multilib --enable-checking=release --build=x86_64-linux-gnu --host=x86_64-linux-gnu --target=arm-linux-gnueabihf --program-prefix=arm-linux-gnueabihf- --includedir=/usr/arm-linux-gnueabihf/include
Thread model: posix
gcc version 9.2.1 20191008 (Ubuntu 9.2.1-9ubuntu2) 
configure:3362: $? = 0
configure:3351: arm-linux-gnueabihf-gcc -V >&5
arm-linux-gnueabihf-gcc: error: unrecognized command line option '-V'
arm-linux-gnueabihf-gcc: fatal error: no input files
compilation terminated.
configure:3362: $? = 1
configure:3351: arm-linux-gnueabihf-gcc -qversion >&5
arm-linux-gnueabihf-gcc: error: unrecognized command line option '-qversion'; did you mean '--version'?
arm-linux-gnueabihf-gcc: fatal error: no input files
compilation terminated.
configure:3362: $? = 1
configure:3382: checking whether the C compiler works
configure:3404: arm-linux-gnueabihf-gcc -O2 -Wall -W   conftest.c  >&5
configure:3408: $? = 0
configure:3456: result: yes
configure:3459: checking for C compiler default output file name
configure:3461: result: a.out
configure:3467: checking for suffix of executables
configure:3474: arm-linux-gnueabihf-gcc -o conftest -O2 -Wall -W   conftest.c  >&5
configure:3478: $? = 0
configure:3500: result: 
configure:3522: checking whether we are cross compiling
configure:3530: arm-linux-gnueabihf-gcc -o conftest -O2 -Wall -W   conftest.c  >&5
configure:3534: $? = 0
configure:3541: ./conftest
./configure: line 3543: ./conftest: cannot execute binary file: Exec format error
configure:3545: $? = 126
configure:3533: result: yes
configure:3538: checking for suffix of object files
configure:3560: arm-linux-gnueabihf-gcc -c -O2 -Wall -W  conftest.c >&5
configure:3564: $? = 0
configure:3585: result: o
configure:3589: checking whether we are using the GNU C compiler
configure:3608: arm-linux-gnueabihf-gcc -c -O2 -Wall -W  conftest.c >&5
configure:3608: $? = 0
configure:3617: result: yes
configure:3626: checking whether arm-linux-gnueabihf-gcc accepts -g
configure:3646: arm-linux-gnueabihf-gcc -c -g  conftest.c >&5
configure:3646: $? = 0
configure:3687: result: yes
configure:3704: checking for arm-linux-gnueabihf-gcc option to accept ISO C89
configure:3767: arm-linux-gnueabihf-gcc  -c -O2 -Wall -W  conftest.c >&5
configure:3767: $? = 0
configure:3780: result: none needed
configure:3805: checking whether arm-linux-gnueabihf-gcc understands -c and -o together
configure:3827: arm-linux-gnueabihf-gcc -c conftest.c -o conftest2.o
configure:3830: $? = 0
configure:3827: arm-linux-gnueabihf-gcc -c conftest.c -o conftest2.o
configure:3830: $? = 0
configure:3842: result: yes
configure:3862: checking whether make supports the include directive
configure:3877: make -f confmf.GNU && cat confinc.out
this is the am__doit target
configure:3880: $? = 0
configure:3899: result: yes (GNU style)
configure:3924: checking dependency style of arm-linux-gnueabihf-gcc
configure:4035: result: gcc3
configure:4055: checking how to run the C preprocessor
configure:4086: arm-linux-gnueabihf-gcc -E  conftest.c
configure:4086: $? = 0
configure:4100: arm-linux-gnueabihf-gcc -E  conftest.c
conftest.c:11:10: fatal error: ac_nonexistent.h: No such file or directory
   11 | #include <ac_nonexistent.h>
      |          ^~~~~~~~~~~~~~~~~~
compilation terminated.
configure:4100: $? = 1
configure: failed program was:
| /* confdefs.h */
| #define PACKAGE_NAME "tslib"
| #define PACKAGE_TARNAME "tslib"
| #define PACKAGE_VERSION "1.1.0"
| #define PACKAGE_STRING "tslib 1.1.0"
| #define PACKAGE_BUGREPORT "kergoth@handhelds.org"
| #define PACKAGE_URL ""
| #define PACKAGE "tslib"
| #define VERSION "1.1.0"
| /* end confdefs.h.  */
| #include <ac_nonexistent.h>
configure:4125: result: arm-linux-gnueabihf-gcc -E
configure:4145: arm-linux-gnueabihf-gcc -E  conftest.c
configure:4145: $? = 0
configure:4159: arm-linux-gnueabihf-gcc -E  conftest.c
conftest.c:11:10: fatal error: ac_nonexistent.h: No such file or directory
   11 | #include <ac_nonexistent.h>
      |          ^~~~~~~~~~~~~~~~~~
compilation terminated.
configure:4159: $? = 1
configure: failed program was:
| /* confdefs.h */
| #define PACKAGE_NAME "tslib"
| #define PACKAGE_TARNAME "tslib"
| #define PACKAGE_VERSION "1.1.0"
| #define PACKAGE_STRING "tslib 1.1.0"
| #define PACKAGE_BUGREPORT "kergoth@handhelds.org"
| #define PACKAGE_URL ""
| #define PACKAGE "tslib"
| #define VERSION "1.1.0"
| /* end confdefs.h.  */
| #include <ac_nonexistent.h>
configure:4191: checking whether the C compiler supports -fvisibility=hidden
configure:4208: arm-linux-gnueabihf-gcc -c -fvisibility=hidden -O2 -Wall -W  conftest.c >&5
configure:4208: $? = 0
configure:4216: result: yes
configure:4224: checking whether to use -fvisibility=hidden
configure:4237: result: yes
configure:4247: checking whether ln -s works
configure:4251: result: yes
configure:4258: checking whether make sets $(MAKE)
configure:4280: result: yes
configure:4384: checking build system type
configure:4398: result: x86_64-pc-linux-gnu
configure:4418: checking host system type
configure:4431: result: arm-unknown-linux-gnueabihf
configure:4472: checking how to print strings
configure:4499: result: printf
configure:4520: checking for a sed that does not truncate output
configure:4584: result: /usr/bin/sed
configure:4602: checking for grep that handles long lines and -e
configure:4660: result: /usr/bin/grep
configure:4665: checking for egrep
configure:4727: result: /usr/bin/grep -E
configure:4732: checking for fgrep
configure:4794: result: /usr/bin/grep -F
configure:4829: checking for ld used by arm-linux-gnueabihf-gcc
configure:4896: result: /usr/arm-linux-gnueabihf/bin/ld
configure:4903: checking if the linker (/usr/arm-linux-gnueabihf/bin/ld) is GNU ld
configure:4918: result: yes
configure:4930: checking for BSD- or MS-compatible name lister (nm)
configure:4984: result: /usr/bin/arm-linux-gnueabihf-nm -B
configure:5114: checking the name lister (/usr/bin/arm-linux-gnueabihf-nm -B) interface
configure:5121: arm-linux-gnueabihf-gcc -c -DGCC_HASCLASSVISIBILITY -O2 -Wall -W  conftest.c >&5
configure:5124: /usr/bin/arm-linux-gnueabihf-nm -B "conftest.o"
configure:5127: output
00000000 B some_variable
configure:5128: result: BSD nm
configure:5132: checking the maximum length of command line arguments
configure:5263: result: 1572864
configure:5311: checking how to convert x86_64-pc-linux-gnu file names to arm-unknown-linux-gnueabihf format
configure:5351: result: func_convert_file_noop
configure:5358: checking how to convert x86_64-pc-linux-gnu file names to toolchain format
configure:5378: result: func_convert_file_noop
configure:5385: checking for /usr/arm-linux-gnueabihf/bin/ld option to reload object files
configure:5392: result: -r
configure:5426: checking for arm-linux-gnueabihf-objdump
configure:5442: found /usr/bin/arm-linux-gnueabihf-objdump
configure:5453: result: arm-linux-gnueabihf-objdump
configure:5525: checking how to recognize dependent libraries
configure:5725: result: pass_all
configure:5770: checking for arm-linux-gnueabihf-dlltool
configure:5800: result: no
configure:5810: checking for dlltool
configure:5840: result: no
configure:5870: checking how to associate runtime and link libraries
configure:5897: result: printf %s\n
configure:5913: checking for arm-linux-gnueabihf-ar
configure:5929: found /usr/bin/arm-linux-gnueabihf-ar
configure:5940: result: arm-linux-gnueabihf-ar
configure:6021: checking for archiver @FILE support
configure:6038: arm-linux-gnueabihf-gcc -c -DGCC_HASCLASSVISIBILITY -O2 -Wall -W  conftest.c >&5
configure:6038: $? = 0
configure:6041: arm-linux-gnueabihf-ar cru libconftest.a @conftest.lst >&5
arm-linux-gnueabihf-ar: `u' modifier ignored since `D' is the default (see `U')
configure:6044: $? = 0
configure:6049: arm-linux-gnueabihf-ar cru libconftest.a @conftest.lst >&5
arm-linux-gnueabihf-ar: `u' modifier ignored since `D' is the default (see `U')
arm-linux-gnueabihf-ar: conftest.o: No such file or directory
configure:6052: $? = 1
configure:6051: result: @
configure:6069: checking for arm-linux-gnueabihf-strip
configure:6096: result: arm-linux-gnueabihf-strip
configure:6168: checking for arm-linux-gnueabihf-ranlib
configure:6184: found /usr/bin/arm-linux-gnueabihf-ranlib
configure:6195: result: arm-linux-gnueabihf-ranlib
configure:6337: checking command to parse /usr/bin/arm-linux-gnueabihf-nm -B output from arm-linux-gnueabihf-gcc object
configure:6490: arm-linux-gnueabihf-gcc -c -DGCC_HASCLASSVISIBILITY -O2 -Wall -W  conftest.c >&5
configure:6493: $? = 0
configure:6497: /usr/bin/arm-linux-gnueabihf-nm -B conftest.o | sed -n -e 's/^.*[	 ]\([ABCDGIRSTW][ABCDGIRSTW]*\)[	 ][	 ]*\([_A-Za-z][_A-Za-z0-9]*\)$/\1 \2 \2/p' | sed '/ __gnu_lto/d' > conftest.nm
configure:6563: arm-linux-gnueabihf-gcc -o conftest -DGCC_HASCLASSVISIBILITY -O2 -Wall -W   conftest.c conftstm.o >&5
configure:6566: $? = 0
configure:6604: result: ok
configure:6651: checking for sysroot
configure:6681: result: no
configure:6688: checking for a working dd
configure:6726: result: /usr/bin/dd
configure:6730: checking how to truncate binary pipes
configure:6745: result: /usr/bin/dd bs=4096 count=1
configure:7034: checking for arm-linux-gnueabihf-mt
configure:7064: result: no
configure:7074: checking for mt
configure:7090: found /usr/bin/mt
configure:7101: result: mt
configure:7113: WARNING: using cross tools not prefixed with host triplet
configure:7124: checking if mt is a manifest tool
configure:7130: mt '-?'
configure:7138: result: no
configure:7811: checking for ANSI C header files
configure:7831: arm-linux-gnueabihf-gcc -c -DGCC_HASCLASSVISIBILITY -O2 -Wall -W  conftest.c >&5
configure:7831: $? = 0
configure:7915: result: yes
configure:7928: checking for sys/types.h
configure:7928: arm-linux-gnueabihf-gcc -c -DGCC_HASCLASSVISIBILITY -O2 -Wall -W  conftest.c >&5
configure:7928: $? = 0
configure:7928: result: yes
configure:7928: checking for sys/stat.h
configure:7928: arm-linux-gnueabihf-gcc -c -DGCC_HASCLASSVISIBILITY -O2 -Wall -W  conftest.c >&5
configure:7928: $? = 0
configure:7928: result: yes
configure:7928: checking for stdlib.h
configure:7928: arm-linux-gnueabihf-gcc -c -DGCC_HASCLASSVISIBILITY -O2 -Wall -W  conftest.c >&5
configure:7928: $? = 0
configure:7928: result: yes
configure:7928: checking for string.h
configure:7928: arm-linux-gnueabihf-gcc -c -DGCC_HASCLASSVISIBILITY -O2 -Wall -W  conftest.c >&5
configure:7928: $? = 0
configure:7928: result: yes
configure:7928: checking for memory.h
configure:7928: arm-linux-gnueabihf-gcc -c -DGCC_HASCLASSVISIBILITY -O2 -Wall -W  conftest.c >&5
configure:7928: $? = 0
configure:7928: result: yes
configure:7928: checking for strings.h
configure:7928: arm-linux-gnueabihf-gcc -c -DGCC_HASCLASSVISIBILITY -O2 -Wall -W  conftest.c >&5
configure:7928: $? = 0
configure:7928: result: yes
configure:7928: checking for inttypes.h
configure:7928: arm-linux-gnueabihf-gcc -c -DGCC_HASCLASSVISIBILITY -O2 -Wall -W  conftest.c >&5
configure:7928: $? = 0
configure:7928: result: yes
configure:7928: checking for stdint.h
configure:7928: arm-linux-gnueabihf-gcc -c -DGCC_HASCLASSVISIBILITY -O2 -Wall -W  conftest.c >&5
configure:7928: $? = 0
configure:7928: result: yes
configure:7928: checking for unistd.h
configure:7928: arm-linux-gnueabihf-gcc -c -DGCC_HASCLASSVISIBILITY -O2 -Wall -W  conftest.c >&5
configure:7928: $? = 0
configure:7928: result: yes
configure:7942: checking for dlfcn.h
configure:7942: arm-linux-gnueabihf-gcc -c -DGCC_HASCLASSVISIBILITY -O2 -Wall -W  conftest.c >&5
configure:7942: $? = 0
configure:7942: result: yes
configure:8136: checking for objdir
configure:8151: result: .libs
configure:8415: checking if arm-linux-gnueabihf-gcc supports -fno-rtti -fno-exceptions
configure:8433: arm-linux-gnueabihf-gcc -c -DGCC_HASCLASSVISIBILITY -O2 -Wall -W  -fno-rtti -fno-exceptions conftest.c >&5
cc1: warning: command line option '-fno-rtti' is valid for C++/D/ObjC++ but not for C
configure:8437: $? = 0
configure:8450: result: no
configure:8814: checking for arm-linux-gnueabihf-gcc option to produce PIC
configure:8821: result: -fPIC -DPIC
configure:8829: checking if arm-linux-gnueabihf-gcc PIC flag -fPIC -DPIC works
configure:8847: arm-linux-gnueabihf-gcc -c -DGCC_HASCLASSVISIBILITY -O2 -Wall -W  -fPIC -DPIC -DPIC conftest.c >&5
configure:8851: $? = 0
configure:8864: result: yes
configure:8893: checking if arm-linux-gnueabihf-gcc static flag -static works
configure:8921: result: yes
configure:8936: checking if arm-linux-gnueabihf-gcc supports -c -o file.o
configure:8957: arm-linux-gnueabihf-gcc -c -DGCC_HASCLASSVISIBILITY -O2 -Wall -W  -o out/conftest2.o conftest.c >&5
configure:8961: $? = 0
configure:8983: result: yes
configure:8991: checking if arm-linux-gnueabihf-gcc supports -c -o file.o
configure:9038: result: yes
configure:9071: checking whether the arm-linux-gnueabihf-gcc linker (/usr/arm-linux-gnueabihf/bin/ld) supports shared libraries
configure:10334: result: yes
configure:10371: checking whether -lc should be explicitly linked in
configure:10379: arm-linux-gnueabihf-gcc -c -DGCC_HASCLASSVISIBILITY -O2 -Wall -W  conftest.c >&5
configure:10382: $? = 0
configure:10397: arm-linux-gnueabihf-gcc -shared  -fPIC -DPIC conftest.o  -v -Wl,-soname -Wl,conftest -o conftest 2\>\&1 \| /usr/bin/grep  -lc  \>/dev/null 2\>\&1
configure:10400: $? = 0
configure:10414: result: no
configure:10574: checking dynamic linker characteristics
configure:11155: arm-linux-gnueabihf-gcc -o conftest -DGCC_HASCLASSVISIBILITY -O2 -Wall -W   -Wl,-rpath -Wl,/foo conftest.c  >&5
configure:11155: $? = 0
configure:11404: result: GNU/Linux ld.so
configure:11526: checking how to hardcode library paths into programs
configure:11551: result: immediate
configure:11653: checking for shl_load
configure:11653: arm-linux-gnueabihf-gcc -o conftest -DGCC_HASCLASSVISIBILITY -O2 -Wall -W   conftest.c  >&5
/usr/lib/gcc-cross/arm-linux-gnueabihf/9/../../../../arm-linux-gnueabihf/bin/ld: /tmp/cceVGypg.o: in function `main':
conftest.c:(.text.startup+0x2): undefined reference to `shl_load'
collect2: error: ld returned 1 exit status
configure:11653: $? = 1
configure: failed program was:
| /* confdefs.h */
| #define PACKAGE_NAME "tslib"
| #define PACKAGE_TARNAME "tslib"
| #define PACKAGE_VERSION "1.1.0"
| #define PACKAGE_STRING "tslib 1.1.0"
| #define PACKAGE_BUGREPORT "kergoth@handhelds.org"
| #define PACKAGE_URL ""
| #define PACKAGE "tslib"
| #define VERSION "1.1.0"
| #define STDC_HEADERS 1
| #define HAVE_SYS_TYPES_H 1
| #define HAVE_SYS_STAT_H 1
| #define HAVE_STDLIB_H 1
| #define HAVE_STRING_H 1
| #define HAVE_MEMORY_H 1
| #define HAVE_STRINGS_H 1
| #define HAVE_INTTYPES_H 1
| #define HAVE_STDINT_H 1
| #define HAVE_UNISTD_H 1
| #define HAVE_DLFCN_H 1
| #define LT_OBJDIR ".libs/"
| /* end confdefs.h.  */
| /* Define shl_load to an innocuous variant, in case <limits.h> declares shl_load.
|    For example, HP-UX 11i <limits.h> declares gettimeofday.  */
| #define shl_load innocuous_shl_load
| 
| /* System header to define __stub macros and hopefully few prototypes,
|     which can conflict with char shl_load (); below.
|     Prefer <limits.h> to <assert.h> if __STDC__ is defined, since
|     <limits.h> exists even on freestanding compilers.  */
| 
| #ifdef __STDC__
| # include <limits.h>
| #else
| # include <assert.h>
| #endif
| 
| #undef shl_load
| 
| /* Override any GCC internal prototype to avoid an error.
|    Use char because int might match the return type of a GCC
|    builtin and then its argument prototype would still apply.  */
| #ifdef __cplusplus
| extern "C"
| #endif
| char shl_load ();
| /* The GNU C library defines this for functions which it implements
|     to always fail with ENOSYS.  Some functions are actually named
|     something starting with __ and the normal name is an alias.  */
| #if defined __stub_shl_load || defined __stub___shl_load
| choke me
| #endif
| 
| int
| main ()
| {
| return shl_load ();
|   ;
|   return 0;
| }
configure:11653: result: no
configure:11657: checking for shl_load in -ldld
configure:11682: arm-linux-gnueabihf-gcc -o conftest -DGCC_HASCLASSVISIBILITY -O2 -Wall -W   conftest.c -ldld   >&5
/usr/lib/gcc-cross/arm-linux-gnueabihf/9/../../../../arm-linux-gnueabihf/bin/ld: cannot find -ldld
collect2: error: ld returned 1 exit status
configure:11682: $? = 1
configure: failed program was:
| /* confdefs.h */
| #define PACKAGE_NAME "tslib"
| #define PACKAGE_TARNAME "tslib"
| #define PACKAGE_VERSION "1.1.0"
| #define PACKAGE_STRING "tslib 1.1.0"
| #define PACKAGE_BUGREPORT "kergoth@handhelds.org"
| #define PACKAGE_URL ""
| #define PACKAGE "tslib"
| #define VERSION "1.1.0"
| #define STDC_HEADERS 1
| #define HAVE_SYS_TYPES_H 1
| #define HAVE_SYS_STAT_H 1
| #define HAVE_STDLIB_H 1
| #define HAVE_STRING_H 1
| #define HAVE_MEMORY_H 1
| #define HAVE_STRINGS_H 1
| #define HAVE_INTTYPES_H 1
| #define HAVE_STDINT_H 1
| #define HAVE_UNISTD_H 1
| #define HAVE_DLFCN_H 1
| #define LT_OBJDIR ".libs/"
| /* end confdefs.h.  */
| 
| /* Override any GCC internal prototype to avoid an error.
|    Use char because int might match the return type of a GCC
|    builtin and then its argument prototype would still apply.  */
| #ifdef __cplusplus
| extern "C"
| #endif
| char shl_load ();
| int
| main ()
| {
| return shl_load ();
|   ;
|   return 0;
| }
configure:11691: result: no
configure:11696: checking for dlopen
configure:11696: arm-linux-gnueabihf-gcc -o conftest -DGCC_HASCLASSVISIBILITY -O2 -Wall -W   conftest.c  >&5
/usr/lib/gcc-cross/arm-linux-gnueabihf/9/../../../../arm-linux-gnueabihf/bin/ld: /tmp/ccSaITao.o: in function `main':
conftest.c:(.text.startup+0x2): undefined reference to `dlopen'
collect2: error: ld returned 1 exit status
configure:11696: $? = 1
configure: failed program was:
| /* confdefs.h */
| #define PACKAGE_NAME "tslib"
| #define PACKAGE_TARNAME "tslib"
| #define PACKAGE_VERSION "1.1.0"
| #define PACKAGE_STRING "tslib 1.1.0"
| #define PACKAGE_BUGREPORT "kergoth@handhelds.org"
| #define PACKAGE_URL ""
| #define PACKAGE "tslib"
| #define VERSION "1.1.0"
| #define STDC_HEADERS 1
| #define HAVE_SYS_TYPES_H 1
| #define HAVE_SYS_STAT_H 1
| #define HAVE_STDLIB_H 1
| #define HAVE_STRING_H 1
| #define HAVE_MEMORY_H 1
| #define HAVE_STRINGS_H 1
| #define HAVE_INTTYPES_H 1
| #define HAVE_STDINT_H 1
| #define HAVE_UNISTD_H 1
| #define HAVE_DLFCN_H 1
| #define LT_OBJDIR ".libs/"
| /* end confdefs.h.  */
| /* Define dlopen to an innocuous variant, in case <limits.h> declares dlopen.
|    For example, HP-UX 11i <limits.h> declares gettimeofday.  */
| #define dlopen innocuous_dlopen
| 
| /* System header to define __stub macros and hopefully few prototypes,
|     which can conflict with char dlopen (); below.
|     Prefer <limits.h> to <assert.h> if __STDC__ is defined, since
|     <limits.h> exists even on freestanding compilers.  */
| 
| #ifdef __STDC__
| # include <limits.h>
| #else
| # include <assert.h>
| #endif
| 
| #undef dlopen
| 
| /* Override any GCC internal prototype to avoid an error.
|    Use char because int might match the return type of a GCC
|    builtin and then its argument prototype would still apply.  */
| #ifdef __cplusplus
| extern "C"
| #endif
| char dlopen ();
| /* The GNU C library defines this for functions which it implements
|     to always fail with ENOSYS.  Some functions are actually named
|     something starting with __ and the normal name is an alias.  */
| #if defined __stub_dlopen || defined __stub___dlopen
| choke me
| #endif
| 
| int
| main ()
| {
| return dlopen ();
|   ;
|   return 0;
| }
configure:11696: result: no
configure:11700: checking for dlopen in -ldl
configure:11725: arm-linux-gnueabihf-gcc -o conftest -DGCC_HASCLASSVISIBILITY -O2 -Wall -W   conftest.c -ldl   >&5
configure:11725: $? = 0
configure:11734: result: yes
configure:11853: checking whether a program can dlopen itself
configure:11954: result: cross
configure:12099: checking whether stripping libraries is possible
configure:12104: result: yes
configure:12139: checking if libtool supports shared libraries
configure:12141: result: yes
configure:12144: checking whether to build shared libraries
configure:12169: result: yes
configure:12172: checking whether to build static libraries
configure:12176: result: no
configure:8991: checking for dlopen in -ldl
configure:9025: result: yes
configure:9038: checking for size_t
configure:9038: arm-linux-gnueabihf-gcc -c -DGCC_HASCLASSVISIBILITY -O2 -Wall -W  conftest.c >&5
configure:9038: $? = 0
configure:9038: arm-linux-gnueabihf-gcc -c -DGCC_HASCLASSVISIBILITY -O2 -Wall -W  conftest.c >&5
conftest.c: In function 'main':
conftest.c:60:21: error: expected expression before ')' token
   60 | if (sizeof ((size_t)))
      |                     ^
configure:9038: $? = 1
configure: failed program was:
| /* confdefs.h */
| #define PACKAGE_NAME "tslib"
| #define PACKAGE_TARNAME "tslib"
| #define PACKAGE_VERSION "1.1.0"
| #define PACKAGE_STRING "tslib 1.1.0"
| #define PACKAGE_BUGREPORT "kergoth@handhelds.org"
| #define PACKAGE_URL ""
| #define PACKAGE "tslib"
| #define VERSION "1.1.0"
| #define STDC_HEADERS 1
| #define HAVE_SYS_TYPES_H 1
| #define HAVE_SYS_STAT_H 1
| #define HAVE_STDLIB_H 1
| #define HAVE_STRING_H 1
| #define HAVE_MEMORY_H 1
| #define HAVE_STRINGS_H 1
| #define HAVE_INTTYPES_H 1
| #define HAVE_STDINT_H 1
| #define HAVE_UNISTD_H 1
| #define HAVE_DLFCN_H 1
| #define LT_OBJDIR ".libs/"
| #define HAVE_LIBDL 1
| /* end confdefs.h.  */
| #include <stdio.h>
| #ifdef HAVE_SYS_TYPES_H
| # include <sys/types.h>
| #endif
| #ifdef HAVE_SYS_STAT_H
| # include <sys/stat.h>
| #endif
| #ifdef STDC_HEADERS
| # include <stdlib.h>
| # include <stddef.h>
| #else
| # ifdef HAVE_STDLIB_H
| #  include <stdlib.h>
| # endif
| #endif
| #ifdef HAVE_STRING_H
| # if !defined STDC_HEADERS && defined HAVE_MEMORY_H
| #  include <memory.h>
| # endif
| # include <string.h>
| #endif
| #ifdef HAVE_STRINGS_H
| # include <strings.h>
| #endif
| #ifdef HAVE_INTTYPES_H
| # include <inttypes.h>
| #endif
| #ifdef HAVE_STDINT_H
| # include <stdint.h>
| #endif
| #ifdef HAVE_UNISTD_H
| # include <unistd.h>
| #endif
| int
| main ()
| {
| if (sizeof ((size_t)))
| 	    return 0;
|   ;
|   return 0;
| }
configure:9038: result: yes
configure:9051: checking for working alloca.h
configure:9068: arm-linux-gnueabihf-gcc -o conftest -DGCC_HASCLASSVISIBILITY -O2 -Wall -W   conftest.c -ldl  >&5
configure:9068: $? = 0
configure:9076: result: yes
configure:9084: checking for alloca
configure:9121: arm-linux-gnueabihf-gcc -o conftest -DGCC_HASCLASSVISIBILITY -O2 -Wall -W   conftest.c -ldl  >&5
configure:9121: $? = 0
configure:9129: result: yes
configure:9235: checking for ANSI C header files
configure:9339: result: yes
configure:9350: checking fcntl.h usability
configure:9350: arm-linux-gnueabihf-gcc -c -DGCC_HASCLASSVISIBILITY -O2 -Wall -W  conftest.c >&5
configure:9350: $? = 0
configure:9350: result: yes
configure:9350: checking fcntl.h presence
configure:9350: arm-linux-gnueabihf-gcc -E  conftest.c
configure:9350: $? = 0
configure:9350: result: yes
configure:9350: checking for fcntl.h
configure:9350: result: yes
configure:9350: checking limits.h usability
configure:9350: arm-linux-gnueabihf-gcc -c -DGCC_HASCLASSVISIBILITY -O2 -Wall -W  conftest.c >&5
configure:9350: $? = 0
configure:9350: result: yes
configure:9350: checking limits.h presence
configure:9350: arm-linux-gnueabihf-gcc -E  conftest.c
configure:9350: $? = 0
configure:9350: result: yes
configure:9350: checking for limits.h
configure:9350: result: yes
configure:9350: checking for stdlib.h
configure:9350: result: yes
configure:9350: checking for string.h
configure:9350: result: yes
configure:9350: checking sys/ioctl.h usability
configure:9350: arm-linux-gnueabihf-gcc -c -DGCC_HASCLASSVISIBILITY -O2 -Wall -W  conftest.c >&5
configure:9350: $? = 0
configure:9350: result: yes
configure:9350: checking sys/ioctl.h presence
configure:9350: arm-linux-gnueabihf-gcc -E  conftest.c
configure:9350: $? = 0
configure:9350: result: yes
configure:9350: checking for sys/ioctl.h
configure:9350: result: yes
configure:9350: checking sys/time.h usability
configure:9350: arm-linux-gnueabihf-gcc -c -DGCC_HASCLASSVISIBILITY -O2 -Wall -W  conftest.c >&5
configure:9350: $? = 0
configure:9350: result: yes
configure:9350: checking sys/time.h presence
configure:9350: arm-linux-gnueabihf-gcc -E  conftest.c
configure:9350: $? = 0
configure:9350: result: yes
configure:9350: checking for sys/time.h
configure:9350: result: yes
configure:9350: checking for unistd.h
configure:9350: result: yes
configure:9362: checking for an ANSI C-conforming const
configure:9428: arm-linux-gnueabihf-gcc -c -DGCC_HASCLASSVISIBILITY -O2 -Wall -W  conftest.c >&5
configure:9428: $? = 0
configure:9435: result: yes
configure:9443: checking for inline
configure:9459: arm-linux-gnueabihf-gcc -c -DGCC_HASCLASSVISIBILITY -O2 -Wall -W  conftest.c >&5
configure:9459: $? = 0
configure:9467: result: inline
configure:9485: checking for size_t
configure:9485: result: yes
configure:9496: checking whether time.h and sys/time.h may both be included
configure:9516: arm-linux-gnueabihf-gcc -c -DGCC_HASCLASSVISIBILITY -O2 -Wall -W  conftest.c >&5
configure:9516: $? = 0
configure:9523: result: yes
configure:9534: checking whether arm-linux-gnueabihf-gcc needs -traditional
configure:9568: result: no
configure:9581: checking for stdlib.h
configure:9581: result: yes
configure:9581: checking for unistd.h
configure:9581: result: yes
configure:9581: checking for sys/param.h
configure:9581: arm-linux-gnueabihf-gcc -c -DGCC_HASCLASSVISIBILITY -O2 -Wall -W  conftest.c >&5
configure:9581: $? = 0
configure:9581: result: yes
configure:9601: checking for getpagesize
configure:9601: arm-linux-gnueabihf-gcc -o conftest -DGCC_HASCLASSVISIBILITY -O2 -Wall -W   conftest.c -ldl  >&5
configure:9601: $? = 0
configure:9601: result: yes
configure:9610: checking for working mmap
configure:9769: result: no
configure:9781: checking sys/select.h usability
configure:9781: arm-linux-gnueabihf-gcc -c -DGCC_HASCLASSVISIBILITY -O2 -Wall -W  conftest.c >&5
configure:9781: $? = 0
configure:9781: result: yes
configure:9781: checking sys/select.h presence
configure:9781: arm-linux-gnueabihf-gcc -E  conftest.c
configure:9781: $? = 0
configure:9781: result: yes
configure:9781: checking for sys/select.h
configure:9781: result: yes
configure:9781: checking sys/socket.h usability
configure:9781: arm-linux-gnueabihf-gcc -c -DGCC_HASCLASSVISIBILITY -O2 -Wall -W  conftest.c >&5
configure:9781: $? = 0
configure:9781: result: yes
configure:9781: checking sys/socket.h presence
configure:9781: arm-linux-gnueabihf-gcc -E  conftest.c
configure:9781: $? = 0
configure:9781: result: yes
configure:9781: checking for sys/socket.h
configure:9781: result: yes
configure:9791: checking types of arguments for select
configure:9819: arm-linux-gnueabihf-gcc -c -DGCC_HASCLASSVISIBILITY -O2 -Wall -W  conftest.c >&5
configure:9819: $? = 0
configure:9830: result: int,fd_set *,struct timeval *
configure:9853: checking return type of signal handlers
configure:9871: arm-linux-gnueabihf-gcc -c -DGCC_HASCLASSVISIBILITY -O2 -Wall -W  conftest.c >&5
conftest.c: In function 'main':
conftest.c:50:10: error: void value not ignored as it ought to be
   50 | return *(signal (0, 0)) (0) == 1;
      |         ~^~~~~~~~~~~~~~~~~~
configure:9871: $? = 1
configure: failed program was:
| /* confdefs.h */
| #define PACKAGE_NAME "tslib"
| #define PACKAGE_TARNAME "tslib"
| #define PACKAGE_VERSION "1.1.0"
| #define PACKAGE_STRING "tslib 1.1.0"
| #define PACKAGE_BUGREPORT "kergoth@handhelds.org"
| #define PACKAGE_URL ""
| #define PACKAGE "tslib"
| #define VERSION "1.1.0"
| #define STDC_HEADERS 1
| #define HAVE_SYS_TYPES_H 1
| #define HAVE_SYS_STAT_H 1
| #define HAVE_STDLIB_H 1
| #define HAVE_STRING_H 1
| #define HAVE_MEMORY_H 1
| #define HAVE_STRINGS_H 1
| #define HAVE_INTTYPES_H 1
| #define HAVE_STDINT_H 1
| #define HAVE_UNISTD_H 1
| #define HAVE_DLFCN_H 1
| #define LT_OBJDIR ".libs/"
| #define HAVE_LIBDL 1
| #define HAVE_ALLOCA_H 1
| #define HAVE_ALLOCA 1
| #define STDC_HEADERS 1
| #define HAVE_FCNTL_H 1
| #define HAVE_LIMITS_H 1
| #define HAVE_STDLIB_H 1
| #define HAVE_STRING_H 1
| #define HAVE_SYS_IOCTL_H 1
| #define HAVE_SYS_TIME_H 1
| #define HAVE_UNISTD_H 1
| #define TIME_WITH_SYS_TIME 1
| #define HAVE_STDLIB_H 1
| #define HAVE_UNISTD_H 1
| #define HAVE_SYS_PARAM_H 1
| #define HAVE_GETPAGESIZE 1
| #define HAVE_SYS_SELECT_H 1
| #define HAVE_SYS_SOCKET_H 1
| #define SELECT_TYPE_ARG1 int
| #define SELECT_TYPE_ARG234 (fd_set *)
| #define SELECT_TYPE_ARG5 (struct timeval *)
| /* end confdefs.h.  */
| #include <sys/types.h>
| #include <signal.h>
| 
| int
| main ()
| {
| return *(signal (0, 0)) (0) == 1;
|   ;
|   return 0;
| }
configure:9878: result: void
configure:9886: checking whether lstat correctly handles trailing slash
configure:9929: result: no
configure:9948: checking whether stat accepts an empty string
configure:9978: result: yes
configure:9996: checking for vprintf
configure:9996: arm-linux-gnueabihf-gcc -o conftest -DGCC_HASCLASSVISIBILITY -O2 -Wall -W   conftest.c -ldl  >&5
conftest.c:69:6: warning: conflicting types for built-in function 'vprintf'; expected 'int(const char *, __va_list)' [-Wbuiltin-declaration-mismatch]
   69 | char vprintf ();
      |      ^~~~~~~
conftest.c:57:1: note: 'vprintf' is declared in header '<stdio.h>'
   56 | # include <limits.h>
   57 | #else
configure:9996: $? = 0
configure:9996: result: yes
configure:10002: checking for _doprnt
configure:10002: arm-linux-gnueabihf-gcc -o conftest -DGCC_HASCLASSVISIBILITY -O2 -Wall -W   conftest.c -ldl  >&5
/usr/lib/gcc-cross/arm-linux-gnueabihf/9/../../../../arm-linux-gnueabihf/bin/ld: /tmp/ccl6I3uZ.o: in function `main':
conftest.c:(.text.startup+0x2): undefined reference to `_doprnt'
collect2: error: ld returned 1 exit status
configure:10002: $? = 1
configure: failed program was:
| /* confdefs.h */
| #define PACKAGE_NAME "tslib"
| #define PACKAGE_TARNAME "tslib"
| #define PACKAGE_VERSION "1.1.0"
| #define PACKAGE_STRING "tslib 1.1.0"
| #define PACKAGE_BUGREPORT "kergoth@handhelds.org"
| #define PACKAGE_URL ""
| #define PACKAGE "tslib"
| #define VERSION "1.1.0"
| #define STDC_HEADERS 1
| #define HAVE_SYS_TYPES_H 1
| #define HAVE_SYS_STAT_H 1
| #define HAVE_STDLIB_H 1
| #define HAVE_STRING_H 1
| #define HAVE_MEMORY_H 1
| #define HAVE_STRINGS_H 1
| #define HAVE_INTTYPES_H 1
| #define HAVE_STDINT_H 1
| #define HAVE_UNISTD_H 1
| #define HAVE_DLFCN_H 1
| #define LT_OBJDIR ".libs/"
| #define HAVE_LIBDL 1
| #define HAVE_ALLOCA_H 1
| #define HAVE_ALLOCA 1
| #define STDC_HEADERS 1
| #define HAVE_FCNTL_H 1
| #define HAVE_LIMITS_H 1
| #define HAVE_STDLIB_H 1
| #define HAVE_STRING_H 1
| #define HAVE_SYS_IOCTL_H 1
| #define HAVE_SYS_TIME_H 1
| #define HAVE_UNISTD_H 1
| #define TIME_WITH_SYS_TIME 1
| #define HAVE_STDLIB_H 1
| #define HAVE_UNISTD_H 1
| #define HAVE_SYS_PARAM_H 1
| #define HAVE_GETPAGESIZE 1
| #define HAVE_SYS_SELECT_H 1
| #define HAVE_SYS_SOCKET_H 1
| #define SELECT_TYPE_ARG1 int
| #define SELECT_TYPE_ARG234 (fd_set *)
| #define SELECT_TYPE_ARG5 (struct timeval *)
| #define RETSIGTYPE void
| #define HAVE_STAT_EMPTY_STRING_BUG 1
| #define HAVE_VPRINTF 1
| /* end confdefs.h.  */
| /* Define _doprnt to an innocuous variant, in case <limits.h> declares _doprnt.
|    For example, HP-UX 11i <limits.h> declares gettimeofday.  */
| #define _doprnt innocuous__doprnt
| 
| /* System header to define __stub macros and hopefully few prototypes,
|     which can conflict with char _doprnt (); below.
|     Prefer <limits.h> to <assert.h> if __STDC__ is defined, since
|     <limits.h> exists even on freestanding compilers.  */
| 
| #ifdef __STDC__
| # include <limits.h>
| #else
| # include <assert.h>
| #endif
| 
| #undef _doprnt
| 
| /* Override any GCC internal prototype to avoid an error.
|    Use char because int might match the return type of a GCC
|    builtin and then its argument prototype would still apply.  */
| #ifdef __cplusplus
| extern "C"
| #endif
| char _doprnt ();
| /* The GNU C library defines this for functions which it implements
|     to always fail with ENOSYS.  Some functions are actually named
|     something starting with __ and the normal name is an alias.  */
| #if defined __stub__doprnt || defined __stub____doprnt
| choke me
| #endif
| 
| int
| main ()
| {
| return _doprnt ();
|   ;
|   return 0;
| }
configure:10002: result: no
configure:10016: checking for gettimeofday
configure:10016: arm-linux-gnueabihf-gcc -o conftest -DGCC_HASCLASSVISIBILITY -O2 -Wall -W   conftest.c -ldl  >&5
configure:10016: $? = 0
configure:10016: result: yes
configure:10016: checking for memmove
configure:10016: arm-linux-gnueabihf-gcc -o conftest -DGCC_HASCLASSVISIBILITY -O2 -Wall -W   conftest.c -ldl  >&5
conftest.c:71:6: warning: conflicting types for built-in function 'memmove'; expected 'void *(void *, const void *, unsigned int)' [-Wbuiltin-declaration-mismatch]
   71 | char memmove ();
      |      ^~~~~~~
conftest.c:59:1: note: 'memmove' is declared in header '<string.h>'
   58 | # include <limits.h>
   59 | #else
configure:10016: $? = 0
configure:10016: result: yes
configure:10016: checking for memset
configure:10016: arm-linux-gnueabihf-gcc -o conftest -DGCC_HASCLASSVISIBILITY -O2 -Wall -W   conftest.c -ldl  >&5
conftest.c:72:6: warning: conflicting types for built-in function 'memset'; expected 'void *(void *, int,  unsigned int)' [-Wbuiltin-declaration-mismatch]
   72 | char memset ();
      |      ^~~~~~
conftest.c:60:1: note: 'memset' is declared in header '<string.h>'
   59 | # include <limits.h>
   60 | #else
configure:10016: $? = 0
configure:10016: result: yes
configure:10016: checking for munmap
configure:10016: arm-linux-gnueabihf-gcc -o conftest -DGCC_HASCLASSVISIBILITY -O2 -Wall -W   conftest.c -ldl  >&5
configure:10016: $? = 0
configure:10016: result: yes
configure:10016: checking for select
configure:10016: arm-linux-gnueabihf-gcc -o conftest -DGCC_HASCLASSVISIBILITY -O2 -Wall -W   conftest.c -ldl  >&5
configure:10016: $? = 0
configure:10016: result: yes
configure:10016: checking for strcasecmp
configure:10016: arm-linux-gnueabihf-gcc -o conftest -DGCC_HASCLASSVISIBILITY -O2 -Wall -W   conftest.c -ldl  >&5
conftest.c:75:6: warning: conflicting types for built-in function 'strcasecmp'; expected 'int(const char *, const char *)' [-Wbuiltin-declaration-mismatch]
   75 | char strcasecmp ();
      |      ^~~~~~~~~~
configure:10016: $? = 0
configure:10016: result: yes
configure:10016: checking for strchr
configure:10016: arm-linux-gnueabihf-gcc -o conftest -DGCC_HASCLASSVISIBILITY -O2 -Wall -W   conftest.c -ldl  >&5
conftest.c:76:6: warning: conflicting types for built-in function 'strchr'; expected 'char *(const char *, int)' [-Wbuiltin-declaration-mismatch]
   76 | char strchr ();
      |      ^~~~~~
conftest.c:64:1: note: 'strchr' is declared in header '<string.h>'
   63 | # include <limits.h>
   64 | #else
configure:10016: $? = 0
configure:10016: result: yes
configure:10016: checking for strdup
configure:10016: arm-linux-gnueabihf-gcc -o conftest -DGCC_HASCLASSVISIBILITY -O2 -Wall -W   conftest.c -ldl  >&5
conftest.c:77:6: warning: conflicting types for built-in function 'strdup'; expected 'char *(const char *)' [-Wbuiltin-declaration-mismatch]
   77 | char strdup ();
      |      ^~~~~~
configure:10016: $? = 0
configure:10016: result: yes
configure:10016: checking for strtoul
configure:10016: arm-linux-gnueabihf-gcc -o conftest -DGCC_HASCLASSVISIBILITY -O2 -Wall -W   conftest.c -ldl  >&5
configure:10016: $? = 0
configure:10016: result: yes
configure:10029: checking whether linear module is requested
configure:10039: result: yes
configure:10068: checking whether dejitter module is requested
configure:10078: result: yes
configure:10107: checking whether linear-h2200 module is requested
configure:10117: result: yes
configure:10146: checking whether variance module is requested
configure:10156: result: yes
configure:10185: checking whether pthres module is requested
configure:10195: result: yes
configure:10226: checking whether ucb1x00 module is requested
configure:10236: result: yes
configure:10265: checking whether cy8mrln-palmpre module is requested
configure:10275: result: no
configure:10304: checking whether corgi module is requested
configure:10314: result: yes
configure:10343: checking whether collie module is requested
configure:10353: result: yes
configure:10382: checking whether h3600 module is requested
configure:10392: result: yes
configure:10421: checking whether mk712 module is requested
configure:10431: result: yes
configure:10460: checking whether arctic2 module is requested
configure:10470: result: yes
configure:10499: checking whether tatung module is requested
configure:10509: result: yes
configure:10538: checking whether dmc module is requested
configure:10548: result: yes
configure:10577: checking whether input module is requested
configure:10587: result: yes
configure:10616: checking whether touchkit module is requested
configure:10626: result: yes
configure:10655: checking whether galax module is requested
configure:10665: result: yes
configure:10695: checking where to place modules
configure:10705: result: ${libdir}/ts
configure:10709: checking whether to enable debugging
configure:10718: result: no
configure:10849: checking that generated files are newer than configure
configure:10855: result: done
configure:11014: creating ./config.status

## ---------------------- ##
## Running config.status. ##
## ---------------------- ##

This file was extended by tslib config.status 1.1.0, which was
generated by GNU Autoconf 2.69.  Invocation command line was

  CONFIG_FILES    = 
  CONFIG_HEADERS  = 
  CONFIG_LINKS    = 
  CONFIG_COMMANDS = 
  $ ./config.status 

on minaduki-portable-ubuntu

config.status:1199: creating Makefile
config.status:1199: creating etc/Makefile
config.status:1199: creating plugins/Makefile
config.status:1199: creating src/Makefile
config.status:1199: creating tests/Makefile
config.status:1199: creating tslib.pc
config.status:1199: creating tslib-1.0.pc
config.status:1199: creating config.h
config.status:1428: executing depfiles commands
config.status:1505: cd plugins       && sed -e '/# am--include-marker/d' Makefile         | make -f - am--depfiles
config.status:1510: $? = 0
config.status:1505: cd src       && sed -e '/# am--include-marker/d' Makefile         | make -f - am--depfiles
config.status:1510: $? = 0
config.status:1505: cd tests       && sed -e '/# am--include-marker/d' Makefile         | make -f - am--depfiles
config.status:1510: $? = 0
config.status:1428: executing libtool commands

## ---------------- ##
## Cache variables. ##
## ---------------- ##

ac_cv_build=x86_64-pc-linux-gnu
ac_cv_c_compiler_gnu=yes
ac_cv_c_const=yes
ac_cv_c_inline=inline
ac_cv_env_CC_set=
ac_cv_env_CC_value=
ac_cv_env_CFLAGS_set=
ac_cv_env_CFLAGS_value=
ac_cv_env_CPPFLAGS_set=
ac_cv_env_CPPFLAGS_value=
ac_cv_env_CPP_set=
ac_cv_env_CPP_value=
ac_cv_env_LDFLAGS_set=
ac_cv_env_LDFLAGS_value=
ac_cv_env_LIBS_set=
ac_cv_env_LIBS_value=
ac_cv_env_LT_SYS_LIBRARY_PATH_set=
ac_cv_env_LT_SYS_LIBRARY_PATH_value=
ac_cv_env_build_alias_set=
ac_cv_env_build_alias_value=
ac_cv_env_host_alias_set=set
ac_cv_env_host_alias_value=arm-linux-gnueabihf
ac_cv_env_target_alias_set=
ac_cv_env_target_alias_value=
ac_cv_func__doprnt=no
ac_cv_func_alloca_works=yes
ac_cv_func_dlopen=no
ac_cv_func_getpagesize=yes
ac_cv_func_gettimeofday=yes
ac_cv_func_lstat_dereferences_slashed_symlink=no
ac_cv_func_memmove=yes
ac_cv_func_memset=yes
ac_cv_func_mmap_fixed_mapped=no
ac_cv_func_munmap=yes
ac_cv_func_select=yes
ac_cv_func_select_args='int,fd_set *,struct timeval *'
ac_cv_func_shl_load=no
ac_cv_func_stat_empty_string_bug=yes
ac_cv_func_strcasecmp=yes
ac_cv_func_strchr=yes
ac_cv_func_strdup=yes
ac_cv_func_strtoul=yes
ac_cv_func_vprintf=yes
ac_cv_header_dlfcn_h=yes
ac_cv_header_fcntl_h=yes
ac_cv_header_inttypes_h=yes
ac_cv_header_limits_h=yes
ac_cv_header_memory_h=yes
ac_cv_header_stdc=yes
ac_cv_header_stdint_h=yes
ac_cv_header_stdlib_h=yes
ac_cv_header_string_h=yes
ac_cv_header_strings_h=yes
ac_cv_header_sys_ioctl_h=yes
ac_cv_header_sys_param_h=yes
ac_cv_header_sys_select_h=yes
ac_cv_header_sys_socket_h=yes
ac_cv_header_sys_stat_h=yes
ac_cv_header_sys_time_h=yes
ac_cv_header_sys_types_h=yes
ac_cv_header_time=yes
ac_cv_header_unistd_h=yes
ac_cv_host=arm-unknown-linux-gnueabihf
ac_cv_lib_dl_dlopen=yes
ac_cv_lib_dld_shl_load=no
ac_cv_objext=o
ac_cv_path_EGREP='/usr/bin/grep -E'
ac_cv_path_FGREP='/usr/bin/grep -F'
ac_cv_path_GREP=/usr/bin/grep
ac_cv_path_SED=/usr/bin/sed
ac_cv_path_install='/usr/bin/install -c'
ac_cv_path_lt_DD=/usr/bin/dd
ac_cv_path_mkdir=/usr/bin/mkdir
ac_cv_prog_AR=arm-linux-gnueabihf-ar
ac_cv_prog_AWK=mawk
ac_cv_prog_CC=arm-linux-gnueabihf-gcc
ac_cv_prog_CPP='arm-linux-gnueabihf-gcc -E'
ac_cv_prog_OBJDUMP=arm-linux-gnueabihf-objdump
ac_cv_prog_RANLIB=arm-linux-gnueabihf-ranlib
ac_cv_prog_STRIP=arm-linux-gnueabihf-strip
ac_cv_prog_ac_ct_MANIFEST_TOOL=mt
ac_cv_prog_cc_c89=
ac_cv_prog_cc_g=yes
ac_cv_prog_gcc_traditional=no
ac_cv_prog_make_make_set=yes
ac_cv_type_signal=void
ac_cv_type_size_t=yes
ac_cv_working_alloca_h=yes
am_cv_CC_dependencies_compiler_type=gcc3
am_cv_make_support_nested_variables=yes
am_cv_prog_cc_c_o=yes
bb_cv_cc_supports_hidden_visibility=yes
lt_cv_ar_at_file=@
lt_cv_archive_cmds_need_lc=no
lt_cv_deplibs_check_method=pass_all
lt_cv_dlopen=dlopen
lt_cv_dlopen_libs=-ldl
lt_cv_dlopen_self=cross
lt_cv_file_magic_cmd='$MAGIC_CMD'
lt_cv_file_magic_test_file=
lt_cv_ld_reload_flag=-r
lt_cv_nm_interface='BSD nm'
lt_cv_objdir=.libs
lt_cv_path_LD=/usr/arm-linux-gnueabihf/bin/ld
lt_cv_path_NM='/usr/bin/arm-linux-gnueabihf-nm -B'
lt_cv_path_mainfest_tool=no
lt_cv_prog_compiler_c_o=yes
lt_cv_prog_compiler_pic='-fPIC -DPIC'
lt_cv_prog_compiler_pic_works=yes
lt_cv_prog_compiler_rtti_exceptions=no
lt_cv_prog_compiler_static_works=yes
lt_cv_prog_gnu_ld=yes
lt_cv_sharedlib_from_linklib_cmd='printf %s\n'
lt_cv_shlibpath_overrides_runpath=yes
lt_cv_sys_global_symbol_pipe='sed -n -e '\''s/^.*[	 ]\([ABCDGIRSTW][ABCDGIRSTW]*\)[	 ][	 ]*\([_A-Za-z][_A-Za-z0-9]*\)$/\1 \2 \2/p'\'' | sed '\''/ __gnu_lto/d'\'''
lt_cv_sys_global_symbol_to_c_name_address='sed -n -e '\''s/^: \(.*\) .*$/  {"\1", (void *) 0},/p'\'' -e '\''s/^[ABCDGIRSTW][ABCDGIRSTW]* .* \(.*\)$/  {"\1", (void *) \&\1},/p'\'''
lt_cv_sys_global_symbol_to_c_name_address_lib_prefix='sed -n -e '\''s/^: \(.*\) .*$/  {"\1", (void *) 0},/p'\'' -e '\''s/^[ABCDGIRSTW][ABCDGIRSTW]* .* \(lib.*\)$/  {"\1", (void *) \&\1},/p'\'' -e '\''s/^[ABCDGIRSTW][ABCDGIRSTW]* .* \(.*\)$/  {"lib\1", (void *) \&\1},/p'\'''
lt_cv_sys_global_symbol_to_cdecl='sed -n -e '\''s/^T .* \(.*\)$/extern int \1();/p'\'' -e '\''s/^[ABCDGIRSTW][ABCDGIRSTW]* .* \(.*\)$/extern char \1;/p'\'''
lt_cv_sys_global_symbol_to_import=
lt_cv_sys_max_cmd_len=1572864
lt_cv_to_host_file_cmd=func_convert_file_noop
lt_cv_to_tool_file_cmd=func_convert_file_noop
lt_cv_truncate_bin='/usr/bin/dd bs=4096 count=1'

## ----------------- ##
## Output variables. ##
## ----------------- ##

ACLOCAL='${SHELL} /home/minaduki/Desktop/Beaglebone_Proj/touch/tslib-1.0.0/missing aclocal-1.16'
ALLOCA=''
AMDEPBACKSLASH='\'
AMDEP_FALSE='#'
AMDEP_TRUE=''
AMTAR='$${TAR-tar}'
AM_BACKSLASH='\'
AM_DEFAULT_V='$(AM_DEFAULT_VERBOSITY)'
AM_DEFAULT_VERBOSITY='1'
AM_V='$(V)'
AR='arm-linux-gnueabihf-ar'
AUTOCONF='${SHELL} /home/minaduki/Desktop/Beaglebone_Proj/touch/tslib-1.0.0/missing autoconf'
AUTOHEADER='${SHELL} /home/minaduki/Desktop/Beaglebone_Proj/touch/tslib-1.0.0/missing autoheader'
AUTOMAKE='${SHELL} /home/minaduki/Desktop/Beaglebone_Proj/touch/tslib-1.0.0/missing automake-1.16'
AWK='mawk'
CC='arm-linux-gnueabihf-gcc'
CCDEPMODE='depmode=gcc3'
CFLAGS='-DGCC_HASCLASSVISIBILITY -O2 -Wall -W'
CPP='arm-linux-gnueabihf-gcc -E'
CPPFLAGS=''
CYGPATH_W='echo'
DEBUGFLAGS=''
DEFS='-DHAVE_CONFIG_H'
DEPDIR='.deps'
DLLTOOL='false'
DSYMUTIL=''
DUMPBIN=''
ECHO_C=''
ECHO_N='-n'
ECHO_T=''
EGREP='/usr/bin/grep -E'
ENABLE_ARCTIC2_MODULE_FALSE='#'
ENABLE_ARCTIC2_MODULE_TRUE=''
ENABLE_COLLIE_MODULE_FALSE='#'
ENABLE_COLLIE_MODULE_TRUE=''
ENABLE_CORGI_MODULE_FALSE='#'
ENABLE_CORGI_MODULE_TRUE=''
ENABLE_CY8MRLN_PALMPRE_MODULE_FALSE=''
ENABLE_CY8MRLN_PALMPRE_MODULE_TRUE='#'
ENABLE_DEJITTER_MODULE_FALSE='#'
ENABLE_DEJITTER_MODULE_TRUE=''
ENABLE_DMC_MODULE_FALSE='#'
ENABLE_DMC_MODULE_TRUE=''
ENABLE_GALAX_MODULE_FALSE='#'
ENABLE_GALAX_MODULE_TRUE=''
ENABLE_H3600_MODULE_FALSE='#'
ENABLE_H3600_MODULE_TRUE=''
ENABLE_INPUT_MODULE_FALSE='#'
ENABLE_INPUT_MODULE_TRUE=''
ENABLE_LINEAR_H2200_MODULE_FALSE='#'
ENABLE_LINEAR_H2200_MODULE_TRUE=''
ENABLE_LINEAR_MODULE_FALSE='#'
ENABLE_LINEAR_MODULE_TRUE=''
ENABLE_MK712_MODULE_FALSE='#'
ENABLE_MK712_MODULE_TRUE=''
ENABLE_PTHRES_MODULE_FALSE='#'
ENABLE_PTHRES_MODULE_TRUE=''
ENABLE_STATIC_ARCTIC2_MODULE_FALSE=''
ENABLE_STATIC_ARCTIC2_MODULE_TRUE='#'
ENABLE_STATIC_COLLIE_MODULE_FALSE=''
ENABLE_STATIC_COLLIE_MODULE_TRUE='#'
ENABLE_STATIC_CORGI_MODULE_FALSE=''
ENABLE_STATIC_CORGI_MODULE_TRUE='#'
ENABLE_STATIC_CY8MRLN_PALMPRE_MODULE_FALSE=''
ENABLE_STATIC_CY8MRLN_PALMPRE_MODULE_TRUE='#'
ENABLE_STATIC_DEJITTER_MODULE_FALSE=''
ENABLE_STATIC_DEJITTER_MODULE_TRUE='#'
ENABLE_STATIC_DMC_MODULE_FALSE=''
ENABLE_STATIC_DMC_MODULE_TRUE='#'
ENABLE_STATIC_GALAX_MODULE_FALSE=''
ENABLE_STATIC_GALAX_MODULE_TRUE='#'
ENABLE_STATIC_H3600_MODULE_FALSE=''
ENABLE_STATIC_H3600_MODULE_TRUE='#'
ENABLE_STATIC_INPUT_MODULE_FALSE=''
ENABLE_STATIC_INPUT_MODULE_TRUE='#'
ENABLE_STATIC_LINEAR_H2200_MODULE_FALSE=''
ENABLE_STATIC_LINEAR_H2200_MODULE_TRUE='#'
ENABLE_STATIC_LINEAR_MODULE_FALSE=''
ENABLE_STATIC_LINEAR_MODULE_TRUE='#'
ENABLE_STATIC_MK712_MODULE_FALSE=''
ENABLE_STATIC_MK712_MODULE_TRUE='#'
ENABLE_STATIC_PTHRES_MODULE_FALSE=''
ENABLE_STATIC_PTHRES_MODULE_TRUE='#'
ENABLE_STATIC_TATUNG_MODULE_FALSE=''
ENABLE_STATIC_TATUNG_MODULE_TRUE='#'
ENABLE_STATIC_TOUCHKIT_MODULE_FALSE=''
ENABLE_STATIC_TOUCHKIT_MODULE_TRUE='#'
ENABLE_STATIC_UCB1X00_MODULE_FALSE=''
ENABLE_STATIC_UCB1X00_MODULE_TRUE='#'
ENABLE_STATIC_VARIANCE_MODULE_FALSE=''
ENABLE_STATIC_VARIANCE_MODULE_TRUE='#'
ENABLE_TATUNG_MODULE_FALSE='#'
ENABLE_TATUNG_MODULE_TRUE=''
ENABLE_TOUCHKIT_MODULE_FALSE='#'
ENABLE_TOUCHKIT_MODULE_TRUE=''
ENABLE_UCB1X00_MODULE_FALSE='#'
ENABLE_UCB1X00_MODULE_TRUE=''
ENABLE_VARIANCE_MODULE_FALSE='#'
ENABLE_VARIANCE_MODULE_TRUE=''
EXEEXT=''
FGREP='/usr/bin/grep -F'
GREP='/usr/bin/grep'
INSTALL_DATA='${INSTALL} -m 644'
INSTALL_PROGRAM='${INSTALL}'
INSTALL_SCRIPT='${INSTALL}'
INSTALL_STRIP_PROGRAM='$(install_sh) -c -s'
LD='/usr/arm-linux-gnueabihf/bin/ld'
LDFLAGS=''
LIBFLAGS='-DTSLIB_INTERNAL'
LIBOBJS=' ${LIBOBJDIR}lstat$U.o ${LIBOBJDIR}stat$U.o'
LIBS='-ldl '
LIBTOOL='$(SHELL) $(top_builddir)/libtool'
LIPO=''
LN_S='ln -s'
LTLIBOBJS=' ${LIBOBJDIR}lstat$U.lo ${LIBOBJDIR}stat$U.lo'
LT_AGE='0'
LT_CURRENT='0'
LT_RELEASE='1.0'
LT_REVISION='0'
LT_SYS_LIBRARY_PATH=''
MAKEINFO='${SHELL} /home/minaduki/Desktop/Beaglebone_Proj/touch/tslib-1.0.0/missing makeinfo'
MANIFEST_TOOL=':'
MKDIR_P='/usr/bin/mkdir -p'
NM='/usr/bin/arm-linux-gnueabihf-nm -B'
NMEDIT=''
OBJDUMP='arm-linux-gnueabihf-objdump'
OBJEXT='o'
OTOOL64=''
OTOOL=''
PACKAGE='tslib'
PACKAGE_BUGREPORT='kergoth@handhelds.org'
PACKAGE_DESCRIPTION='Touchscreen Access Library'
PACKAGE_NAME='tslib'
PACKAGE_STRING='tslib 1.1.0'
PACKAGE_TARNAME='tslib'
PACKAGE_URL=''
PACKAGE_VERSION='1.1.0'
PATH_SEPARATOR=':'
PLUGIN_DIR='${libdir}/ts'
RANLIB='arm-linux-gnueabihf-ranlib'
SED='/usr/bin/sed'
SET_MAKE=''
SHELL='/bin/bash'
STRIP='arm-linux-gnueabihf-strip'
TS_CONF='${sysconfdir}/ts.conf'
TS_POINTERCAL='${sysconfdir}/pointercal'
VERSION='1.1.0'
VIS_CFLAGS='-fvisibility=hidden'
ac_ct_AR=''
ac_ct_CC=''
ac_ct_DUMPBIN=''
am__EXEEXT_FALSE=''
am__EXEEXT_TRUE='#'
am__fastdepCC_FALSE='#'
am__fastdepCC_TRUE=''
am__include='include'
am__isrc=''
am__leading_dot='.'
am__nodep='_no'
am__quote=''
am__tar='$${TAR-tar} chof - "$$tardir"'
am__untar='$${TAR-tar} xf -'
bindir='${exec_prefix}/bin'
build='x86_64-pc-linux-gnu'
build_alias=''
build_cpu='x86_64'
build_os='linux-gnu'
build_vendor='pc'
datadir='${datarootdir}'
datarootdir='${prefix}/share'
docdir='${datarootdir}/doc/${PACKAGE_TARNAME}'
dvidir='${docdir}'
exec_prefix='${prefix}'
host='arm-unknown-linux-gnueabihf'
host_alias='arm-linux-gnueabihf'
host_cpu='arm'
host_os='linux-gnueabihf'
host_vendor='unknown'
htmldir='${docdir}'
includedir='${prefix}/include'
infodir='${datarootdir}/info'
install_sh='${SHELL} /home/minaduki/Desktop/Beaglebone_Proj/touch/tslib-1.0.0/install-sh'
libdir='${exec_prefix}/lib'
libexecdir='${exec_prefix}/libexec'
localedir='${datarootdir}/locale'
localstatedir='${prefix}/var'
mandir='${datarootdir}/man'
mkdir_p='$(MKDIR_P)'
oldincludedir='/usr/include'
pdfdir='${docdir}'
prefix='/home/minaduki/Desktop/Beaglebone_Proj/touch/tslib_install'
program_transform_name='s,x,x,'
psdir='${docdir}'
runstatedir='${localstatedir}/run'
sbindir='${exec_prefix}/sbin'
sharedstatedir='${prefix}/com'
sysconfdir='${prefix}/etc'
target_alias=''

## ----------- ##
## confdefs.h. ##
## ----------- ##

/* confdefs.h */
#define PACKAGE_NAME "tslib"
#define PACKAGE_TARNAME "tslib"
#define PACKAGE_VERSION "1.1.0"
#define PACKAGE_STRING "tslib 1.1.0"
#define PACKAGE_BUGREPORT "kergoth@handhelds.org"
#define PACKAGE_URL ""
#define PACKAGE "tslib"
#define VERSION "1.1.0"
#define STDC_HEADERS 1
#define HAVE_SYS_TYPES_H 1
#define HAVE_SYS_STAT_H 1
#define HAVE_STDLIB_H 1
#define HAVE_STRING_H 1
#define HAVE_MEMORY_H 1
#define HAVE_STRINGS_H 1
#define HAVE_INTTYPES_H 1
#define HAVE_STDINT_H 1
#define HAVE_UNISTD_H 1
#define HAVE_DLFCN_H 1
#define LT_OBJDIR ".libs/"
#define HAVE_LIBDL 1
#define HAVE_ALLOCA_H 1
#define HAVE_ALLOCA 1
#define STDC_HEADERS 1
#define HAVE_FCNTL_H 1
#define HAVE_LIMITS_H 1
#define HAVE_STDLIB_H 1
#define HAVE_STRING_H 1
#define HAVE_SYS_IOCTL_H 1
#define HAVE_SYS_TIME_H 1
#define HAVE_UNISTD_H 1
#define TIME_WITH_SYS_TIME 1
#define HAVE_STDLIB_H 1
#define HAVE_UNISTD_H 1
#define HAVE_SYS_PARAM_H 1
#define HAVE_GETPAGESIZE 1
#define HAVE_SYS_SELECT_H 1
#define HAVE_SYS_SOCKET_H 1
#define SELECT_TYPE_ARG1 int
#define SELECT_TYPE_ARG234 (fd_set *)
#define SELECT_TYPE_ARG5 (struct timeval *)
#define RETSIGTYPE void
#define HAVE_STAT_EMPTY_STRING_BUG 1
#define HAVE_VPRINTF 1
#define HAVE_GETTIMEOFDAY 1
#define HAVE_MEMMOVE 1
#define HAVE_MEMSET 1
#define HAVE_MUNMAP 1
#define HAVE_SELECT 1
#define HAVE_STRCASECMP 1
#define HAVE_STRCHR 1
#define HAVE_STRDUP 1
#define HAVE_STRTOUL 1

configure: exit 0
