This file contains any messages produced by compilers while
running configure, to aid debugging if configure makes a mistake.

It was created by MPEG Audio Decoder configure 0.15.1b, which was
generated by GNU Autoconf 2.59.  Invocation command line was

  $ ./configure --enable-fpm=arm --host=arm-linux-gnueabihf --enable-speed --enable-shared --prefix=/home/minaduki/Desktop/Beaglebone_Proj/mplayer/install/libmad CC=arm-linux-gnueabihf-gcc

## --------- ##
## Platform. ##
## --------- ##

hostname = minaduki-portable-ubuntu
uname -m = x86_64
uname -r = 5.3.0-24-generic
uname -s = Linux
uname -v = #26-Ubuntu SMP Thu Nov 14 01:33:18 UTC 2019

/usr/bin/uname -p = x86_64
/bin/uname -X     = unknown

/bin/arch              = x86_64
/usr/bin/arch -k       = unknown
/usr/convex/getsysinfo = unknown
hostinfo               = unknown
/bin/machine           = unknown
/usr/bin/oslevel       = unknown
/bin/universe          = unknown

PATH: /usr/local/sbin
PATH: /usr/local/bin
PATH: /usr/sbin
PATH: /usr/bin
PATH: /sbin
PATH: /bin
PATH: /usr/games
PATH: /usr/local/games
PATH: /snap/bin


## ----------- ##
## Core tests. ##
## ----------- ##

configure:1575: checking for a BSD-compatible install
configure:1630: result: /usr/bin/install -c
configure:1641: checking whether build environment is sane
configure:1684: result: yes
configure:1741: checking for gawk
configure:1770: result: no
configure:1741: checking for mawk
configure:1757: found /usr/bin/mawk
configure:1767: result: mawk
configure:1777: checking whether make sets $(MAKE)
configure:1797: result: yes
configure:1876: checking for arm-linux-gnueabihf-strip
configure:1892: found /usr/bin/arm-linux-gnueabihf-strip
configure:1902: result: arm-linux-gnueabihf-strip
configure:1972: checking build system type
configure:1990: result: x86_64-unknown-linux-gnu
configure:1998: checking host system type
configure:2012: result: arm-unknown-linux-gnueabihf
configure:2030: checking for arm-linux-gnueabihf-gcc
configure:2056: result: arm-linux-gnueabihf-gcc
configure:2338: checking for C compiler version
configure:2341: arm-linux-gnueabihf-gcc --version </dev/null >&5
arm-linux-gnueabihf-gcc (Ubuntu 9.2.1-9ubuntu2) 9.2.1 20191008
Copyright (C) 2019 Free Software Foundation, Inc.
This is free software; see the source for copying conditions.  There is NO
warranty; not even for MERCHANTABILITY or FITNESS FOR A PARTICULAR PURPOSE.

configure:2344: $? = 0
configure:2346: arm-linux-gnueabihf-gcc -v </dev/null >&5
Using built-in specs.
COLLECT_GCC=arm-linux-gnueabihf-gcc
COLLECT_LTO_WRAPPER=/usr/lib/gcc-cross/arm-linux-gnueabihf/9/lto-wrapper
Target: arm-linux-gnueabihf
Configured with: ../src/configure -v --with-pkgversion='Ubuntu 9.2.1-9ubuntu2' --with-bugurl=file:///usr/share/doc/gcc-9/README.Bugs --enable-languages=c,ada,c++,go,d,fortran,objc,obj-c++,gm2 --prefix=/usr --with-gcc-major-version-only --program-suffix=-9 --enable-shared --enable-linker-build-id --libexecdir=/usr/lib --without-included-gettext --enable-threads=posix --libdir=/usr/lib --enable-nls --with-sysroot=/ --enable-clocale=gnu --enable-libstdcxx-debug --enable-libstdcxx-time=yes --with-default-libstdcxx-abi=new --enable-gnu-unique-object --disable-libitm --disable-libquadmath --disable-libquadmath-support --enable-plugin --enable-default-pie --with-system-zlib --without-target-system-zlib --enable-libpth-m2 --enable-multiarch --enable-multilib --disable-sjlj-exceptions --with-arch=armv7-a --with-fpu=vfpv3-d16 --with-float=hard --with-mode=thumb --disable-werror --enable-multilib --enable-checking=release --build=x86_64-linux-gnu --host=x86_64-linux-gnu --target=arm-linux-gnueabihf --program-prefix=arm-linux-gnueabihf- --includedir=/usr/arm-linux-gnueabihf/include
Thread model: posix
gcc version 9.2.1 20191008 (Ubuntu 9.2.1-9ubuntu2) 
configure:2349: $? = 0
configure:2351: arm-linux-gnueabihf-gcc -V </dev/null >&5
arm-linux-gnueabihf-gcc: error: unrecognized command line option '-V'
arm-linux-gnueabihf-gcc: fatal error: no input files
compilation terminated.
configure:2354: $? = 1
configure:2377: checking for C compiler default output file name
configure:2380: arm-linux-gnueabihf-gcc    conftest.c  >&5
configure:2383: $? = 0
configure:2429: result: a.out
configure:2434: checking whether the C compiler works
configure:2440: ./a.out
./configure: line 2441: ./a.out: cannot execute binary file: Exec format error
configure:2443: $? = 126
configure:2460: result: yes
configure:2467: checking whether we are cross compiling
configure:2469: result: yes
configure:2472: checking for suffix of executables
configure:2474: arm-linux-gnueabihf-gcc -o conftest    conftest.c  >&5
configure:2477: $? = 0
configure:2502: result: 
configure:2508: checking for suffix of object files
configure:2529: arm-linux-gnueabihf-gcc -c   conftest.c >&5
configure:2532: $? = 0
configure:2554: result: o
configure:2558: checking whether we are using the GNU C compiler
configure:2582: arm-linux-gnueabihf-gcc -c   conftest.c >&5
configure:2588: $? = 0
configure:2591: test -z 			 || test ! -s conftest.err
configure:2594: $? = 0
configure:2597: test -s conftest.o
configure:2600: $? = 0
configure:2613: result: yes
configure:2619: checking whether arm-linux-gnueabihf-gcc accepts -g
configure:2640: arm-linux-gnueabihf-gcc -c -g  conftest.c >&5
configure:2646: $? = 0
configure:2649: test -z 			 || test ! -s conftest.err
configure:2652: $? = 0
configure:2655: test -s conftest.o
configure:2658: $? = 0
configure:2669: result: yes
configure:2686: checking for arm-linux-gnueabihf-gcc option to accept ANSI C
configure:2756: arm-linux-gnueabihf-gcc  -c -g -O2  conftest.c >&5
configure:2762: $? = 0
configure:2765: test -z 			 || test ! -s conftest.err
configure:2768: $? = 0
configure:2771: test -s conftest.o
configure:2774: $? = 0
configure:2792: result: none needed
configure:2810: arm-linux-gnueabihf-gcc -c -g -O2  conftest.c >&5
conftest.c:2:3: error: unknown type name 'choke'
    2 |   choke me
      |   ^~~~~
conftest.c:2:3: error: expected '=', ',', ';', 'asm' or '__attribute__' at end of input
configure:2816: $? = 1
configure: failed program was:
| #ifndef __cplusplus
|   choke me
| #endif
configure:2957: checking for style of include used by make
configure:2985: result: GNU
configure:3013: checking dependency style of arm-linux-gnueabihf-gcc
configure:3096: result: gcc3
configure:3208: checking for a sed that does not truncate output
configure:3262: result: /usr/bin/sed
configure:3265: checking for egrep
configure:3275: result: grep -E
configure:3291: checking for ld used by arm-linux-gnueabihf-gcc
configure:3358: result: /usr/arm-linux-gnueabihf/bin/ld
configure:3367: checking if the linker (/usr/arm-linux-gnueabihf/bin/ld) is GNU ld
configure:3382: result: yes
configure:3387: checking for /usr/arm-linux-gnueabihf/bin/ld option to reload object files
configure:3394: result: -r
configure:3403: checking for BSD-compatible nm
configure:3445: result: /usr/bin/arm-linux-gnueabihf-nm -B
configure:3449: checking whether ln -s works
configure:3453: result: yes
configure:3460: checking how to recognise dependent libraries
configure:3634: result: pass_all
configure:3847: checking how to run the C preprocessor
configure:3882: arm-linux-gnueabihf-gcc -E  conftest.c
configure:3888: $? = 0
configure:3920: arm-linux-gnueabihf-gcc -E  conftest.c
conftest.c:11:10: fatal error: ac_nonexistent.h: No such file or directory
   11 | #include <ac_nonexistent.h>
      |          ^~~~~~~~~~~~~~~~~~
compilation terminated.
configure:3926: $? = 1
configure: failed program was:
| /* confdefs.h.  */
| 
| #define PACKAGE_NAME "MPEG Audio Decoder"
| #define PACKAGE_TARNAME "libmad"
| #define PACKAGE_VERSION "0.15.1b"
| #define PACKAGE_STRING "MPEG Audio Decoder 0.15.1b"
| #define PACKAGE_BUGREPORT "support@underbit.com"
| #define PACKAGE "libmad"
| #define VERSION "0.15.1b"
| /* end confdefs.h.  */
| #include <ac_nonexistent.h>
configure:3965: result: arm-linux-gnueabihf-gcc -E
configure:3989: arm-linux-gnueabihf-gcc -E  conftest.c
configure:3995: $? = 0
configure:4027: arm-linux-gnueabihf-gcc -E  conftest.c
conftest.c:11:10: fatal error: ac_nonexistent.h: No such file or directory
   11 | #include <ac_nonexistent.h>
      |          ^~~~~~~~~~~~~~~~~~
compilation terminated.
configure:4033: $? = 1
configure: failed program was:
| /* confdefs.h.  */
| 
| #define PACKAGE_NAME "MPEG Audio Decoder"
| #define PACKAGE_TARNAME "libmad"
| #define PACKAGE_VERSION "0.15.1b"
| #define PACKAGE_STRING "MPEG Audio Decoder 0.15.1b"
| #define PACKAGE_BUGREPORT "support@underbit.com"
| #define PACKAGE "libmad"
| #define VERSION "0.15.1b"
| /* end confdefs.h.  */
| #include <ac_nonexistent.h>
configure:4077: checking for ANSI C header files
configure:4102: arm-linux-gnueabihf-gcc -c -g -O2  conftest.c >&5
configure:4108: $? = 0
configure:4111: test -z 			 || test ! -s conftest.err
configure:4114: $? = 0
configure:4117: test -s conftest.o
configure:4120: $? = 0
configure:4232: result: yes
configure:4256: checking for sys/types.h
configure:4272: arm-linux-gnueabihf-gcc -c -g -O2  conftest.c >&5
configure:4278: $? = 0
configure:4281: test -z 			 || test ! -s conftest.err
configure:4284: $? = 0
configure:4287: test -s conftest.o
configure:4290: $? = 0
configure:4301: result: yes
configure:4256: checking for sys/stat.h
configure:4272: arm-linux-gnueabihf-gcc -c -g -O2  conftest.c >&5
configure:4278: $? = 0
configure:4281: test -z 			 || test ! -s conftest.err
configure:4284: $? = 0
configure:4287: test -s conftest.o
configure:4290: $? = 0
configure:4301: result: yes
configure:4256: checking for stdlib.h
configure:4272: arm-linux-gnueabihf-gcc -c -g -O2  conftest.c >&5
configure:4278: $? = 0
configure:4281: test -z 			 || test ! -s conftest.err
configure:4284: $? = 0
configure:4287: test -s conftest.o
configure:4290: $? = 0
configure:4301: result: yes
configure:4256: checking for string.h
configure:4272: arm-linux-gnueabihf-gcc -c -g -O2  conftest.c >&5
configure:4278: $? = 0
configure:4281: test -z 			 || test ! -s conftest.err
configure:4284: $? = 0
configure:4287: test -s conftest.o
configure:4290: $? = 0
configure:4301: result: yes
configure:4256: checking for memory.h
configure:4272: arm-linux-gnueabihf-gcc -c -g -O2  conftest.c >&5
configure:4278: $? = 0
configure:4281: test -z 			 || test ! -s conftest.err
configure:4284: $? = 0
configure:4287: test -s conftest.o
configure:4290: $? = 0
configure:4301: result: yes
configure:4256: checking for strings.h
configure:4272: arm-linux-gnueabihf-gcc -c -g -O2  conftest.c >&5
configure:4278: $? = 0
configure:4281: test -z 			 || test ! -s conftest.err
configure:4284: $? = 0
configure:4287: test -s conftest.o
configure:4290: $? = 0
configure:4301: result: yes
configure:4256: checking for inttypes.h
configure:4272: arm-linux-gnueabihf-gcc -c -g -O2  conftest.c >&5
configure:4278: $? = 0
configure:4281: test -z 			 || test ! -s conftest.err
configure:4284: $? = 0
configure:4287: test -s conftest.o
configure:4290: $? = 0
configure:4301: result: yes
configure:4256: checking for stdint.h
configure:4272: arm-linux-gnueabihf-gcc -c -g -O2  conftest.c >&5
configure:4278: $? = 0
configure:4281: test -z 			 || test ! -s conftest.err
configure:4284: $? = 0
configure:4287: test -s conftest.o
configure:4290: $? = 0
configure:4301: result: yes
configure:4256: checking for unistd.h
configure:4272: arm-linux-gnueabihf-gcc -c -g -O2  conftest.c >&5
configure:4278: $? = 0
configure:4281: test -z 			 || test ! -s conftest.err
configure:4284: $? = 0
configure:4287: test -s conftest.o
configure:4290: $? = 0
configure:4301: result: yes
configure:4327: checking dlfcn.h usability
configure:4339: arm-linux-gnueabihf-gcc -c -g -O2  conftest.c >&5
configure:4345: $? = 0
configure:4348: test -z 			 || test ! -s conftest.err
configure:4351: $? = 0
configure:4354: test -s conftest.o
configure:4357: $? = 0
configure:4367: result: yes
configure:4371: checking dlfcn.h presence
configure:4381: arm-linux-gnueabihf-gcc -E  conftest.c
configure:4387: $? = 0
configure:4407: result: yes
configure:4442: checking for dlfcn.h
configure:4449: result: yes
configure:4472: checking for arm-linux-gnueabihf-g++
configure:4488: found /usr/bin/arm-linux-gnueabihf-g++
configure:4498: result: arm-linux-gnueabihf-g++
configure:4556: checking for C++ compiler version
configure:4559: arm-linux-gnueabihf-g++ --version </dev/null >&5
arm-linux-gnueabihf-g++ (Ubuntu 9.2.1-9ubuntu2) 9.2.1 20191008
Copyright (C) 2019 Free Software Foundation, Inc.
This is free software; see the source for copying conditions.  There is NO
warranty; not even for MERCHANTABILITY or FITNESS FOR A PARTICULAR PURPOSE.

configure:4562: $? = 0
configure:4564: arm-linux-gnueabihf-g++ -v </dev/null >&5
Using built-in specs.
COLLECT_GCC=arm-linux-gnueabihf-g++
COLLECT_LTO_WRAPPER=/usr/lib/gcc-cross/arm-linux-gnueabihf/9/lto-wrapper
Target: arm-linux-gnueabihf
Configured with: ../src/configure -v --with-pkgversion='Ubuntu 9.2.1-9ubuntu2' --with-bugurl=file:///usr/share/doc/gcc-9/README.Bugs --enable-languages=c,ada,c++,go,d,fortran,objc,obj-c++,gm2 --prefix=/usr --with-gcc-major-version-only --program-suffix=-9 --enable-shared --enable-linker-build-id --libexecdir=/usr/lib --without-included-gettext --enable-threads=posix --libdir=/usr/lib --enable-nls --with-sysroot=/ --enable-clocale=gnu --enable-libstdcxx-debug --enable-libstdcxx-time=yes --with-default-libstdcxx-abi=new --enable-gnu-unique-object --disable-libitm --disable-libquadmath --disable-libquadmath-support --enable-plugin --enable-default-pie --with-system-zlib --without-target-system-zlib --enable-libpth-m2 --enable-multiarch --enable-multilib --disable-sjlj-exceptions --with-arch=armv7-a --with-fpu=vfpv3-d16 --with-float=hard --with-mode=thumb --disable-werror --enable-multilib --enable-checking=release --build=x86_64-linux-gnu --host=x86_64-linux-gnu --target=arm-linux-gnueabihf --program-prefix=arm-linux-gnueabihf- --includedir=/usr/arm-linux-gnueabihf/include
Thread model: posix
gcc version 9.2.1 20191008 (Ubuntu 9.2.1-9ubuntu2) 
configure:4567: $? = 0
configure:4569: arm-linux-gnueabihf-g++ -V </dev/null >&5
arm-linux-gnueabihf-g++: error: unrecognized command line option '-V'
arm-linux-gnueabihf-g++: fatal error: no input files
compilation terminated.
configure:4572: $? = 1
configure:4575: checking whether we are using the GNU C++ compiler
configure:4599: arm-linux-gnueabihf-g++ -c   conftest.cc >&5
configure:4605: $? = 0
configure:4608: test -z 			 || test ! -s conftest.err
configure:4611: $? = 0
configure:4614: test -s conftest.o
configure:4617: $? = 0
configure:4630: result: yes
configure:4636: checking whether arm-linux-gnueabihf-g++ accepts -g
configure:4657: arm-linux-gnueabihf-g++ -c -g  conftest.cc >&5
configure:4663: $? = 0
configure:4666: test -z 			 || test ! -s conftest.err
configure:4669: $? = 0
configure:4672: test -s conftest.o
configure:4675: $? = 0
configure:4686: result: yes
configure:4728: arm-linux-gnueabihf-g++ -c -g -O2  conftest.cc >&5
configure:4734: $? = 0
configure:4737: test -z 			 || test ! -s conftest.err
configure:4740: $? = 0
configure:4743: test -s conftest.o
configure:4746: $? = 0
configure:4772: arm-linux-gnueabihf-g++ -c -g -O2  conftest.cc >&5
conftest.cc: In function 'int main()':
conftest.cc:26:1: error: 'exit' was not declared in this scope
   26 | exit (42);
      | ^~~~
configure:4778: $? = 1
configure: failed program was:
| /* confdefs.h.  */
| 
| #define PACKAGE_NAME "MPEG Audio Decoder"
| #define PACKAGE_TARNAME "libmad"
| #define PACKAGE_VERSION "0.15.1b"
| #define PACKAGE_STRING "MPEG Audio Decoder 0.15.1b"
| #define PACKAGE_BUGREPORT "support@underbit.com"
| #define PACKAGE "libmad"
| #define VERSION "0.15.1b"
| #define STDC_HEADERS 1
| #define HAVE_SYS_TYPES_H 1
| #define HAVE_SYS_STAT_H 1
| #define HAVE_STDLIB_H 1
| #define HAVE_STRING_H 1
| #define HAVE_MEMORY_H 1
| #define HAVE_STRINGS_H 1
| #define HAVE_INTTYPES_H 1
| #define HAVE_STDINT_H 1
| #define HAVE_UNISTD_H 1
| #define HAVE_DLFCN_H 1
| /* end confdefs.h.  */
| 
| int
| main ()
| {
| exit (42);
|   ;
|   return 0;
| }
configure:4728: arm-linux-gnueabihf-g++ -c -g -O2  conftest.cc >&5
configure:4734: $? = 0
configure:4737: test -z 			 || test ! -s conftest.err
configure:4740: $? = 0
configure:4743: test -s conftest.o
configure:4746: $? = 0
configure:4772: arm-linux-gnueabihf-g++ -c -g -O2  conftest.cc >&5
configure:4778: $? = 0
configure:4781: test -z 			 || test ! -s conftest.err
configure:4784: $? = 0
configure:4787: test -s conftest.o
configure:4790: $? = 0
configure:4815: checking dependency style of arm-linux-gnueabihf-g++
configure:4898: result: gcc3
configure:4920: checking how to run the C++ preprocessor
configure:4951: arm-linux-gnueabihf-g++ -E  conftest.cc
configure:4957: $? = 0
configure:4989: arm-linux-gnueabihf-g++ -E  conftest.cc
conftest.cc:25:10: fatal error: ac_nonexistent.h: No such file or directory
   25 | #include <ac_nonexistent.h>
      |          ^~~~~~~~~~~~~~~~~~
compilation terminated.
configure:4995: $? = 1
configure: failed program was:
| /* confdefs.h.  */
| 
| #define PACKAGE_NAME "MPEG Audio Decoder"
| #define PACKAGE_TARNAME "libmad"
| #define PACKAGE_VERSION "0.15.1b"
| #define PACKAGE_STRING "MPEG Audio Decoder 0.15.1b"
| #define PACKAGE_BUGREPORT "support@underbit.com"
| #define PACKAGE "libmad"
| #define VERSION "0.15.1b"
| #define STDC_HEADERS 1
| #define HAVE_SYS_TYPES_H 1
| #define HAVE_SYS_STAT_H 1
| #define HAVE_STDLIB_H 1
| #define HAVE_STRING_H 1
| #define HAVE_MEMORY_H 1
| #define HAVE_STRINGS_H 1
| #define HAVE_INTTYPES_H 1
| #define HAVE_STDINT_H 1
| #define HAVE_UNISTD_H 1
| #define HAVE_DLFCN_H 1
| #ifdef __cplusplus
| extern "C" void std::exit (int) throw (); using std::exit;
| #endif
| /* end confdefs.h.  */
| #include <ac_nonexistent.h>
configure:5034: result: arm-linux-gnueabihf-g++ -E
configure:5058: arm-linux-gnueabihf-g++ -E  conftest.cc
configure:5064: $? = 0
configure:5096: arm-linux-gnueabihf-g++ -E  conftest.cc
conftest.cc:25:10: fatal error: ac_nonexistent.h: No such file or directory
   25 | #include <ac_nonexistent.h>
      |          ^~~~~~~~~~~~~~~~~~
compilation terminated.
configure:5102: $? = 1
configure: failed program was:
| /* confdefs.h.  */
| 
| #define PACKAGE_NAME "MPEG Audio Decoder"
| #define PACKAGE_TARNAME "libmad"
| #define PACKAGE_VERSION "0.15.1b"
| #define PACKAGE_STRING "MPEG Audio Decoder 0.15.1b"
| #define PACKAGE_BUGREPORT "support@underbit.com"
| #define PACKAGE "libmad"
| #define VERSION "0.15.1b"
| #define STDC_HEADERS 1
| #define HAVE_SYS_TYPES_H 1
| #define HAVE_SYS_STAT_H 1
| #define HAVE_STDLIB_H 1
| #define HAVE_STRING_H 1
| #define HAVE_MEMORY_H 1
| #define HAVE_STRINGS_H 1
| #define HAVE_INTTYPES_H 1
| #define HAVE_STDINT_H 1
| #define HAVE_UNISTD_H 1
| #define HAVE_DLFCN_H 1
| #ifdef __cplusplus
| extern "C" void std::exit (int) throw (); using std::exit;
| #endif
| /* end confdefs.h.  */
| #include <ac_nonexistent.h>
configure:5155: checking for arm-linux-gnueabihf-g77
configure:5184: result: no
configure:5155: checking for arm-linux-gnueabihf-f77
configure:5184: result: no
configure:5155: checking for arm-linux-gnueabihf-xlf
configure:5184: result: no
configure:5155: checking for arm-linux-gnueabihf-frt
configure:5184: result: no
configure:5155: checking for arm-linux-gnueabihf-pgf77
configure:5184: result: no
configure:5155: checking for arm-linux-gnueabihf-fort77
configure:5184: result: no
configure:5155: checking for arm-linux-gnueabihf-fl32
configure:5184: result: no
configure:5155: checking for arm-linux-gnueabihf-af77
configure:5184: result: no
configure:5155: checking for arm-linux-gnueabihf-f90
configure:5184: result: no
configure:5155: checking for arm-linux-gnueabihf-xlf90
configure:5184: result: no
configure:5155: checking for arm-linux-gnueabihf-pgf90
configure:5184: result: no
configure:5155: checking for arm-linux-gnueabihf-epcf90
configure:5184: result: no
configure:5155: checking for arm-linux-gnueabihf-f95
configure:5184: result: no
configure:5155: checking for arm-linux-gnueabihf-fort
configure:5184: result: no
configure:5155: checking for arm-linux-gnueabihf-xlf95
configure:5184: result: no
configure:5155: checking for arm-linux-gnueabihf-ifc
configure:5184: result: no
configure:5155: checking for arm-linux-gnueabihf-efc
configure:5184: result: no
configure:5155: checking for arm-linux-gnueabihf-pgf95
configure:5184: result: no
configure:5155: checking for arm-linux-gnueabihf-lf95
configure:5184: result: no
configure:5155: checking for arm-linux-gnueabihf-gfortran
configure:5184: result: no
configure:5197: checking for g77
configure:5226: result: no
configure:5197: checking for f77
configure:5213: found /usr/bin/f77
configure:5223: result: f77
configure:5240: checking for Fortran 77 compiler version
configure:5241: f77 --version </dev/null >&5
GNU Fortran (Ubuntu 9.2.1-9ubuntu2) 9.2.1 20191008
Copyright (C) 2019 Free Software Foundation, Inc.
This is free software; see the source for copying conditions.  There is NO
warranty; not even for MERCHANTABILITY or FITNESS FOR A PARTICULAR PURPOSE.

configure:5244: $? = 0
configure:5246: f77 -v </dev/null >&5
Using built-in specs.
COLLECT_GCC=f77
COLLECT_LTO_WRAPPER=/usr/lib/gcc/x86_64-linux-gnu/9/lto-wrapper
OFFLOAD_TARGET_NAMES=nvptx-none:hsa
OFFLOAD_TARGET_DEFAULT=1
Target: x86_64-linux-gnu
Configured with: ../src/configure -v --with-pkgversion='Ubuntu 9.2.1-9ubuntu2' --with-bugurl=file:///usr/share/doc/gcc-9/README.Bugs --enable-languages=c,ada,c++,go,brig,d,fortran,objc,obj-c++,gm2 --prefix=/usr --with-gcc-major-version-only --program-suffix=-9 --program-prefix=x86_64-linux-gnu- --enable-shared --enable-linker-build-id --libexecdir=/usr/lib --without-included-gettext --enable-threads=posix --libdir=/usr/lib --enable-nls --enable-bootstrap --enable-clocale=gnu --enable-libstdcxx-debug --enable-libstdcxx-time=yes --with-default-libstdcxx-abi=new --enable-gnu-unique-object --disable-vtable-verify --enable-plugin --enable-default-pie --with-system-zlib --with-target-system-zlib=auto --enable-multiarch --disable-werror --with-arch-32=i686 --with-abi=m64 --with-multilib-list=m32,m64,mx32 --enable-multilib --with-tune=generic --enable-offload-targets=nvptx-none,hsa --without-cuda-driver --enable-checking=release --build=x86_64-linux-gnu --host=x86_64-linux-gnu --target=x86_64-linux-gnu
Thread model: posix
gcc version 9.2.1 20191008 (Ubuntu 9.2.1-9ubuntu2) 
configure:5249: $? = 0
configure:5251: f77 -V </dev/null >&5
f77: error: unrecognized command line option '-V'
f77: fatal error: no input files
compilation terminated.
configure:5254: $? = 1
configure:5262: checking whether we are using the GNU Fortran 77 compiler
configure:5276: f77 -c  conftest.F >&5
configure:5282: $? = 0
configure:5285: test -z 			 || test ! -s conftest.err
configure:5288: $? = 0
configure:5291: test -s conftest.o
configure:5294: $? = 0
configure:5307: result: yes
configure:5313: checking whether f77 accepts -g
configure:5325: f77 -c -g conftest.f >&5
configure:5331: $? = 0
configure:5334: test -z 			 || test ! -s conftest.err
configure:5337: $? = 0
configure:5340: test -s conftest.o
configure:5343: $? = 0
configure:5355: result: yes
configure:5385: checking the maximum length of command line arguments
configure:5450: result: 32768
configure:5461: checking command to parse /usr/bin/arm-linux-gnueabihf-nm -B output from arm-linux-gnueabihf-gcc object
configure:5550: arm-linux-gnueabihf-gcc -c -g -O2  conftest.c >&5
configure:5553: $? = 0
configure:5557: /usr/bin/arm-linux-gnueabihf-nm -B conftest.o \| sed -n -e 's/^.*[ 	]\([ABCDGIRSTW][ABCDGIRSTW]*\)[ 	][ 	]*\(\)\([_A-Za-z][_A-Za-z0-9]*\)$/\1 \2\3 \3/p' \> conftest.nm
configure:5560: $? = 0
configure:5612: arm-linux-gnueabihf-gcc -o conftest -g -O2   conftest.c conftstm.o >&5
configure:5615: $? = 0
configure:5653: result: ok
configure:5657: checking for objdir
configure:5672: result: .libs
configure:5724: checking for arm-linux-gnueabihf-ar
configure:5740: found /usr/bin/arm-linux-gnueabihf-ar
configure:5750: result: arm-linux-gnueabihf-ar
configure:5804: checking for arm-linux-gnueabihf-ranlib
configure:5820: found /usr/bin/arm-linux-gnueabihf-ranlib
configure:5830: result: arm-linux-gnueabihf-ranlib
configure:5884: checking for arm-linux-gnueabihf-strip
configure:5910: result: arm-linux-gnueabihf-strip
configure:6211: checking if arm-linux-gnueabihf-gcc static flag  works
configure:6234: result: yes
configure:6252: checking if arm-linux-gnueabihf-gcc supports -fno-rtti -fno-exceptions
configure:6272: arm-linux-gnueabihf-gcc -c -g -O2  -fno-rtti -fno-exceptions conftest.c >&5
cc1: warning: command line option '-fno-rtti' is valid for C++/D/ObjC++ but not for C
configure:6276: $? = 0
configure:6285: result: no
configure:6277: checking for arm-linux-gnueabihf-gcc option to produce PIC
configure:6454: result: -fPIC
configure:6462: checking if arm-linux-gnueabihf-gcc PIC flag -fPIC works
configure:6505: arm-linux-gnueabihf-gcc -c -g -O2  -fPIC -DPIC conftest.c >&5
configure:6509: $? = 0
configure:6495: result: yes
configure:6492: checking if arm-linux-gnueabihf-gcc supports -c -o file.o
configure:6565: arm-linux-gnueabihf-gcc -c -g -O2  -o out/conftest2.o conftest.c >&5
configure:6569: $? = 0
configure:6515: result: yes
configure:6541: checking whether the arm-linux-gnueabihf-gcc linker (/usr/arm-linux-gnueabihf/bin/ld) supports shared libraries
configure:7387: result: yes
configure:7413: checking whether -lc should be explicitly linked in
configure:7418: arm-linux-gnueabihf-gcc -c -g -O2  conftest.c >&5
configure:7421: $? = 0
configure:7435: arm-linux-gnueabihf-gcc -shared conftest.o  -v -Wl,-soname -Wl,conftest -o conftest 2\>\&1 \| grep  -lc  \>/dev/null 2\>\&1
configure:7438: $? = 0
configure:7450: result: no
configure:7458: checking dynamic linker characteristics
configure:7998: result: GNU/Linux ld.so
configure:8002: checking how to hardcode library paths into programs
configure:8027: result: immediate
configure:8041: checking whether stripping libraries is possible
configure:8046: result: yes
configure:8869: checking if libtool supports shared libraries
configure:8871: result: yes
configure:8874: checking whether to build shared libraries
configure:8932: result: yes
configure:8935: checking whether to build static libraries
configure:8939: result: yes
configure:9031: creating libtool
configure:9578: checking for ld used by arm-linux-gnueabihf-g++
configure:9645: result: /usr/arm-linux-gnueabihf/bin/ld
configure:9654: checking if the linker (/usr/arm-linux-gnueabihf/bin/ld) is GNU ld
configure:9669: result: yes
configure:9720: checking whether the arm-linux-gnueabihf-g++ linker (/usr/arm-linux-gnueabihf/bin/ld) supports shared libraries
configure:10546: result: yes
configure:10564: arm-linux-gnueabihf-g++ -c -g -O2  conftest.cc >&5
configure:10567: $? = 0
configure:10663: checking for arm-linux-gnueabihf-g++ option to produce PIC
configure:10915: result: -fPIC
configure:10923: checking if arm-linux-gnueabihf-g++ PIC flag -fPIC works
configure:11015: arm-linux-gnueabihf-g++ -c -g -O2  -fPIC -DPIC conftest.cc >&5
configure:11019: $? = 0
configure:10956: result: yes
configure:10980: checking if arm-linux-gnueabihf-g++ supports -c -o file.o
configure:11075: arm-linux-gnueabihf-g++ -c -g -O2  -o out/conftest2.o conftest.cc >&5
configure:11079: $? = 0
configure:11025: result: yes
configure:11051: checking whether the arm-linux-gnueabihf-g++ linker (/usr/arm-linux-gnueabihf/bin/ld) supports shared libraries
configure:11076: result: yes
configure:11147: checking dynamic linker characteristics
configure:11687: result: GNU/Linux ld.so
configure:11691: checking how to hardcode library paths into programs
configure:11716: result: immediate
configure:11730: checking whether stripping libraries is possible
configure:11735: result: yes
configure:13035: checking if libtool supports shared libraries
configure:13037: result: yes
configure:13040: checking whether to build shared libraries
configure:13058: result: yes
configure:13061: checking whether to build static libraries
configure:13065: result: yes
configure:13077: checking for f77 option to produce PIC
configure:13254: result: -fPIC
configure:13262: checking if f77 PIC flag -fPIC works
configure:13354: f77 -c -g -O2 -fPIC conftest.f >&5
configure:13358: $? = 0
configure:13295: result: yes
configure:13319: checking if f77 supports -c -o file.o
configure:13414: f77 -c -g -O2 -o out/conftest2.o conftest.f >&5
configure:13418: $? = 0
configure:13364: result: yes
configure:13390: checking whether the f77 linker (/usr/arm-linux-gnueabihf/bin/ld) supports shared libraries
configure:14216: result: yes
configure:14287: checking dynamic linker characteristics
configure:14827: result: GNU/Linux ld.so
configure:14831: checking how to hardcode library paths into programs
configure:14856: result: immediate
configure:14870: checking whether stripping libraries is possible
configure:14875: result: yes
configure:19097: checking for ANSI C header files
configure:19252: result: yes
configure:19262: checking for sys/wait.h that is POSIX.1 compatible
configure:19293: arm-linux-gnueabihf-gcc -c -Wall  conftest.c >&5
configure:19299: $? = 0
configure:19302: test -z 			 || test ! -s conftest.err
configure:19305: $? = 0
configure:19308: test -s conftest.o
configure:19311: $? = 0
configure:19322: result: yes
configure:19351: checking assert.h usability
configure:19363: arm-linux-gnueabihf-gcc -c -Wall  conftest.c >&5
configure:19369: $? = 0
configure:19372: test -z 			 || test ! -s conftest.err
configure:19375: $? = 0
configure:19378: test -s conftest.o
configure:19381: $? = 0
configure:19391: result: yes
configure:19395: checking assert.h presence
configure:19405: arm-linux-gnueabihf-gcc -E  conftest.c
configure:19411: $? = 0
configure:19431: result: yes
configure:19466: checking for assert.h
configure:19473: result: yes
configure:19351: checking limits.h usability
configure:19363: arm-linux-gnueabihf-gcc -c -Wall  conftest.c >&5
configure:19369: $? = 0
configure:19372: test -z 			 || test ! -s conftest.err
configure:19375: $? = 0
configure:19378: test -s conftest.o
configure:19381: $? = 0
configure:19391: result: yes
configure:19395: checking limits.h presence
configure:19405: arm-linux-gnueabihf-gcc -E  conftest.c
configure:19411: $? = 0
configure:19431: result: yes
configure:19466: checking for limits.h
configure:19473: result: yes
configure:19342: checking for unistd.h
configure:19347: result: yes
configure:19342: checking for sys/types.h
configure:19347: result: yes
configure:19351: checking fcntl.h usability
configure:19363: arm-linux-gnueabihf-gcc -c -Wall  conftest.c >&5
configure:19369: $? = 0
configure:19372: test -z 			 || test ! -s conftest.err
configure:19375: $? = 0
configure:19378: test -s conftest.o
configure:19381: $? = 0
configure:19391: result: yes
configure:19395: checking fcntl.h presence
configure:19405: arm-linux-gnueabihf-gcc -E  conftest.c
configure:19411: $? = 0
configure:19431: result: yes
configure:19466: checking for fcntl.h
configure:19473: result: yes
configure:19351: checking errno.h usability
configure:19363: arm-linux-gnueabihf-gcc -c -Wall  conftest.c >&5
configure:19369: $? = 0
configure:19372: test -z 			 || test ! -s conftest.err
configure:19375: $? = 0
configure:19378: test -s conftest.o
configure:19381: $? = 0
configure:19391: result: yes
configure:19395: checking errno.h presence
configure:19405: arm-linux-gnueabihf-gcc -E  conftest.c
configure:19411: $? = 0
configure:19431: result: yes
configure:19466: checking for errno.h
configure:19473: result: yes
configure:19488: checking for an ANSI C-conforming const
configure:19555: arm-linux-gnueabihf-gcc -c -Wall  conftest.c >&5
conftest.c: In function 'main':
conftest.c:60:17: warning: unused variable 's' [-Wunused-variable]
   60 |     char const *s = 0 ? (char *) 0 : (char const *) 0;
      |                 ^
conftest.c:80:15: warning: unused variable 'foo' [-Wunused-variable]
   80 |     const int foo = 10;
      |               ^~~
conftest.c:47:29: warning: unused variable 'zero' [-Wunused-variable]
   47 |   static struct point const zero = {0,0};
      |                             ^~~~
conftest.c:41:17: warning: unused variable 'x' [-Wunused-variable]
   41 |   const charset x;
      |                 ^
At top level:
conftest.c:47:29: warning: 'zero' defined but not used [-Wunused-const-variable=]
   47 |   static struct point const zero = {0,0};
      |                             ^~~~
conftest.c: In function 'main':
conftest.c:62:7: warning: 't' is used uninitialized in this function [-Wuninitialized]
   62 |     *t++ = 0;
      |      ~^~
conftest.c:77:23: warning: 'b' is used uninitialized in this function [-Wuninitialized]
   77 |     struct s *b; b->j = 5;
      |                  ~~~~~^~~
configure:19561: $? = 0
configure:19564: test -z 			 || test ! -s conftest.err
configure:19567: $? = 0
configure:19570: test -s conftest.o
configure:19573: $? = 0
configure:19584: result: yes
configure:19594: checking for inline
configure:19615: arm-linux-gnueabihf-gcc -c -Wall  conftest.c >&5
configure:19621: $? = 0
configure:19624: test -z 			 || test ! -s conftest.err
configure:19627: $? = 0
configure:19630: test -s conftest.o
configure:19633: $? = 0
configure:19645: result: inline
configure:19664: checking whether byte ordering is bigendian
configure:19691: arm-linux-gnueabihf-gcc -c -Wall  conftest.c >&5
configure:19697: $? = 0
configure:19700: test -z 			 || test ! -s conftest.err
configure:19703: $? = 0
configure:19706: test -s conftest.o
configure:19709: $? = 0
configure:19733: arm-linux-gnueabihf-gcc -c -Wall  conftest.c >&5
conftest.c: In function 'main':
conftest.c:40:2: error: unknown type name 'not'; did you mean 'ino_t'?
   40 |  not big endian
      |  ^~~
      |  ino_t
conftest.c:40:10: error: expected '=', ',', ';', 'asm' or '__attribute__' before 'endian'
   40 |  not big endian
      |          ^~~~~~
configure:19739: $? = 1
configure: failed program was:
| /* confdefs.h.  */
| 
| #define PACKAGE_NAME "MPEG Audio Decoder"
| #define PACKAGE_TARNAME "libmad"
| #define PACKAGE_VERSION "0.15.1b"
| #define PACKAGE_STRING "MPEG Audio Decoder 0.15.1b"
| #define PACKAGE_BUGREPORT "support@underbit.com"
| #define PACKAGE "libmad"
| #define VERSION "0.15.1b"
| #define STDC_HEADERS 1
| #define HAVE_SYS_TYPES_H 1
| #define HAVE_SYS_STAT_H 1
| #define HAVE_STDLIB_H 1
| #define HAVE_STRING_H 1
| #define HAVE_MEMORY_H 1
| #define HAVE_STRINGS_H 1
| #define HAVE_INTTYPES_H 1
| #define HAVE_STDINT_H 1
| #define HAVE_UNISTD_H 1
| #define HAVE_DLFCN_H 1
| #ifdef __cplusplus
| extern "C" void std::exit (int) throw (); using std::exit;
| #endif
| #define STDC_HEADERS 1
| #define HAVE_SYS_WAIT_H 1
| #define HAVE_ASSERT_H 1
| #define HAVE_LIMITS_H 1
| #define HAVE_UNISTD_H 1
| #define HAVE_SYS_TYPES_H 1
| #define HAVE_FCNTL_H 1
| #define HAVE_ERRNO_H 1
| /* end confdefs.h.  */
| #include <sys/types.h>
| #include <sys/param.h>
| 
| int
| main ()
| {
| #if BYTE_ORDER != BIG_ENDIAN
|  not big endian
| #endif
| 
|   ;
|   return 0;
| }
configure:19872: result: no
configure:19891: checking for pid_t
configure:19915: arm-linux-gnueabihf-gcc -c -Wall  conftest.c >&5
configure:19921: $? = 0
configure:19924: test -z 			 || test ! -s conftest.err
configure:19927: $? = 0
configure:19930: test -s conftest.o
configure:19933: $? = 0
configure:19944: result: yes
configure:19957: checking for int
configure:19981: arm-linux-gnueabihf-gcc -c -Wall  conftest.c >&5
configure:19987: $? = 0
configure:19990: test -z 			 || test ! -s conftest.err
configure:19993: $? = 0
configure:19996: test -s conftest.o
configure:19999: $? = 0
configure:20010: result: yes
configure:20013: checking size of int
configure:20043: arm-linux-gnueabihf-gcc -c -Wall  conftest.c >&5
conftest.c: In function 'main':
conftest.c:70:12: warning: variable 'test_array' set but not used [-Wunused-but-set-variable]
   70 | static int test_array [1 - 2 * !(((long) (sizeof (int))) >= 0)];
      |            ^~~~~~~~~~
configure:20049: $? = 0
configure:20052: test -z 			 || test ! -s conftest.err
configure:20055: $? = 0
configure:20058: test -s conftest.o
configure:20061: $? = 0
configure:20083: arm-linux-gnueabihf-gcc -c -Wall  conftest.c >&5
conftest.c: In function 'main':
conftest.c:70:12: error: size of array 'test_array' is negative
   70 | static int test_array [1 - 2 * !(((long) (sizeof (int))) <= 0)];
      |            ^~~~~~~~~~
conftest.c:70:12: warning: variable 'test_array' set but not used [-Wunused-but-set-variable]
configure:20089: $? = 1
configure: failed program was:
| /* confdefs.h.  */
| 
| #define PACKAGE_NAME "MPEG Audio Decoder"
| #define PACKAGE_TARNAME "libmad"
| #define PACKAGE_VERSION "0.15.1b"
| #define PACKAGE_STRING "MPEG Audio Decoder 0.15.1b"
| #define PACKAGE_BUGREPORT "support@underbit.com"
| #define PACKAGE "libmad"
| #define VERSION "0.15.1b"
| #define STDC_HEADERS 1
| #define HAVE_SYS_TYPES_H 1
| #define HAVE_SYS_STAT_H 1
| #define HAVE_STDLIB_H 1
| #define HAVE_STRING_H 1
| #define HAVE_MEMORY_H 1
| #define HAVE_STRINGS_H 1
| #define HAVE_INTTYPES_H 1
| #define HAVE_STDINT_H 1
| #define HAVE_UNISTD_H 1
| #define HAVE_DLFCN_H 1
| #ifdef __cplusplus
| extern "C" void std::exit (int) throw (); using std::exit;
| #endif
| #define STDC_HEADERS 1
| #define HAVE_SYS_WAIT_H 1
| #define HAVE_ASSERT_H 1
| #define HAVE_LIMITS_H 1
| #define HAVE_UNISTD_H 1
| #define HAVE_SYS_TYPES_H 1
| #define HAVE_FCNTL_H 1
| #define HAVE_ERRNO_H 1
| /* end confdefs.h.  */
| #include <stdio.h>
| #if HAVE_SYS_TYPES_H
| # include <sys/types.h>
| #endif
| #if HAVE_SYS_STAT_H
| # include <sys/stat.h>
| #endif
| #if STDC_HEADERS
| # include <stdlib.h>
| # include <stddef.h>
| #else
| # if HAVE_STDLIB_H
| #  include <stdlib.h>
| # endif
| #endif
| #if HAVE_STRING_H
| # if !STDC_HEADERS && HAVE_MEMORY_H
| #  include <memory.h>
| # endif
| # include <string.h>
| #endif
| #if HAVE_STRINGS_H
| # include <strings.h>
| #endif
| #if HAVE_INTTYPES_H
| # include <inttypes.h>
| #else
| # if HAVE_STDINT_H
| #  include <stdint.h>
| # endif
| #endif
| #if HAVE_UNISTD_H
| # include <unistd.h>
| #endif
| int
| main ()
| {
| static int test_array [1 - 2 * !(((long) (sizeof (int))) <= 0)];
| test_array [0] = 0
| 
|   ;
|   return 0;
| }
configure:20083: arm-linux-gnueabihf-gcc -c -Wall  conftest.c >&5
conftest.c: In function 'main':
conftest.c:70:12: error: size of array 'test_array' is negative
   70 | static int test_array [1 - 2 * !(((long) (sizeof (int))) <= 1)];
      |            ^~~~~~~~~~
conftest.c:70:12: warning: variable 'test_array' set but not used [-Wunused-but-set-variable]
configure:20089: $? = 1
configure: failed program was:
| /* confdefs.h.  */
| 
| #define PACKAGE_NAME "MPEG Audio Decoder"
| #define PACKAGE_TARNAME "libmad"
| #define PACKAGE_VERSION "0.15.1b"
| #define PACKAGE_STRING "MPEG Audio Decoder 0.15.1b"
| #define PACKAGE_BUGREPORT "support@underbit.com"
| #define PACKAGE "libmad"
| #define VERSION "0.15.1b"
| #define STDC_HEADERS 1
| #define HAVE_SYS_TYPES_H 1
| #define HAVE_SYS_STAT_H 1
| #define HAVE_STDLIB_H 1
| #define HAVE_STRING_H 1
| #define HAVE_MEMORY_H 1
| #define HAVE_STRINGS_H 1
| #define HAVE_INTTYPES_H 1
| #define HAVE_STDINT_H 1
| #define HAVE_UNISTD_H 1
| #define HAVE_DLFCN_H 1
| #ifdef __cplusplus
| extern "C" void std::exit (int) throw (); using std::exit;
| #endif
| #define STDC_HEADERS 1
| #define HAVE_SYS_WAIT_H 1
| #define HAVE_ASSERT_H 1
| #define HAVE_LIMITS_H 1
| #define HAVE_UNISTD_H 1
| #define HAVE_SYS_TYPES_H 1
| #define HAVE_FCNTL_H 1
| #define HAVE_ERRNO_H 1
| /* end confdefs.h.  */
| #include <stdio.h>
| #if HAVE_SYS_TYPES_H
| # include <sys/types.h>
| #endif
| #if HAVE_SYS_STAT_H
| # include <sys/stat.h>
| #endif
| #if STDC_HEADERS
| # include <stdlib.h>
| # include <stddef.h>
| #else
| # if HAVE_STDLIB_H
| #  include <stdlib.h>
| # endif
| #endif
| #if HAVE_STRING_H
| # if !STDC_HEADERS && HAVE_MEMORY_H
| #  include <memory.h>
| # endif
| # include <string.h>
| #endif
| #if HAVE_STRINGS_H
| # include <strings.h>
| #endif
| #if HAVE_INTTYPES_H
| # include <inttypes.h>
| #else
| # if HAVE_STDINT_H
| #  include <stdint.h>
| # endif
| #endif
| #if HAVE_UNISTD_H
| # include <unistd.h>
| #endif
| int
| main ()
| {
| static int test_array [1 - 2 * !(((long) (sizeof (int))) <= 1)];
| test_array [0] = 0
| 
|   ;
|   return 0;
| }
configure:20083: arm-linux-gnueabihf-gcc -c -Wall  conftest.c >&5
conftest.c: In function 'main':
conftest.c:70:12: error: size of array 'test_array' is negative
   70 | static int test_array [1 - 2 * !(((long) (sizeof (int))) <= 3)];
      |            ^~~~~~~~~~
conftest.c:70:12: warning: variable 'test_array' set but not used [-Wunused-but-set-variable]
configure:20089: $? = 1
configure: failed program was:
| /* confdefs.h.  */
| 
| #define PACKAGE_NAME "MPEG Audio Decoder"
| #define PACKAGE_TARNAME "libmad"
| #define PACKAGE_VERSION "0.15.1b"
| #define PACKAGE_STRING "MPEG Audio Decoder 0.15.1b"
| #define PACKAGE_BUGREPORT "support@underbit.com"
| #define PACKAGE "libmad"
| #define VERSION "0.15.1b"
| #define STDC_HEADERS 1
| #define HAVE_SYS_TYPES_H 1
| #define HAVE_SYS_STAT_H 1
| #define HAVE_STDLIB_H 1
| #define HAVE_STRING_H 1
| #define HAVE_MEMORY_H 1
| #define HAVE_STRINGS_H 1
| #define HAVE_INTTYPES_H 1
| #define HAVE_STDINT_H 1
| #define HAVE_UNISTD_H 1
| #define HAVE_DLFCN_H 1
| #ifdef __cplusplus
| extern "C" void std::exit (int) throw (); using std::exit;
| #endif
| #define STDC_HEADERS 1
| #define HAVE_SYS_WAIT_H 1
| #define HAVE_ASSERT_H 1
| #define HAVE_LIMITS_H 1
| #define HAVE_UNISTD_H 1
| #define HAVE_SYS_TYPES_H 1
| #define HAVE_FCNTL_H 1
| #define HAVE_ERRNO_H 1
| /* end confdefs.h.  */
| #include <stdio.h>
| #if HAVE_SYS_TYPES_H
| # include <sys/types.h>
| #endif
| #if HAVE_SYS_STAT_H
| # include <sys/stat.h>
| #endif
| #if STDC_HEADERS
| # include <stdlib.h>
| # include <stddef.h>
| #else
| # if HAVE_STDLIB_H
| #  include <stdlib.h>
| # endif
| #endif
| #if HAVE_STRING_H
| # if !STDC_HEADERS && HAVE_MEMORY_H
| #  include <memory.h>
| # endif
| # include <string.h>
| #endif
| #if HAVE_STRINGS_H
| # include <strings.h>
| #endif
| #if HAVE_INTTYPES_H
| # include <inttypes.h>
| #else
| # if HAVE_STDINT_H
| #  include <stdint.h>
| # endif
| #endif
| #if HAVE_UNISTD_H
| # include <unistd.h>
| #endif
| int
| main ()
| {
| static int test_array [1 - 2 * !(((long) (sizeof (int))) <= 3)];
| test_array [0] = 0
| 
|   ;
|   return 0;
| }
configure:20083: arm-linux-gnueabihf-gcc -c -Wall  conftest.c >&5
conftest.c: In function 'main':
conftest.c:70:12: warning: variable 'test_array' set but not used [-Wunused-but-set-variable]
   70 | static int test_array [1 - 2 * !(((long) (sizeof (int))) <= 7)];
      |            ^~~~~~~~~~
configure:20089: $? = 0
configure:20092: test -z 			 || test ! -s conftest.err
configure:20095: $? = 0
configure:20098: test -s conftest.o
configure:20101: $? = 0
configure:20243: arm-linux-gnueabihf-gcc -c -Wall  conftest.c >&5
conftest.c: In function 'main':
conftest.c:70:12: warning: variable 'test_array' set but not used [-Wunused-but-set-variable]
   70 | static int test_array [1 - 2 * !(((long) (sizeof (int))) <= 5)];
      |            ^~~~~~~~~~
configure:20249: $? = 0
configure:20252: test -z 			 || test ! -s conftest.err
configure:20255: $? = 0
configure:20258: test -s conftest.o
configure:20261: $? = 0
configure:20243: arm-linux-gnueabihf-gcc -c -Wall  conftest.c >&5
conftest.c: In function 'main':
conftest.c:70:12: warning: variable 'test_array' set but not used [-Wunused-but-set-variable]
   70 | static int test_array [1 - 2 * !(((long) (sizeof (int))) <= 4)];
      |            ^~~~~~~~~~
configure:20249: $? = 0
configure:20252: test -z 			 || test ! -s conftest.err
configure:20255: $? = 0
configure:20258: test -s conftest.o
configure:20261: $? = 0
configure:20356: result: 4
configure:20363: checking for long
configure:20387: arm-linux-gnueabihf-gcc -c -Wall  conftest.c >&5
configure:20393: $? = 0
configure:20396: test -z 			 || test ! -s conftest.err
configure:20399: $? = 0
configure:20402: test -s conftest.o
configure:20405: $? = 0
configure:20416: result: yes
configure:20419: checking size of long
configure:20449: arm-linux-gnueabihf-gcc -c -Wall  conftest.c >&5
conftest.c: In function 'main':
conftest.c:71:12: warning: variable 'test_array' set but not used [-Wunused-but-set-variable]
   71 | static int test_array [1 - 2 * !(((long) (sizeof (long))) >= 0)];
      |            ^~~~~~~~~~
configure:20455: $? = 0
configure:20458: test -z 			 || test ! -s conftest.err
configure:20461: $? = 0
configure:20464: test -s conftest.o
configure:20467: $? = 0
configure:20489: arm-linux-gnueabihf-gcc -c -Wall  conftest.c >&5
conftest.c: In function 'main':
conftest.c:71:12: error: size of array 'test_array' is negative
   71 | static int test_array [1 - 2 * !(((long) (sizeof (long))) <= 0)];
      |            ^~~~~~~~~~
conftest.c:71:12: warning: variable 'test_array' set but not used [-Wunused-but-set-variable]
configure:20495: $? = 1
configure: failed program was:
| /* confdefs.h.  */
| 
| #define PACKAGE_NAME "MPEG Audio Decoder"
| #define PACKAGE_TARNAME "libmad"
| #define PACKAGE_VERSION "0.15.1b"
| #define PACKAGE_STRING "MPEG Audio Decoder 0.15.1b"
| #define PACKAGE_BUGREPORT "support@underbit.com"
| #define PACKAGE "libmad"
| #define VERSION "0.15.1b"
| #define STDC_HEADERS 1
| #define HAVE_SYS_TYPES_H 1
| #define HAVE_SYS_STAT_H 1
| #define HAVE_STDLIB_H 1
| #define HAVE_STRING_H 1
| #define HAVE_MEMORY_H 1
| #define HAVE_STRINGS_H 1
| #define HAVE_INTTYPES_H 1
| #define HAVE_STDINT_H 1
| #define HAVE_UNISTD_H 1
| #define HAVE_DLFCN_H 1
| #ifdef __cplusplus
| extern "C" void std::exit (int) throw (); using std::exit;
| #endif
| #define STDC_HEADERS 1
| #define HAVE_SYS_WAIT_H 1
| #define HAVE_ASSERT_H 1
| #define HAVE_LIMITS_H 1
| #define HAVE_UNISTD_H 1
| #define HAVE_SYS_TYPES_H 1
| #define HAVE_FCNTL_H 1
| #define HAVE_ERRNO_H 1
| #define SIZEOF_INT 4
| /* end confdefs.h.  */
| #include <stdio.h>
| #if HAVE_SYS_TYPES_H
| # include <sys/types.h>
| #endif
| #if HAVE_SYS_STAT_H
| # include <sys/stat.h>
| #endif
| #if STDC_HEADERS
| # include <stdlib.h>
| # include <stddef.h>
| #else
| # if HAVE_STDLIB_H
| #  include <stdlib.h>
| # endif
| #endif
| #if HAVE_STRING_H
| # if !STDC_HEADERS && HAVE_MEMORY_H
| #  include <memory.h>
| # endif
| # include <string.h>
| #endif
| #if HAVE_STRINGS_H
| # include <strings.h>
| #endif
| #if HAVE_INTTYPES_H
| # include <inttypes.h>
| #else
| # if HAVE_STDINT_H
| #  include <stdint.h>
| # endif
| #endif
| #if HAVE_UNISTD_H
| # include <unistd.h>
| #endif
| int
| main ()
| {
| static int test_array [1 - 2 * !(((long) (sizeof (long))) <= 0)];
| test_array [0] = 0
| 
|   ;
|   return 0;
| }
configure:20489: arm-linux-gnueabihf-gcc -c -Wall  conftest.c >&5
conftest.c: In function 'main':
conftest.c:71:12: error: size of array 'test_array' is negative
   71 | static int test_array [1 - 2 * !(((long) (sizeof (long))) <= 1)];
      |            ^~~~~~~~~~
conftest.c:71:12: warning: variable 'test_array' set but not used [-Wunused-but-set-variable]
configure:20495: $? = 1
configure: failed program was:
| /* confdefs.h.  */
| 
| #define PACKAGE_NAME "MPEG Audio Decoder"
| #define PACKAGE_TARNAME "libmad"
| #define PACKAGE_VERSION "0.15.1b"
| #define PACKAGE_STRING "MPEG Audio Decoder 0.15.1b"
| #define PACKAGE_BUGREPORT "support@underbit.com"
| #define PACKAGE "libmad"
| #define VERSION "0.15.1b"
| #define STDC_HEADERS 1
| #define HAVE_SYS_TYPES_H 1
| #define HAVE_SYS_STAT_H 1
| #define HAVE_STDLIB_H 1
| #define HAVE_STRING_H 1
| #define HAVE_MEMORY_H 1
| #define HAVE_STRINGS_H 1
| #define HAVE_INTTYPES_H 1
| #define HAVE_STDINT_H 1
| #define HAVE_UNISTD_H 1
| #define HAVE_DLFCN_H 1
| #ifdef __cplusplus
| extern "C" void std::exit (int) throw (); using std::exit;
| #endif
| #define STDC_HEADERS 1
| #define HAVE_SYS_WAIT_H 1
| #define HAVE_ASSERT_H 1
| #define HAVE_LIMITS_H 1
| #define HAVE_UNISTD_H 1
| #define HAVE_SYS_TYPES_H 1
| #define HAVE_FCNTL_H 1
| #define HAVE_ERRNO_H 1
| #define SIZEOF_INT 4
| /* end confdefs.h.  */
| #include <stdio.h>
| #if HAVE_SYS_TYPES_H
| # include <sys/types.h>
| #endif
| #if HAVE_SYS_STAT_H
| # include <sys/stat.h>
| #endif
| #if STDC_HEADERS
| # include <stdlib.h>
| # include <stddef.h>
| #else
| # if HAVE_STDLIB_H
| #  include <stdlib.h>
| # endif
| #endif
| #if HAVE_STRING_H
| # if !STDC_HEADERS && HAVE_MEMORY_H
| #  include <memory.h>
| # endif
| # include <string.h>
| #endif
| #if HAVE_STRINGS_H
| # include <strings.h>
| #endif
| #if HAVE_INTTYPES_H
| # include <inttypes.h>
| #else
| # if HAVE_STDINT_H
| #  include <stdint.h>
| # endif
| #endif
| #if HAVE_UNISTD_H
| # include <unistd.h>
| #endif
| int
| main ()
| {
| static int test_array [1 - 2 * !(((long) (sizeof (long))) <= 1)];
| test_array [0] = 0
| 
|   ;
|   return 0;
| }
configure:20489: arm-linux-gnueabihf-gcc -c -Wall  conftest.c >&5
conftest.c: In function 'main':
conftest.c:71:12: error: size of array 'test_array' is negative
   71 | static int test_array [1 - 2 * !(((long) (sizeof (long))) <= 3)];
      |            ^~~~~~~~~~
conftest.c:71:12: warning: variable 'test_array' set but not used [-Wunused-but-set-variable]
configure:20495: $? = 1
configure: failed program was:
| /* confdefs.h.  */
| 
| #define PACKAGE_NAME "MPEG Audio Decoder"
| #define PACKAGE_TARNAME "libmad"
| #define PACKAGE_VERSION "0.15.1b"
| #define PACKAGE_STRING "MPEG Audio Decoder 0.15.1b"
| #define PACKAGE_BUGREPORT "support@underbit.com"
| #define PACKAGE "libmad"
| #define VERSION "0.15.1b"
| #define STDC_HEADERS 1
| #define HAVE_SYS_TYPES_H 1
| #define HAVE_SYS_STAT_H 1
| #define HAVE_STDLIB_H 1
| #define HAVE_STRING_H 1
| #define HAVE_MEMORY_H 1
| #define HAVE_STRINGS_H 1
| #define HAVE_INTTYPES_H 1
| #define HAVE_STDINT_H 1
| #define HAVE_UNISTD_H 1
| #define HAVE_DLFCN_H 1
| #ifdef __cplusplus
| extern "C" void std::exit (int) throw (); using std::exit;
| #endif
| #define STDC_HEADERS 1
| #define HAVE_SYS_WAIT_H 1
| #define HAVE_ASSERT_H 1
| #define HAVE_LIMITS_H 1
| #define HAVE_UNISTD_H 1
| #define HAVE_SYS_TYPES_H 1
| #define HAVE_FCNTL_H 1
| #define HAVE_ERRNO_H 1
| #define SIZEOF_INT 4
| /* end confdefs.h.  */
| #include <stdio.h>
| #if HAVE_SYS_TYPES_H
| # include <sys/types.h>
| #endif
| #if HAVE_SYS_STAT_H
| # include <sys/stat.h>
| #endif
| #if STDC_HEADERS
| # include <stdlib.h>
| # include <stddef.h>
| #else
| # if HAVE_STDLIB_H
| #  include <stdlib.h>
| # endif
| #endif
| #if HAVE_STRING_H
| # if !STDC_HEADERS && HAVE_MEMORY_H
| #  include <memory.h>
| # endif
| # include <string.h>
| #endif
| #if HAVE_STRINGS_H
| # include <strings.h>
| #endif
| #if HAVE_INTTYPES_H
| # include <inttypes.h>
| #else
| # if HAVE_STDINT_H
| #  include <stdint.h>
| # endif
| #endif
| #if HAVE_UNISTD_H
| # include <unistd.h>
| #endif
| int
| main ()
| {
| static int test_array [1 - 2 * !(((long) (sizeof (long))) <= 3)];
| test_array [0] = 0
| 
|   ;
|   return 0;
| }
configure:20489: arm-linux-gnueabihf-gcc -c -Wall  conftest.c >&5
conftest.c: In function 'main':
conftest.c:71:12: warning: variable 'test_array' set but not used [-Wunused-but-set-variable]
   71 | static int test_array [1 - 2 * !(((long) (sizeof (long))) <= 7)];
      |            ^~~~~~~~~~
configure:20495: $? = 0
configure:20498: test -z 			 || test ! -s conftest.err
configure:20501: $? = 0
configure:20504: test -s conftest.o
configure:20507: $? = 0
configure:20649: arm-linux-gnueabihf-gcc -c -Wall  conftest.c >&5
conftest.c: In function 'main':
conftest.c:71:12: warning: variable 'test_array' set but not used [-Wunused-but-set-variable]
   71 | static int test_array [1 - 2 * !(((long) (sizeof (long))) <= 5)];
      |            ^~~~~~~~~~
configure:20655: $? = 0
configure:20658: test -z 			 || test ! -s conftest.err
configure:20661: $? = 0
configure:20664: test -s conftest.o
configure:20667: $? = 0
configure:20649: arm-linux-gnueabihf-gcc -c -Wall  conftest.c >&5
conftest.c: In function 'main':
conftest.c:71:12: warning: variable 'test_array' set but not used [-Wunused-but-set-variable]
   71 | static int test_array [1 - 2 * !(((long) (sizeof (long))) <= 4)];
      |            ^~~~~~~~~~
configure:20655: $? = 0
configure:20658: test -z 			 || test ! -s conftest.err
configure:20661: $? = 0
configure:20664: test -s conftest.o
configure:20667: $? = 0
configure:20762: result: 4
configure:20769: checking for long long
configure:20793: arm-linux-gnueabihf-gcc -c -Wall  conftest.c >&5
configure:20799: $? = 0
configure:20802: test -z 			 || test ! -s conftest.err
configure:20805: $? = 0
configure:20808: test -s conftest.o
configure:20811: $? = 0
configure:20822: result: yes
configure:20825: checking size of long long
configure:20855: arm-linux-gnueabihf-gcc -c -Wall  conftest.c >&5
conftest.c: In function 'main':
conftest.c:72:12: warning: variable 'test_array' set but not used [-Wunused-but-set-variable]
   72 | static int test_array [1 - 2 * !(((long) (sizeof (long long))) >= 0)];
      |            ^~~~~~~~~~
configure:20861: $? = 0
configure:20864: test -z 			 || test ! -s conftest.err
configure:20867: $? = 0
configure:20870: test -s conftest.o
configure:20873: $? = 0
configure:20895: arm-linux-gnueabihf-gcc -c -Wall  conftest.c >&5
conftest.c: In function 'main':
conftest.c:72:12: error: size of array 'test_array' is negative
   72 | static int test_array [1 - 2 * !(((long) (sizeof (long long))) <= 0)];
      |            ^~~~~~~~~~
conftest.c:72:12: warning: variable 'test_array' set but not used [-Wunused-but-set-variable]
configure:20901: $? = 1
configure: failed program was:
| /* confdefs.h.  */
| 
| #define PACKAGE_NAME "MPEG Audio Decoder"
| #define PACKAGE_TARNAME "libmad"
| #define PACKAGE_VERSION "0.15.1b"
| #define PACKAGE_STRING "MPEG Audio Decoder 0.15.1b"
| #define PACKAGE_BUGREPORT "support@underbit.com"
| #define PACKAGE "libmad"
| #define VERSION "0.15.1b"
| #define STDC_HEADERS 1
| #define HAVE_SYS_TYPES_H 1
| #define HAVE_SYS_STAT_H 1
| #define HAVE_STDLIB_H 1
| #define HAVE_STRING_H 1
| #define HAVE_MEMORY_H 1
| #define HAVE_STRINGS_H 1
| #define HAVE_INTTYPES_H 1
| #define HAVE_STDINT_H 1
| #define HAVE_UNISTD_H 1
| #define HAVE_DLFCN_H 1
| #ifdef __cplusplus
| extern "C" void std::exit (int) throw (); using std::exit;
| #endif
| #define STDC_HEADERS 1
| #define HAVE_SYS_WAIT_H 1
| #define HAVE_ASSERT_H 1
| #define HAVE_LIMITS_H 1
| #define HAVE_UNISTD_H 1
| #define HAVE_SYS_TYPES_H 1
| #define HAVE_FCNTL_H 1
| #define HAVE_ERRNO_H 1
| #define SIZEOF_INT 4
| #define SIZEOF_LONG 4
| /* end confdefs.h.  */
| #include <stdio.h>
| #if HAVE_SYS_TYPES_H
| # include <sys/types.h>
| #endif
| #if HAVE_SYS_STAT_H
| # include <sys/stat.h>
| #endif
| #if STDC_HEADERS
| # include <stdlib.h>
| # include <stddef.h>
| #else
| # if HAVE_STDLIB_H
| #  include <stdlib.h>
| # endif
| #endif
| #if HAVE_STRING_H
| # if !STDC_HEADERS && HAVE_MEMORY_H
| #  include <memory.h>
| # endif
| # include <string.h>
| #endif
| #if HAVE_STRINGS_H
| # include <strings.h>
| #endif
| #if HAVE_INTTYPES_H
| # include <inttypes.h>
| #else
| # if HAVE_STDINT_H
| #  include <stdint.h>
| # endif
| #endif
| #if HAVE_UNISTD_H
| # include <unistd.h>
| #endif
| int
| main ()
| {
| static int test_array [1 - 2 * !(((long) (sizeof (long long))) <= 0)];
| test_array [0] = 0
| 
|   ;
|   return 0;
| }
configure:20895: arm-linux-gnueabihf-gcc -c -Wall  conftest.c >&5
conftest.c: In function 'main':
conftest.c:72:12: error: size of array 'test_array' is negative
   72 | static int test_array [1 - 2 * !(((long) (sizeof (long long))) <= 1)];
      |            ^~~~~~~~~~
conftest.c:72:12: warning: variable 'test_array' set but not used [-Wunused-but-set-variable]
configure:20901: $? = 1
configure: failed program was:
| /* confdefs.h.  */
| 
| #define PACKAGE_NAME "MPEG Audio Decoder"
| #define PACKAGE_TARNAME "libmad"
| #define PACKAGE_VERSION "0.15.1b"
| #define PACKAGE_STRING "MPEG Audio Decoder 0.15.1b"
| #define PACKAGE_BUGREPORT "support@underbit.com"
| #define PACKAGE "libmad"
| #define VERSION "0.15.1b"
| #define STDC_HEADERS 1
| #define HAVE_SYS_TYPES_H 1
| #define HAVE_SYS_STAT_H 1
| #define HAVE_STDLIB_H 1
| #define HAVE_STRING_H 1
| #define HAVE_MEMORY_H 1
| #define HAVE_STRINGS_H 1
| #define HAVE_INTTYPES_H 1
| #define HAVE_STDINT_H 1
| #define HAVE_UNISTD_H 1
| #define HAVE_DLFCN_H 1
| #ifdef __cplusplus
| extern "C" void std::exit (int) throw (); using std::exit;
| #endif
| #define STDC_HEADERS 1
| #define HAVE_SYS_WAIT_H 1
| #define HAVE_ASSERT_H 1
| #define HAVE_LIMITS_H 1
| #define HAVE_UNISTD_H 1
| #define HAVE_SYS_TYPES_H 1
| #define HAVE_FCNTL_H 1
| #define HAVE_ERRNO_H 1
| #define SIZEOF_INT 4
| #define SIZEOF_LONG 4
| /* end confdefs.h.  */
| #include <stdio.h>
| #if HAVE_SYS_TYPES_H
| # include <sys/types.h>
| #endif
| #if HAVE_SYS_STAT_H
| # include <sys/stat.h>
| #endif
| #if STDC_HEADERS
| # include <stdlib.h>
| # include <stddef.h>
| #else
| # if HAVE_STDLIB_H
| #  include <stdlib.h>
| # endif
| #endif
| #if HAVE_STRING_H
| # if !STDC_HEADERS && HAVE_MEMORY_H
| #  include <memory.h>
| # endif
| # include <string.h>
| #endif
| #if HAVE_STRINGS_H
| # include <strings.h>
| #endif
| #if HAVE_INTTYPES_H
| # include <inttypes.h>
| #else
| # if HAVE_STDINT_H
| #  include <stdint.h>
| # endif
| #endif
| #if HAVE_UNISTD_H
| # include <unistd.h>
| #endif
| int
| main ()
| {
| static int test_array [1 - 2 * !(((long) (sizeof (long long))) <= 1)];
| test_array [0] = 0
| 
|   ;
|   return 0;
| }
configure:20895: arm-linux-gnueabihf-gcc -c -Wall  conftest.c >&5
conftest.c: In function 'main':
conftest.c:72:12: error: size of array 'test_array' is negative
   72 | static int test_array [1 - 2 * !(((long) (sizeof (long long))) <= 3)];
      |            ^~~~~~~~~~
conftest.c:72:12: warning: variable 'test_array' set but not used [-Wunused-but-set-variable]
configure:20901: $? = 1
configure: failed program was:
| /* confdefs.h.  */
| 
| #define PACKAGE_NAME "MPEG Audio Decoder"
| #define PACKAGE_TARNAME "libmad"
| #define PACKAGE_VERSION "0.15.1b"
| #define PACKAGE_STRING "MPEG Audio Decoder 0.15.1b"
| #define PACKAGE_BUGREPORT "support@underbit.com"
| #define PACKAGE "libmad"
| #define VERSION "0.15.1b"
| #define STDC_HEADERS 1
| #define HAVE_SYS_TYPES_H 1
| #define HAVE_SYS_STAT_H 1
| #define HAVE_STDLIB_H 1
| #define HAVE_STRING_H 1
| #define HAVE_MEMORY_H 1
| #define HAVE_STRINGS_H 1
| #define HAVE_INTTYPES_H 1
| #define HAVE_STDINT_H 1
| #define HAVE_UNISTD_H 1
| #define HAVE_DLFCN_H 1
| #ifdef __cplusplus
| extern "C" void std::exit (int) throw (); using std::exit;
| #endif
| #define STDC_HEADERS 1
| #define HAVE_SYS_WAIT_H 1
| #define HAVE_ASSERT_H 1
| #define HAVE_LIMITS_H 1
| #define HAVE_UNISTD_H 1
| #define HAVE_SYS_TYPES_H 1
| #define HAVE_FCNTL_H 1
| #define HAVE_ERRNO_H 1
| #define SIZEOF_INT 4
| #define SIZEOF_LONG 4
| /* end confdefs.h.  */
| #include <stdio.h>
| #if HAVE_SYS_TYPES_H
| # include <sys/types.h>
| #endif
| #if HAVE_SYS_STAT_H
| # include <sys/stat.h>
| #endif
| #if STDC_HEADERS
| # include <stdlib.h>
| # include <stddef.h>
| #else
| # if HAVE_STDLIB_H
| #  include <stdlib.h>
| # endif
| #endif
| #if HAVE_STRING_H
| # if !STDC_HEADERS && HAVE_MEMORY_H
| #  include <memory.h>
| # endif
| # include <string.h>
| #endif
| #if HAVE_STRINGS_H
| # include <strings.h>
| #endif
| #if HAVE_INTTYPES_H
| # include <inttypes.h>
| #else
| # if HAVE_STDINT_H
| #  include <stdint.h>
| # endif
| #endif
| #if HAVE_UNISTD_H
| # include <unistd.h>
| #endif
| int
| main ()
| {
| static int test_array [1 - 2 * !(((long) (sizeof (long long))) <= 3)];
| test_array [0] = 0
| 
|   ;
|   return 0;
| }
configure:20895: arm-linux-gnueabihf-gcc -c -Wall  conftest.c >&5
conftest.c: In function 'main':
conftest.c:72:12: error: size of array 'test_array' is negative
   72 | static int test_array [1 - 2 * !(((long) (sizeof (long long))) <= 7)];
      |            ^~~~~~~~~~
conftest.c:72:12: warning: variable 'test_array' set but not used [-Wunused-but-set-variable]
configure:20901: $? = 1
configure: failed program was:
| /* confdefs.h.  */
| 
| #define PACKAGE_NAME "MPEG Audio Decoder"
| #define PACKAGE_TARNAME "libmad"
| #define PACKAGE_VERSION "0.15.1b"
| #define PACKAGE_STRING "MPEG Audio Decoder 0.15.1b"
| #define PACKAGE_BUGREPORT "support@underbit.com"
| #define PACKAGE "libmad"
| #define VERSION "0.15.1b"
| #define STDC_HEADERS 1
| #define HAVE_SYS_TYPES_H 1
| #define HAVE_SYS_STAT_H 1
| #define HAVE_STDLIB_H 1
| #define HAVE_STRING_H 1
| #define HAVE_MEMORY_H 1
| #define HAVE_STRINGS_H 1
| #define HAVE_INTTYPES_H 1
| #define HAVE_STDINT_H 1
| #define HAVE_UNISTD_H 1
| #define HAVE_DLFCN_H 1
| #ifdef __cplusplus
| extern "C" void std::exit (int) throw (); using std::exit;
| #endif
| #define STDC_HEADERS 1
| #define HAVE_SYS_WAIT_H 1
| #define HAVE_ASSERT_H 1
| #define HAVE_LIMITS_H 1
| #define HAVE_UNISTD_H 1
| #define HAVE_SYS_TYPES_H 1
| #define HAVE_FCNTL_H 1
| #define HAVE_ERRNO_H 1
| #define SIZEOF_INT 4
| #define SIZEOF_LONG 4
| /* end confdefs.h.  */
| #include <stdio.h>
| #if HAVE_SYS_TYPES_H
| # include <sys/types.h>
| #endif
| #if HAVE_SYS_STAT_H
| # include <sys/stat.h>
| #endif
| #if STDC_HEADERS
| # include <stdlib.h>
| # include <stddef.h>
| #else
| # if HAVE_STDLIB_H
| #  include <stdlib.h>
| # endif
| #endif
| #if HAVE_STRING_H
| # if !STDC_HEADERS && HAVE_MEMORY_H
| #  include <memory.h>
| # endif
| # include <string.h>
| #endif
| #if HAVE_STRINGS_H
| # include <strings.h>
| #endif
| #if HAVE_INTTYPES_H
| # include <inttypes.h>
| #else
| # if HAVE_STDINT_H
| #  include <stdint.h>
| # endif
| #endif
| #if HAVE_UNISTD_H
| # include <unistd.h>
| #endif
| int
| main ()
| {
| static int test_array [1 - 2 * !(((long) (sizeof (long long))) <= 7)];
| test_array [0] = 0
| 
|   ;
|   return 0;
| }
configure:20895: arm-linux-gnueabihf-gcc -c -Wall  conftest.c >&5
conftest.c: In function 'main':
conftest.c:72:12: warning: variable 'test_array' set but not used [-Wunused-but-set-variable]
   72 | static int test_array [1 - 2 * !(((long) (sizeof (long long))) <= 15)];
      |            ^~~~~~~~~~
configure:20901: $? = 0
configure:20904: test -z 			 || test ! -s conftest.err
configure:20907: $? = 0
configure:20910: test -s conftest.o
configure:20913: $? = 0
configure:21055: arm-linux-gnueabihf-gcc -c -Wall  conftest.c >&5
conftest.c: In function 'main':
conftest.c:72:12: warning: variable 'test_array' set but not used [-Wunused-but-set-variable]
   72 | static int test_array [1 - 2 * !(((long) (sizeof (long long))) <= 11)];
      |            ^~~~~~~~~~
configure:21061: $? = 0
configure:21064: test -z 			 || test ! -s conftest.err
configure:21067: $? = 0
configure:21070: test -s conftest.o
configure:21073: $? = 0
configure:21055: arm-linux-gnueabihf-gcc -c -Wall  conftest.c >&5
conftest.c: In function 'main':
conftest.c:72:12: warning: variable 'test_array' set but not used [-Wunused-but-set-variable]
   72 | static int test_array [1 - 2 * !(((long) (sizeof (long long))) <= 9)];
      |            ^~~~~~~~~~
configure:21061: $? = 0
configure:21064: test -z 			 || test ! -s conftest.err
configure:21067: $? = 0
configure:21070: test -s conftest.o
configure:21073: $? = 0
configure:21055: arm-linux-gnueabihf-gcc -c -Wall  conftest.c >&5
conftest.c: In function 'main':
conftest.c:72:12: warning: variable 'test_array' set but not used [-Wunused-but-set-variable]
   72 | static int test_array [1 - 2 * !(((long) (sizeof (long long))) <= 8)];
      |            ^~~~~~~~~~
configure:21061: $? = 0
configure:21064: test -z 			 || test ! -s conftest.err
configure:21067: $? = 0
configure:21070: test -s conftest.o
configure:21073: $? = 0
configure:21168: result: 8
configure:21184: checking for waitpid
configure:21241: arm-linux-gnueabihf-gcc -o conftest -Wall   conftest.c  >&5
configure:21247: $? = 0
configure:21250: test -z 			 || test ! -s conftest.err
configure:21253: $? = 0
configure:21256: test -s conftest
configure:21259: $? = 0
configure:21271: result: yes
configure:21184: checking for fcntl
configure:21241: arm-linux-gnueabihf-gcc -o conftest -Wall   conftest.c  >&5
configure:21247: $? = 0
configure:21250: test -z 			 || test ! -s conftest.err
configure:21253: $? = 0
configure:21256: test -s conftest
configure:21259: $? = 0
configure:21271: result: yes
configure:21184: checking for pipe
configure:21241: arm-linux-gnueabihf-gcc -o conftest -Wall   conftest.c  >&5
configure:21247: $? = 0
configure:21250: test -z 			 || test ! -s conftest.err
configure:21253: $? = 0
configure:21256: test -s conftest
configure:21259: $? = 0
configure:21271: result: yes
configure:21184: checking for fork
configure:21241: arm-linux-gnueabihf-gcc -o conftest -Wall   conftest.c  >&5
conftest.c:63:6: warning: conflicting types for built-in function 'fork'; expected 'int(void)' [-Wbuiltin-declaration-mismatch]
   63 | char fork ();
      |      ^~~~
configure:21247: $? = 0
configure:21250: test -z 			 || test ! -s conftest.err
configure:21253: $? = 0
configure:21256: test -s conftest
configure:21259: $? = 0
configure:21271: result: yes
configure:21343: checking whether to optimize for speed or for accuracy
configure:21385: result: speed
configure:21395: checking for architecture-specific fixed-point math routines
configure:21434: result: ARM
configure:21490: checking for ISO/IEC interpretation
configure:21508: result: best accepted practices
configure:21511: checking whether to enable profiling
configure:21522: result: no
configure:21525: checking whether to enable debugging
configure:21562: result: default
configure:21565: checking whether to enable experimental code
configure:21582: result: no
configure:21710: creating ./config.status

## ---------------------- ##
## Running config.status. ##
## ---------------------- ##

This file was extended by MPEG Audio Decoder config.status 0.15.1b, which was
generated by GNU Autoconf 2.59.  Invocation command line was

  CONFIG_FILES    = 
  CONFIG_HEADERS  = 
  CONFIG_LINKS    = 
  CONFIG_COMMANDS = 
  $ ./config.status 

on minaduki-portable-ubuntu

config.status:745: creating Makefile
config.status:745: creating msvc++/Makefile
config.status:745: creating libmad.list
config.status:811: creating config.h
config.status:951: config.h is unchanged
config.status:1131: executing depfiles commands

## ---------------- ##
## Cache variables. ##
## ---------------- ##

ac_cv_build=x86_64-unknown-linux-gnu
ac_cv_build_alias=x86_64-unknown-linux-gnu
ac_cv_c_bigendian=no
ac_cv_c_compiler_gnu=yes
ac_cv_c_const=yes
ac_cv_c_inline=inline
ac_cv_cxx_compiler_gnu=yes
ac_cv_env_CCASFLAGS_set=
ac_cv_env_CCASFLAGS_value=
ac_cv_env_CCAS_set=
ac_cv_env_CCAS_value=
ac_cv_env_CC_set=set
ac_cv_env_CC_value=arm-linux-gnueabihf-gcc
ac_cv_env_CFLAGS_set=
ac_cv_env_CFLAGS_value=
ac_cv_env_CPPFLAGS_set=
ac_cv_env_CPPFLAGS_value=
ac_cv_env_CPP_set=
ac_cv_env_CPP_value=
ac_cv_env_CXXCPP_set=
ac_cv_env_CXXCPP_value=
ac_cv_env_CXXFLAGS_set=
ac_cv_env_CXXFLAGS_value=
ac_cv_env_CXX_set=
ac_cv_env_CXX_value=
ac_cv_env_F77_set=
ac_cv_env_F77_value=
ac_cv_env_FFLAGS_set=
ac_cv_env_FFLAGS_value=
ac_cv_env_LDFLAGS_set=
ac_cv_env_LDFLAGS_value=
ac_cv_env_build_alias_set=
ac_cv_env_build_alias_value=
ac_cv_env_host_alias_set=set
ac_cv_env_host_alias_value=arm-linux-gnueabihf
ac_cv_env_target_alias_set=
ac_cv_env_target_alias_value=
ac_cv_exeext=
ac_cv_f77_compiler_gnu=yes
ac_cv_func_fcntl=yes
ac_cv_func_fork=yes
ac_cv_func_pipe=yes
ac_cv_func_waitpid=yes
ac_cv_header_assert_h=yes
ac_cv_header_dlfcn_h=yes
ac_cv_header_errno_h=yes
ac_cv_header_fcntl_h=yes
ac_cv_header_inttypes_h=yes
ac_cv_header_limits_h=yes
ac_cv_header_memory_h=yes
ac_cv_header_stdc=yes
ac_cv_header_stdint_h=yes
ac_cv_header_stdlib_h=yes
ac_cv_header_string_h=yes
ac_cv_header_strings_h=yes
ac_cv_header_sys_stat_h=yes
ac_cv_header_sys_types_h=yes
ac_cv_header_sys_wait_h=yes
ac_cv_header_unistd_h=yes
ac_cv_host=arm-unknown-linux-gnueabihf
ac_cv_host_alias=arm-linux-gnueabihf
ac_cv_objext=o
ac_cv_path_install='/usr/bin/install -c'
ac_cv_prog_AR=arm-linux-gnueabihf-ar
ac_cv_prog_AWK=mawk
ac_cv_prog_CC=arm-linux-gnueabihf-gcc
ac_cv_prog_CPP='arm-linux-gnueabihf-gcc -E'
ac_cv_prog_CXX=arm-linux-gnueabihf-g++
ac_cv_prog_CXXCPP='arm-linux-gnueabihf-g++ -E'
ac_cv_prog_RANLIB=arm-linux-gnueabihf-ranlib
ac_cv_prog_STRIP=arm-linux-gnueabihf-strip
ac_cv_prog_ac_ct_F77=f77
ac_cv_prog_cc_g=yes
ac_cv_prog_cc_stdc=
ac_cv_prog_cxx_g=yes
ac_cv_prog_egrep='grep -E'
ac_cv_prog_f77_g=yes
ac_cv_prog_make_make_set=yes
ac_cv_sizeof_int=4
ac_cv_sizeof_long=4
ac_cv_sizeof_long_long=8
ac_cv_type_int=yes
ac_cv_type_long=yes
ac_cv_type_long_long=yes
ac_cv_type_pid_t=yes
am_cv_CC_dependencies_compiler_type=gcc3
am_cv_CXX_dependencies_compiler_type=gcc3
lt_cv_deplibs_check_method=pass_all
lt_cv_file_magic_cmd='$MAGIC_CMD'
lt_cv_file_magic_test_file=
lt_cv_ld_reload_flag=-r
lt_cv_objdir=.libs
lt_cv_path_LD=/usr/arm-linux-gnueabihf/bin/ld
lt_cv_path_LDCXX=/usr/arm-linux-gnueabihf/bin/ld
lt_cv_path_NM='/usr/bin/arm-linux-gnueabihf-nm -B'
lt_cv_path_SED=/usr/bin/sed
lt_cv_prog_compiler_c_o=yes
lt_cv_prog_compiler_c_o_CXX=yes
lt_cv_prog_compiler_c_o_F77=yes
lt_cv_prog_compiler_rtti_exceptions=no
lt_cv_prog_gnu_ld=yes
lt_cv_prog_gnu_ldcxx=yes
lt_cv_sys_global_symbol_pipe='sed -n -e '\''s/^.*[ 	]\([ABCDGIRSTW][ABCDGIRSTW]*\)[ 	][ 	]*\(\)\([_A-Za-z][_A-Za-z0-9]*\)$/\1 \2\3 \3/p'\'''
lt_cv_sys_global_symbol_to_c_name_address='sed -n -e '\''s/^: \([^ ]*\) $/  {\"\1\", (lt_ptr) 0},/p'\'' -e '\''s/^[BCDEGRST] \([^ ]*\) \([^ ]*\)$/  {"\2", (lt_ptr) \&\2},/p'\'''
lt_cv_sys_global_symbol_to_cdecl='sed -n -e '\''s/^. .* \(.*\)$/extern int \1;/p'\'''
lt_cv_sys_max_cmd_len=32768
lt_lt_cv_prog_compiler_c_o='"yes"'
lt_lt_cv_prog_compiler_c_o_CXX='"yes"'
lt_lt_cv_prog_compiler_c_o_F77='"yes"'
lt_lt_cv_sys_global_symbol_pipe='"sed -n -e '\''s/^.*[ 	]\\([ABCDGIRSTW][ABCDGIRSTW]*\\)[ 	][ 	]*\\(\\)\\([_A-Za-z][_A-Za-z0-9]*\\)\$/\\1 \\2\\3 \\3/p'\''"'
lt_lt_cv_sys_global_symbol_to_c_name_address='"sed -n -e '\''s/^: \\([^ ]*\\) \$/  {\\\"\\1\\\", (lt_ptr) 0},/p'\'' -e '\''s/^[BCDEGRST] \\([^ ]*\\) \\([^ ]*\\)\$/  {\"\\2\", (lt_ptr) \\&\\2},/p'\''"'
lt_lt_cv_sys_global_symbol_to_cdecl='"sed -n -e '\''s/^. .* \\(.*\\)\$/extern int \\1;/p'\''"'

## ----------------- ##
## Output variables. ##
## ----------------- ##

ACLOCAL='${SHELL} /home/minaduki/Desktop/Beaglebone_Proj/mplayer/src/libmad-src/missing --run aclocal-1.8'
AMDEPBACKSLASH='\'
AMDEP_FALSE='#'
AMDEP_TRUE=''
AMTAR='${SHELL} /home/minaduki/Desktop/Beaglebone_Proj/mplayer/src/libmad-src/missing --run tar'
AR='arm-linux-gnueabihf-ar'
ASO=' -DASO_INTERLEAVE1 -DASO_IMDCT'
ASO_OBJS='imdct_l_arm.lo'
AUTOCONF='${SHELL} /home/minaduki/Desktop/Beaglebone_Proj/mplayer/src/libmad-src/missing --run autoconf'
AUTOHEADER='${SHELL} /home/minaduki/Desktop/Beaglebone_Proj/mplayer/src/libmad-src/missing --run autoheader'
AUTOMAKE='${SHELL} /home/minaduki/Desktop/Beaglebone_Proj/mplayer/src/libmad-src/missing --run automake-1.8'
AWK='mawk'
CC='arm-linux-gnueabihf-gcc'
CCAS='arm-linux-gnueabihf-gcc'
CCASFLAGS='-g -O2'
CCDEPMODE='depmode=gcc3'
CFLAGS='-Wall -g -O -fforce-mem -fforce-addr -fthread-jumps -fcse-follow-jumps -fcse-skip-blocks -fexpensive-optimizations -fregmove -fschedule-insns2 -fstrength-reduce'
CPP='arm-linux-gnueabihf-gcc -E'
CPPFLAGS=''
CXX='arm-linux-gnueabihf-g++'
CXXCPP='arm-linux-gnueabihf-g++ -E'
CXXDEPMODE='depmode=gcc3'
CXXFLAGS='-g -O2'
CYGPATH_W='echo'
DEFS='-DHAVE_CONFIG_H'
DEPDIR='.deps'
ECHO='echo'
ECHO_C=''
ECHO_N='-n'
ECHO_T=''
EGREP='grep -E'
EXEEXT=''
F77='f77'
FFLAGS='-g -O2'
FPM='-DFPM_ARM'
INSTALL_DATA='${INSTALL} -m 644'
INSTALL_PROGRAM='${INSTALL}'
INSTALL_SCRIPT='${INSTALL}'
INSTALL_STRIP_PROGRAM='${SHELL} $(install_sh) -c -s'
LDFLAGS=''
LIBOBJS=''
LIBS=''
LIBTOOL='$(SHELL) $(top_builddir)/libtool'
LIBTOOL_DEPS='./ltmain.sh'
LN_S='ln -s'
LTLIBOBJS=''
MAKEINFO='${SHELL} /home/minaduki/Desktop/Beaglebone_Proj/mplayer/src/libmad-src/missing --run makeinfo'
OBJEXT='o'
PACKAGE='libmad'
PACKAGE_BUGREPORT='support@underbit.com'
PACKAGE_NAME='MPEG Audio Decoder'
PACKAGE_STRING='MPEG Audio Decoder 0.15.1b'
PACKAGE_TARNAME='libmad'
PACKAGE_VERSION='0.15.1b'
PATH_SEPARATOR=':'
RANLIB='arm-linux-gnueabihf-ranlib'
SET_MAKE=''
SHELL='/bin/bash'
STRIP='arm-linux-gnueabihf-strip'
VERSION='0.15.1b'
ac_ct_AR=''
ac_ct_CC=''
ac_ct_CXX=''
ac_ct_F77='f77'
ac_ct_RANLIB=''
ac_ct_STRIP=''
am__fastdepCC_FALSE='#'
am__fastdepCC_TRUE=''
am__fastdepCXX_FALSE='#'
am__fastdepCXX_TRUE=''
am__include='include'
am__leading_dot='.'
am__quote=''
bindir='${exec_prefix}/bin'
build='x86_64-unknown-linux-gnu'
build_alias=''
build_cpu='x86_64'
build_os='linux-gnu'
build_vendor='unknown'
datadir='${prefix}/share'
exec_prefix='${prefix}'
host='arm-unknown-linux-gnueabihf'
host_alias='arm-linux-gnueabihf'
host_cpu='arm'
host_os='linux-gnueabihf'
host_vendor='unknown'
includedir='${prefix}/include'
infodir='${prefix}/info'
install_sh='/home/minaduki/Desktop/Beaglebone_Proj/mplayer/src/libmad-src/install-sh'
libdir='${exec_prefix}/lib'
libexecdir='${exec_prefix}/libexec'
localstatedir='${prefix}/var'
mandir='${prefix}/man'
mkdir_p='mkdir -p -- .'
oldincludedir='/usr/include'
prefix='/home/minaduki/Desktop/Beaglebone_Proj/mplayer/install/libmad'
program_transform_name='s,x,x,'
sbindir='${exec_prefix}/sbin'
sharedstatedir='${prefix}/com'
sysconfdir='${prefix}/etc'
target_alias=''

## ----------- ##
## confdefs.h. ##
## ----------- ##

#define HAVE_ASSERT_H 1
#define HAVE_DLFCN_H 1
#define HAVE_ERRNO_H 1
#define HAVE_FCNTL 1
#define HAVE_FCNTL_H 1
#define HAVE_FORK 1
#define HAVE_INTTYPES_H 1
#define HAVE_LIMITS_H 1
#define HAVE_MEMORY_H 1
#define HAVE_PIPE 1
#define HAVE_STDINT_H 1
#define HAVE_STDLIB_H 1
#define HAVE_STRINGS_H 1
#define HAVE_STRING_H 1
#define HAVE_SYS_STAT_H 1
#define HAVE_SYS_TYPES_H 1
#define HAVE_SYS_TYPES_H 1
#define HAVE_SYS_WAIT_H 1
#define HAVE_UNISTD_H 1
#define HAVE_UNISTD_H 1
#define HAVE_WAITPID 1
#define OPT_SPEED 1
#define PACKAGE "libmad"
#define PACKAGE_BUGREPORT "support@underbit.com"
#define PACKAGE_NAME "MPEG Audio Decoder"
#define PACKAGE_STRING "MPEG Audio Decoder 0.15.1b"
#define PACKAGE_TARNAME "libmad"
#define PACKAGE_VERSION "0.15.1b"
#define SIZEOF_INT 4
#define SIZEOF_LONG 4
#define SIZEOF_LONG_LONG 8
#define STDC_HEADERS 1
#define STDC_HEADERS 1
#define VERSION "0.15.1b"
#endif
#ifdef __cplusplus
extern "C" void std::exit (int) throw (); using std::exit;

configure: exit 0
