This file contains any messages produced by compilers while
running configure, to aid debugging if configure makes a mistake.

It was created by alsa-utils configure 1.1.9, which was
generated by GNU Autoconf 2.69.  Invocation command line was

  $ ./configure --prefix=/home/minaduki/Desktop/Beaglebone_Proj/mplayer/install/alsa-utils/ --host=arm-linux-gnueabihf --with-alsa-inc-prefix=/home/minaduki/Desktop/Beaglebone_Proj/mplayer/install/alsa-lib/include --with-alsa-prefix=/home/minaduki/Desktop/Beaglebone_Proj/mplayer/install/alsa-lib/lib

## --------- ##
## Platform. ##
## --------- ##

hostname = minaduki-portable-ubuntu
uname -m = x86_64
uname -r = 5.3.0-24-generic
uname -s = Linux
uname -v = #26-Ubuntu SMP Thu Nov 14 01:33:18 UTC 2019

/usr/bin/uname -p = x86_64
/bin/uname -X     = unknown

/bin/arch              = x86_64
/usr/bin/arch -k       = unknown
/usr/convex/getsysinfo = unknown
/usr/bin/hostinfo      = unknown
/bin/machine           = unknown
/usr/bin/oslevel       = unknown
/bin/universe          = unknown

PATH: /usr/local/sbin
PATH: /usr/local/bin
PATH: /usr/sbin
PATH: /usr/bin
PATH: /sbin
PATH: /bin
PATH: /usr/games
PATH: /usr/local/games
PATH: /snap/bin


## ----------- ##
## Core tests. ##
## ----------- ##

configure:2378: checking for a BSD-compatible install
configure:2446: result: /usr/bin/install -c
configure:2457: checking whether build environment is sane
configure:2512: result: yes
configure:2569: checking for arm-linux-gnueabihf-strip
configure:2585: found /usr/bin/arm-linux-gnueabihf-strip
configure:2596: result: arm-linux-gnueabihf-strip
configure:2661: checking for a thread-safe mkdir -p
configure:2700: result: /usr/bin/mkdir -p
configure:2707: checking for gawk
configure:2737: result: no
configure:2707: checking for mawk
configure:2723: found /usr/bin/mawk
configure:2734: result: mawk
configure:2745: checking whether make sets $(MAKE)
configure:2767: result: yes
configure:2796: checking whether make supports nested variables
configure:2813: result: yes
configure:2941: checking whether to enable maintainer-specific portions of Makefiles
configure:2950: result: yes
configure:2964: checking for a sed that does not truncate output
configure:3028: result: /usr/bin/sed
configure:3034: checking whether NLS is requested
configure:3043: result: yes
configure:3083: checking for msgfmt
configure: trying /usr/bin/msgfmt...
0 translated messages.
configure:3115: result: /usr/bin/msgfmt
configure:3124: checking for gmsgfmt
configure:3155: result: /usr/bin/msgfmt
configure:3205: checking for xgettext
configure: trying /usr/bin/xgettext...
/usr/bin/xgettext: warning: file '/dev/null' extension '' is unknown; will try C
configure:3237: result: /usr/bin/xgettext
configure:3282: checking for msgmerge
configure: trying /usr/bin/msgmerge...
configure:3313: result: /usr/bin/msgmerge
configure:3350: checking whether make supports the include directive
configure:3365: make -f confmf.GNU && cat confinc.out
this is the am__doit target
configure:3368: $? = 0
configure:3387: result: yes (GNU style)
configure:3417: checking for arm-linux-gnueabihf-gcc
configure:3433: found /usr/bin/arm-linux-gnueabihf-gcc
configure:3444: result: arm-linux-gnueabihf-gcc
configure:3713: checking for C compiler version
configure:3722: arm-linux-gnueabihf-gcc --version >&5
arm-linux-gnueabihf-gcc (Ubuntu 9.2.1-9ubuntu2) 9.2.1 20191008
Copyright (C) 2019 Free Software Foundation, Inc.
This is free software; see the source for copying conditions.  There is NO
warranty; not even for MERCHANTABILITY or FITNESS FOR A PARTICULAR PURPOSE.

configure:3733: $? = 0
configure:3722: arm-linux-gnueabihf-gcc -v >&5
Using built-in specs.
COLLECT_GCC=arm-linux-gnueabihf-gcc
COLLECT_LTO_WRAPPER=/usr/lib/gcc-cross/arm-linux-gnueabihf/9/lto-wrapper
Target: arm-linux-gnueabihf
Configured with: ../src/configure -v --with-pkgversion='Ubuntu 9.2.1-9ubuntu2' --with-bugurl=file:///usr/share/doc/gcc-9/README.Bugs --enable-languages=c,ada,c++,go,d,fortran,objc,obj-c++,gm2 --prefix=/usr --with-gcc-major-version-only --program-suffix=-9 --enable-shared --enable-linker-build-id --libexecdir=/usr/lib --without-included-gettext --enable-threads=posix --libdir=/usr/lib --enable-nls --with-sysroot=/ --enable-clocale=gnu --enable-libstdcxx-debug --enable-libstdcxx-time=yes --with-default-libstdcxx-abi=new --enable-gnu-unique-object --disable-libitm --disable-libquadmath --disable-libquadmath-support --enable-plugin --enable-default-pie --with-system-zlib --without-target-system-zlib --enable-libpth-m2 --enable-multiarch --enable-multilib --disable-sjlj-exceptions --with-arch=armv7-a --with-fpu=vfpv3-d16 --with-float=hard --with-mode=thumb --disable-werror --enable-multilib --enable-checking=release --build=x86_64-linux-gnu --host=x86_64-linux-gnu --target=arm-linux-gnueabihf --program-prefix=arm-linux-gnueabihf- --includedir=/usr/arm-linux-gnueabihf/include
Thread model: posix
gcc version 9.2.1 20191008 (Ubuntu 9.2.1-9ubuntu2) 
configure:3733: $? = 0
configure:3722: arm-linux-gnueabihf-gcc -V >&5
arm-linux-gnueabihf-gcc: error: unrecognized command line option '-V'
arm-linux-gnueabihf-gcc: fatal error: no input files
compilation terminated.
configure:3733: $? = 1
configure:3722: arm-linux-gnueabihf-gcc -qversion >&5
arm-linux-gnueabihf-gcc: error: unrecognized command line option '-qversion'; did you mean '--version'?
arm-linux-gnueabihf-gcc: fatal error: no input files
compilation terminated.
configure:3733: $? = 1
configure:3753: checking whether the C compiler works
configure:3775: arm-linux-gnueabihf-gcc    conftest.c  >&5
configure:3779: $? = 0
configure:3827: result: yes
configure:3830: checking for C compiler default output file name
configure:3832: result: a.out
configure:3838: checking for suffix of executables
configure:3845: arm-linux-gnueabihf-gcc -o conftest    conftest.c  >&5
configure:3849: $? = 0
configure:3871: result: 
configure:3893: checking whether we are cross compiling
configure:3901: arm-linux-gnueabihf-gcc -o conftest    conftest.c  >&5
configure:3905: $? = 0
configure:3912: ./conftest
./configure: line 3914: ./conftest: cannot execute binary file: Exec format error
configure:3916: $? = 126
configure:3904: result: yes
configure:3909: checking for suffix of object files
configure:3931: arm-linux-gnueabihf-gcc -c   conftest.c >&5
configure:3935: $? = 0
configure:3956: result: o
configure:3960: checking whether we are using the GNU C compiler
configure:3979: arm-linux-gnueabihf-gcc -c   conftest.c >&5
configure:3979: $? = 0
configure:3988: result: yes
configure:3997: checking whether arm-linux-gnueabihf-gcc accepts -g
configure:4017: arm-linux-gnueabihf-gcc -c -g  conftest.c >&5
configure:4017: $? = 0
configure:4058: result: yes
configure:4075: checking for arm-linux-gnueabihf-gcc option to accept ISO C89
configure:4138: arm-linux-gnueabihf-gcc  -c -g -O2  conftest.c >&5
configure:4138: $? = 0
configure:4151: result: none needed
configure:4176: checking whether arm-linux-gnueabihf-gcc understands -c and -o together
configure:4198: arm-linux-gnueabihf-gcc -c conftest.c -o conftest2.o
configure:4201: $? = 0
configure:4198: arm-linux-gnueabihf-gcc -c conftest.c -o conftest2.o
configure:4201: $? = 0
configure:4213: result: yes
configure:4232: checking dependency style of arm-linux-gnueabihf-gcc
configure:4343: result: gcc3
configure:4362: checking build system type
configure:4376: result: x86_64-pc-linux-gnu
configure:4396: checking host system type
configure:4409: result: arm-unknown-linux-gnueabihf
configure:4454: checking for ld used by arm-linux-gnueabihf-gcc
configure:4521: result: /usr/arm-linux-gnueabihf/bin/ld
configure:4528: checking if the linker (/usr/arm-linux-gnueabihf/bin/ld) is GNU ld
configure:4543: result: yes
configure:4550: checking for shared library run path origin
configure:4563: result: done
configure:4588: checking how to run the C preprocessor
configure:4619: arm-linux-gnueabihf-gcc -E  conftest.c
configure:4619: $? = 0
configure:4633: arm-linux-gnueabihf-gcc -E  conftest.c
conftest.c:11:10: fatal error: ac_nonexistent.h: No such file or directory
   11 | #include <ac_nonexistent.h>
      |          ^~~~~~~~~~~~~~~~~~
compilation terminated.
configure:4633: $? = 1
configure: failed program was:
| /* confdefs.h */
| #define PACKAGE_NAME "alsa-utils"
| #define PACKAGE_TARNAME "alsa-utils"
| #define PACKAGE_VERSION "1.1.9"
| #define PACKAGE_STRING "alsa-utils 1.1.9"
| #define PACKAGE_BUGREPORT ""
| #define PACKAGE_URL ""
| #define PACKAGE "alsa-utils"
| #define VERSION "1.1.9"
| /* end confdefs.h.  */
| #include <ac_nonexistent.h>
configure:4658: result: arm-linux-gnueabihf-gcc -E
configure:4678: arm-linux-gnueabihf-gcc -E  conftest.c
configure:4678: $? = 0
configure:4692: arm-linux-gnueabihf-gcc -E  conftest.c
conftest.c:11:10: fatal error: ac_nonexistent.h: No such file or directory
   11 | #include <ac_nonexistent.h>
      |          ^~~~~~~~~~~~~~~~~~
compilation terminated.
configure:4692: $? = 1
configure: failed program was:
| /* confdefs.h */
| #define PACKAGE_NAME "alsa-utils"
| #define PACKAGE_TARNAME "alsa-utils"
| #define PACKAGE_VERSION "1.1.9"
| #define PACKAGE_STRING "alsa-utils 1.1.9"
| #define PACKAGE_BUGREPORT ""
| #define PACKAGE_URL ""
| #define PACKAGE "alsa-utils"
| #define VERSION "1.1.9"
| /* end confdefs.h.  */
| #include <ac_nonexistent.h>
configure:4721: checking for grep that handles long lines and -e
configure:4779: result: /usr/bin/grep
configure:4784: checking for egrep
configure:4846: result: /usr/bin/grep -E
configure:5404: checking for CFPreferencesCopyAppValue
configure:5422: arm-linux-gnueabihf-gcc -o conftest -g -O2   conftest.c  -Wl,-framework -Wl,CoreFoundation >&5
conftest.c:11:10: fatal error: CoreFoundation/CFPreferences.h: No such file or directory
   11 | #include <CoreFoundation/CFPreferences.h>
      |          ^~~~~~~~~~~~~~~~~~~~~~~~~~~~~~~~
compilation terminated.
configure:5422: $? = 1
configure: failed program was:
| /* confdefs.h */
| #define PACKAGE_NAME "alsa-utils"
| #define PACKAGE_TARNAME "alsa-utils"
| #define PACKAGE_VERSION "1.1.9"
| #define PACKAGE_STRING "alsa-utils 1.1.9"
| #define PACKAGE_BUGREPORT ""
| #define PACKAGE_URL ""
| #define PACKAGE "alsa-utils"
| #define VERSION "1.1.9"
| /* end confdefs.h.  */
| #include <CoreFoundation/CFPreferences.h>
| int
| main ()
| {
| CFPreferencesCopyAppValue(NULL, NULL)
|   ;
|   return 0;
| }
configure:5431: result: no
configure:5438: checking for CFLocaleCopyCurrent
configure:5456: arm-linux-gnueabihf-gcc -o conftest -g -O2   conftest.c  -Wl,-framework -Wl,CoreFoundation >&5
conftest.c:11:10: fatal error: CoreFoundation/CFLocale.h: No such file or directory
   11 | #include <CoreFoundation/CFLocale.h>
      |          ^~~~~~~~~~~~~~~~~~~~~~~~~~~
compilation terminated.
configure:5456: $? = 1
configure: failed program was:
| /* confdefs.h */
| #define PACKAGE_NAME "alsa-utils"
| #define PACKAGE_TARNAME "alsa-utils"
| #define PACKAGE_VERSION "1.1.9"
| #define PACKAGE_STRING "alsa-utils 1.1.9"
| #define PACKAGE_BUGREPORT ""
| #define PACKAGE_URL ""
| #define PACKAGE "alsa-utils"
| #define VERSION "1.1.9"
| /* end confdefs.h.  */
| #include <CoreFoundation/CFLocale.h>
| int
| main ()
| {
| CFLocaleCopyCurrent();
|   ;
|   return 0;
| }
configure:5465: result: no
configure:5514: checking for GNU gettext in libc
configure:5543: arm-linux-gnueabihf-gcc -o conftest -g -O2   conftest.c  >&5
configure:5543: $? = 0
configure:5552: result: yes
configure:6399: checking whether to use NLS
configure:6401: result: yes
configure:6404: checking where the gettext function comes from
configure:6415: result: libc
configure:6483: checking for arm-linux-gnueabihf-gcc
configure:6510: result: arm-linux-gnueabihf-gcc
configure:6779: checking for C compiler version
configure:6788: arm-linux-gnueabihf-gcc --version >&5
arm-linux-gnueabihf-gcc (Ubuntu 9.2.1-9ubuntu2) 9.2.1 20191008
Copyright (C) 2019 Free Software Foundation, Inc.
This is free software; see the source for copying conditions.  There is NO
warranty; not even for MERCHANTABILITY or FITNESS FOR A PARTICULAR PURPOSE.

configure:6799: $? = 0
configure:6788: arm-linux-gnueabihf-gcc -v >&5
Using built-in specs.
COLLECT_GCC=arm-linux-gnueabihf-gcc
COLLECT_LTO_WRAPPER=/usr/lib/gcc-cross/arm-linux-gnueabihf/9/lto-wrapper
Target: arm-linux-gnueabihf
Configured with: ../src/configure -v --with-pkgversion='Ubuntu 9.2.1-9ubuntu2' --with-bugurl=file:///usr/share/doc/gcc-9/README.Bugs --enable-languages=c,ada,c++,go,d,fortran,objc,obj-c++,gm2 --prefix=/usr --with-gcc-major-version-only --program-suffix=-9 --enable-shared --enable-linker-build-id --libexecdir=/usr/lib --without-included-gettext --enable-threads=posix --libdir=/usr/lib --enable-nls --with-sysroot=/ --enable-clocale=gnu --enable-libstdcxx-debug --enable-libstdcxx-time=yes --with-default-libstdcxx-abi=new --enable-gnu-unique-object --disable-libitm --disable-libquadmath --disable-libquadmath-support --enable-plugin --enable-default-pie --with-system-zlib --without-target-system-zlib --enable-libpth-m2 --enable-multiarch --enable-multilib --disable-sjlj-exceptions --with-arch=armv7-a --with-fpu=vfpv3-d16 --with-float=hard --with-mode=thumb --disable-werror --enable-multilib --enable-checking=release --build=x86_64-linux-gnu --host=x86_64-linux-gnu --target=arm-linux-gnueabihf --program-prefix=arm-linux-gnueabihf- --includedir=/usr/arm-linux-gnueabihf/include
Thread model: posix
gcc version 9.2.1 20191008 (Ubuntu 9.2.1-9ubuntu2) 
configure:6799: $? = 0
configure:6788: arm-linux-gnueabihf-gcc -V >&5
arm-linux-gnueabihf-gcc: error: unrecognized command line option '-V'
arm-linux-gnueabihf-gcc: fatal error: no input files
compilation terminated.
configure:6799: $? = 1
configure:6788: arm-linux-gnueabihf-gcc -qversion >&5
arm-linux-gnueabihf-gcc: error: unrecognized command line option '-qversion'; did you mean '--version'?
arm-linux-gnueabihf-gcc: fatal error: no input files
compilation terminated.
configure:6799: $? = 1
configure:6803: checking whether we are using the GNU C compiler
configure:6831: result: yes
configure:6840: checking whether arm-linux-gnueabihf-gcc accepts -g
configure:6901: result: yes
configure:6918: checking for arm-linux-gnueabihf-gcc option to accept ISO C89
configure:6994: result: none needed
configure:7019: checking whether arm-linux-gnueabihf-gcc understands -c and -o together
configure:7056: result: yes
configure:7075: checking dependency style of arm-linux-gnueabihf-gcc
configure:7186: result: gcc3
configure:7203: checking whether ln -s works
configure:7207: result: yes
configure:7214: checking for a sed that does not truncate output
configure:7278: result: /usr/bin/sed
configure:7294: checking for arm-linux-gnueabihf-pkg-config
configure:7327: result: no
configure:7337: checking for pkg-config
configure:7355: found /usr/bin/pkg-config
configure:7367: result: /usr/bin/pkg-config
configure:7379: WARNING: using cross tools not prefixed with host triplet
configure:7392: checking pkg-config is at least version 0.9.0
configure:7395: result: yes
configure:7434: checking for ALSA CFLAGS
configure:7440: result:  -I/home/minaduki/Desktop/Beaglebone_Proj/mplayer/install/alsa-lib/include
configure:7443: checking for dlopen in -lc
configure:7468: arm-linux-gnueabihf-gcc -o conftest -g -O2 -I/home/minaduki/Desktop/Beaglebone_Proj/mplayer/install/alsa-lib/include   conftest.c -lc   >&5
/usr/lib/gcc-cross/arm-linux-gnueabihf/9/../../../../arm-linux-gnueabihf/bin/ld: /tmp/ccipgWw3.o: in function `main':
/home/minaduki/Desktop/Beaglebone_Proj/mplayer/src/alsa-utils-1.1.9/conftest.c:25: undefined reference to `dlopen'
collect2: error: ld returned 1 exit status
configure:7468: $? = 1
configure: failed program was:
| /* confdefs.h */
| #define PACKAGE_NAME "alsa-utils"
| #define PACKAGE_TARNAME "alsa-utils"
| #define PACKAGE_VERSION "1.1.9"
| #define PACKAGE_STRING "alsa-utils 1.1.9"
| #define PACKAGE_BUGREPORT ""
| #define PACKAGE_URL ""
| #define PACKAGE "alsa-utils"
| #define VERSION "1.1.9"
| #define ENABLE_NLS 1
| #define HAVE_GETTEXT 1
| #define HAVE_DCGETTEXT 1
| /* end confdefs.h.  */
| 
| /* Override any GCC internal prototype to avoid an error.
|    Use char because int might match the return type of a GCC
|    builtin and then its argument prototype would still apply.  */
| #ifdef __cplusplus
| extern "C"
| #endif
| char dlopen ();
| int
| main ()
| {
| return dlopen ();
|   ;
|   return 0;
| }
configure:7477: result: no
configure:7482: checking for dlopen in -ldl
configure:7507: arm-linux-gnueabihf-gcc -o conftest -g -O2 -I/home/minaduki/Desktop/Beaglebone_Proj/mplayer/install/alsa-lib/include   conftest.c -ldl   >&5
configure:7507: $? = 0
configure:7516: result: yes
configure:7525: checking for ALSA LDFLAGS
configure:7534: result:  -L/home/minaduki/Desktop/Beaglebone_Proj/mplayer/install/alsa-lib/lib -lasound -lm -ldl -lpthread
configure:7539: checking for libasound headers version >= 1.0.27
configure:7601: arm-linux-gnueabihf-gcc -c -g -O2 -I/home/minaduki/Desktop/Beaglebone_Proj/mplayer/install/alsa-lib/include  conftest.c >&5
configure:7601: $? = 0
configure:7602: result: found.
configure:7621: checking for snd_ctl_open in -lasound
configure:7646: arm-linux-gnueabihf-gcc -o conftest -g -O2 -I/home/minaduki/Desktop/Beaglebone_Proj/mplayer/install/alsa-lib/include    -L/home/minaduki/Desktop/Beaglebone_Proj/mplayer/install/alsa-lib/lib conftest.c -lasound   -L/home/minaduki/Desktop/Beaglebone_Proj/mplayer/install/alsa-lib/lib -lasound -lm -ldl -lpthread  >&5
configure:7646: $? = 0
configure:7655: result: yes
configure:7691: checking for snd_ctl_elem_add_enumerated
configure:7691: arm-linux-gnueabihf-gcc -o conftest -g -O2 -I/home/minaduki/Desktop/Beaglebone_Proj/mplayer/install/alsa-lib/include    -L/home/minaduki/Desktop/Beaglebone_Proj/mplayer/install/alsa-lib/lib conftest.c -lasound -L/home/minaduki/Desktop/Beaglebone_Proj/mplayer/install/alsa-lib/lib -lm -ldl -lpthread >&5
configure:7691: $? = 0
configure:7691: result: yes
configure:7702: checking for alsa/pcm.h
configure:7702: arm-linux-gnueabihf-gcc -c -g -O2 -I/home/minaduki/Desktop/Beaglebone_Proj/mplayer/install/alsa-lib/include  conftest.c >&5
configure:7702: $? = 0
configure:7702: result: yes
configure:7717: checking for alsa/mixer.h
configure:7717: arm-linux-gnueabihf-gcc -c -g -O2 -I/home/minaduki/Desktop/Beaglebone_Proj/mplayer/install/alsa-lib/include  conftest.c >&5
configure:7717: $? = 0
configure:7717: result: yes
configure:7732: checking for alsa/rawmidi.h
configure:7732: arm-linux-gnueabihf-gcc -c -g -O2 -I/home/minaduki/Desktop/Beaglebone_Proj/mplayer/install/alsa-lib/include  conftest.c >&5
configure:7732: $? = 0
configure:7732: result: yes
configure:7747: checking for alsa/seq.h
configure:7747: arm-linux-gnueabihf-gcc -c -g -O2 -I/home/minaduki/Desktop/Beaglebone_Proj/mplayer/install/alsa-lib/include  conftest.c >&5
configure:7747: $? = 0
configure:7747: result: yes
configure:7762: checking for alsa/use-case.h
configure:7762: arm-linux-gnueabihf-gcc -c -g -O2 -I/home/minaduki/Desktop/Beaglebone_Proj/mplayer/install/alsa-lib/include  conftest.c >&5
configure:7762: $? = 0
configure:7762: result: yes
configure:7777: checking for alsa/topology.h
configure:7777: arm-linux-gnueabihf-gcc -c -g -O2 -I/home/minaduki/Desktop/Beaglebone_Proj/mplayer/install/alsa-lib/include  conftest.c >&5
configure:7777: $? = 0
configure:7777: result: yes
configure:7792: checking for samplerate.h
configure:7792: arm-linux-gnueabihf-gcc -c -g -O2 -I/home/minaduki/Desktop/Beaglebone_Proj/mplayer/install/alsa-lib/include  conftest.c >&5
conftest.c:21:10: fatal error: samplerate.h: No such file or directory
   21 | #include <samplerate.h>
      |          ^~~~~~~~~~~~~~
compilation terminated.
configure:7792: $? = 1
configure: failed program was:
| /* confdefs.h */
| #define PACKAGE_NAME "alsa-utils"
| #define PACKAGE_TARNAME "alsa-utils"
| #define PACKAGE_VERSION "1.1.9"
| #define PACKAGE_STRING "alsa-utils 1.1.9"
| #define PACKAGE_BUGREPORT ""
| #define PACKAGE_URL ""
| #define PACKAGE "alsa-utils"
| #define VERSION "1.1.9"
| #define ENABLE_NLS 1
| #define HAVE_GETTEXT 1
| #define HAVE_DCGETTEXT 1
| #define HAVE_LIBASOUND 1
| #define HAVE_ALSA_PCM_H 1
| #define HAVE_ALSA_MIXER_H 1
| #define HAVE_ALSA_RAWMIDI_H 1
| #define HAVE_ALSA_SEQ_H 1
| #define HAVE_ALSA_USE_CASE_H 1
| #define HAVE_ALSA_TOPOLOGY_H 1
| /* end confdefs.h.  */
| #include <samplerate.h>
| 
| #include <samplerate.h>
configure:7792: result: no
configure:7806: checking for snd_seq_client_info_get_card in -lasound
configure:7831: arm-linux-gnueabihf-gcc -o conftest -g -O2 -I/home/minaduki/Desktop/Beaglebone_Proj/mplayer/install/alsa-lib/include    -L/home/minaduki/Desktop/Beaglebone_Proj/mplayer/install/alsa-lib/lib conftest.c -lasound  -lasound -L/home/minaduki/Desktop/Beaglebone_Proj/mplayer/install/alsa-lib/lib -lm -ldl -lpthread >&5
configure:7831: $? = 0
configure:7840: result: yes
configure:7851: checking for snd_seq_client_info_get_pid in -lasound
configure:7876: arm-linux-gnueabihf-gcc -o conftest -g -O2 -I/home/minaduki/Desktop/Beaglebone_Proj/mplayer/install/alsa-lib/include    -L/home/minaduki/Desktop/Beaglebone_Proj/mplayer/install/alsa-lib/lib conftest.c -lasound  -lasound -L/home/minaduki/Desktop/Beaglebone_Proj/mplayer/install/alsa-lib/lib -lm -ldl -lpthread >&5
configure:7876: $? = 0
configure:7885: result: yes
configure:7904: checking for ffado_streaming_init in -lffado
configure:7929: arm-linux-gnueabihf-gcc -o conftest -g -O2 -I/home/minaduki/Desktop/Beaglebone_Proj/mplayer/install/alsa-lib/include    -L/home/minaduki/Desktop/Beaglebone_Proj/mplayer/install/alsa-lib/lib conftest.c -lffado  -lasound -L/home/minaduki/Desktop/Beaglebone_Proj/mplayer/install/alsa-lib/lib -lm -ldl -lpthread >&5
/usr/lib/gcc-cross/arm-linux-gnueabihf/9/../../../../arm-linux-gnueabihf/bin/ld: cannot find -lffado
collect2: error: ld returned 1 exit status
configure:7929: $? = 1
configure: failed program was:
| /* confdefs.h */
| #define PACKAGE_NAME "alsa-utils"
| #define PACKAGE_TARNAME "alsa-utils"
| #define PACKAGE_VERSION "1.1.9"
| #define PACKAGE_STRING "alsa-utils 1.1.9"
| #define PACKAGE_BUGREPORT ""
| #define PACKAGE_URL ""
| #define PACKAGE "alsa-utils"
| #define VERSION "1.1.9"
| #define ENABLE_NLS 1
| #define HAVE_GETTEXT 1
| #define HAVE_DCGETTEXT 1
| #define HAVE_LIBASOUND 1
| #define HAVE_ALSA_PCM_H 1
| #define HAVE_ALSA_MIXER_H 1
| #define HAVE_ALSA_RAWMIDI_H 1
| #define HAVE_ALSA_SEQ_H 1
| #define HAVE_ALSA_USE_CASE_H 1
| #define HAVE_ALSA_TOPOLOGY_H 1
| #define HAVE_SEQ_CLIENT_INFO_GET_CARD 1
| #define HAVE_SEQ_CLIENT_INFO_GET_PID 1
| /* end confdefs.h.  */
| 
| /* Override any GCC internal prototype to avoid an error.
|    Use char because int might match the return type of a GCC
|    builtin and then its argument prototype would still apply.  */
| #ifdef __cplusplus
| extern "C"
| #endif
| char ffado_streaming_init ();
| int
| main ()
| {
| return ffado_streaming_init ();
|   ;
|   return 0;
| }
configure:7938: result: no
configure:8062: checking for fftwf_malloc in -lfftw3f
configure:8087: arm-linux-gnueabihf-gcc -o conftest -g -O2 -I/home/minaduki/Desktop/Beaglebone_Proj/mplayer/install/alsa-lib/include    -L/home/minaduki/Desktop/Beaglebone_Proj/mplayer/install/alsa-lib/lib conftest.c -lfftw3f  -lasound -L/home/minaduki/Desktop/Beaglebone_Proj/mplayer/install/alsa-lib/lib -lm -ldl -lpthread >&5
/usr/lib/gcc-cross/arm-linux-gnueabihf/9/../../../../arm-linux-gnueabihf/bin/ld: cannot find -lfftw3f
collect2: error: ld returned 1 exit status
configure:8087: $? = 1
configure: failed program was:
| /* confdefs.h */
| #define PACKAGE_NAME "alsa-utils"
| #define PACKAGE_TARNAME "alsa-utils"
| #define PACKAGE_VERSION "1.1.9"
| #define PACKAGE_STRING "alsa-utils 1.1.9"
| #define PACKAGE_BUGREPORT ""
| #define PACKAGE_URL ""
| #define PACKAGE "alsa-utils"
| #define VERSION "1.1.9"
| #define ENABLE_NLS 1
| #define HAVE_GETTEXT 1
| #define HAVE_DCGETTEXT 1
| #define HAVE_LIBASOUND 1
| #define HAVE_ALSA_PCM_H 1
| #define HAVE_ALSA_MIXER_H 1
| #define HAVE_ALSA_RAWMIDI_H 1
| #define HAVE_ALSA_SEQ_H 1
| #define HAVE_ALSA_USE_CASE_H 1
| #define HAVE_ALSA_TOPOLOGY_H 1
| #define HAVE_SEQ_CLIENT_INFO_GET_CARD 1
| #define HAVE_SEQ_CLIENT_INFO_GET_PID 1
| /* end confdefs.h.  */
| 
| /* Override any GCC internal prototype to avoid an error.
|    Use char because int might match the return type of a GCC
|    builtin and then its argument prototype would still apply.  */
| #ifdef __cplusplus
| extern "C"
| #endif
| char fftwf_malloc ();
| int
| main ()
| {
| return fftwf_malloc ();
|   ;
|   return 0;
| }
configure:8096: result: no
configure:8160: checking for sqrtf in -lm
configure:8185: arm-linux-gnueabihf-gcc -o conftest -g -O2 -I/home/minaduki/Desktop/Beaglebone_Proj/mplayer/install/alsa-lib/include    -L/home/minaduki/Desktop/Beaglebone_Proj/mplayer/install/alsa-lib/lib conftest.c -lm  -lasound -L/home/minaduki/Desktop/Beaglebone_Proj/mplayer/install/alsa-lib/lib -lm -ldl -lpthread >&5
conftest.c:30:6: warning: conflicting types for built-in function 'sqrtf'; expected 'float(float)' [-Wbuiltin-declaration-mismatch]
   30 | char sqrtf ();
      |      ^~~~~
conftest.c:1:1: note: 'sqrtf' is declared in header '<math.h>'
    1 | /* confdefs.h */
configure:8185: $? = 0
configure:8194: result: yes
configure:8207: checking for pthread_create in -lpthread
configure:8232: arm-linux-gnueabihf-gcc -o conftest -g -O2 -I/home/minaduki/Desktop/Beaglebone_Proj/mplayer/install/alsa-lib/include    -L/home/minaduki/Desktop/Beaglebone_Proj/mplayer/install/alsa-lib/lib conftest.c -lpthread  -lm -lasound -L/home/minaduki/Desktop/Beaglebone_Proj/mplayer/install/alsa-lib/lib -lm -ldl -lpthread >&5
configure:8232: $? = 0
configure:8241: result: yes
configure:8282: checking for librt
configure:8293: checking for clock_gettime in -lrt
configure:8318: arm-linux-gnueabihf-gcc -o conftest -g -O2 -I/home/minaduki/Desktop/Beaglebone_Proj/mplayer/install/alsa-lib/include    -L/home/minaduki/Desktop/Beaglebone_Proj/mplayer/install/alsa-lib/lib conftest.c -lrt  -lasound -L/home/minaduki/Desktop/Beaglebone_Proj/mplayer/install/alsa-lib/lib -lm -ldl -lpthread >&5
configure:8318: $? = 0
configure:8327: result: yes
configure:8424: checking for xmlto
configure:8454: result: no
configure:8480: checking for rst2man
configure:8510: result: no
configure:8540: checking for ANSI C header files
configure:8560: arm-linux-gnueabihf-gcc -c -g -O2 -I/home/minaduki/Desktop/Beaglebone_Proj/mplayer/install/alsa-lib/include  conftest.c >&5
configure:8560: $? = 0
configure:8644: result: yes
configure:8667: checking for NCURSESW
configure:8674: $PKG_CONFIG --exists --print-errors "ncursesw"
configure:8677: $? = 0
configure:8691: $PKG_CONFIG --exists --print-errors "ncursesw"
configure:8694: $? = 0
configure:8904: result: yes
configure:9216: checking for curses library
configure:9218: result: ncursesw
configure:9220: checking for curses header name
configure:9222: result: <ncurses.h>
configure:9224: checking for curses compiler flags
configure:9226: result: -D_DEFAULT_SOURCE -D_XOPEN_SOURCE=600
configure:9255: arm-linux-gnueabihf-gcc -o conftest -g -O2 -I/home/minaduki/Desktop/Beaglebone_Proj/mplayer/install/alsa-lib/include -D_DEFAULT_SOURCE -D_XOPEN_SOURCE=600    -L/home/minaduki/Desktop/Beaglebone_Proj/mplayer/install/alsa-lib/lib conftest.c -lncursesw -ltinfo -lasound -L/home/minaduki/Desktop/Beaglebone_Proj/mplayer/install/alsa-lib/lib -lm -ldl -lpthread >&5
/usr/lib/gcc-cross/arm-linux-gnueabihf/9/../../../../arm-linux-gnueabihf/bin/ld: cannot find -lncursesw
/usr/lib/gcc-cross/arm-linux-gnueabihf/9/../../../../arm-linux-gnueabihf/bin/ld: cannot find -ltinfo
collect2: error: ld returned 1 exit status
configure:9255: $? = 1
configure: failed program was:
| /* confdefs.h */
| #define PACKAGE_NAME "alsa-utils"
| #define PACKAGE_TARNAME "alsa-utils"
| #define PACKAGE_VERSION "1.1.9"
| #define PACKAGE_STRING "alsa-utils 1.1.9"
| #define PACKAGE_BUGREPORT ""
| #define PACKAGE_URL ""
| #define PACKAGE "alsa-utils"
| #define VERSION "1.1.9"
| #define ENABLE_NLS 1
| #define HAVE_GETTEXT 1
| #define HAVE_DCGETTEXT 1
| #define HAVE_LIBASOUND 1
| #define HAVE_ALSA_PCM_H 1
| #define HAVE_ALSA_MIXER_H 1
| #define HAVE_ALSA_RAWMIDI_H 1
| #define HAVE_ALSA_SEQ_H 1
| #define HAVE_ALSA_USE_CASE_H 1
| #define HAVE_ALSA_TOPOLOGY_H 1
| #define HAVE_SEQ_CLIENT_INFO_GET_CARD 1
| #define HAVE_SEQ_CLIENT_INFO_GET_PID 1
| #define HAVE_LIBM 1
| #define HAVE_LIBPTHREAD 1
| #define HAVE_LIBRT 1
| #define HAVE_CLOCK_GETTIME 1
| #define STDC_HEADERS 1
| /* end confdefs.h.  */
| #include <panel.h>
| int
| main ()
| {
| set_escdelay(100);
|   ;
|   return 0;
| }
configure:9267: checking for curses NLS support
configure:9294: result: yes
configure:9308: checking for sys/types.h
configure:9308: arm-linux-gnueabihf-gcc -c -g -O2 -I/home/minaduki/Desktop/Beaglebone_Proj/mplayer/install/alsa-lib/include -D_DEFAULT_SOURCE -D_XOPEN_SOURCE=600  conftest.c >&5
configure:9308: $? = 0
configure:9308: result: yes
configure:9308: checking for sys/stat.h
configure:9308: arm-linux-gnueabihf-gcc -c -g -O2 -I/home/minaduki/Desktop/Beaglebone_Proj/mplayer/install/alsa-lib/include -D_DEFAULT_SOURCE -D_XOPEN_SOURCE=600  conftest.c >&5
configure:9308: $? = 0
configure:9308: result: yes
configure:9308: checking for stdlib.h
configure:9308: arm-linux-gnueabihf-gcc -c -g -O2 -I/home/minaduki/Desktop/Beaglebone_Proj/mplayer/install/alsa-lib/include -D_DEFAULT_SOURCE -D_XOPEN_SOURCE=600  conftest.c >&5
configure:9308: $? = 0
configure:9308: result: yes
configure:9308: checking for string.h
configure:9308: arm-linux-gnueabihf-gcc -c -g -O2 -I/home/minaduki/Desktop/Beaglebone_Proj/mplayer/install/alsa-lib/include -D_DEFAULT_SOURCE -D_XOPEN_SOURCE=600  conftest.c >&5
configure:9308: $? = 0
configure:9308: result: yes
configure:9308: checking for memory.h
configure:9308: arm-linux-gnueabihf-gcc -c -g -O2 -I/home/minaduki/Desktop/Beaglebone_Proj/mplayer/install/alsa-lib/include -D_DEFAULT_SOURCE -D_XOPEN_SOURCE=600  conftest.c >&5
configure:9308: $? = 0
configure:9308: result: yes
configure:9308: checking for strings.h
configure:9308: arm-linux-gnueabihf-gcc -c -g -O2 -I/home/minaduki/Desktop/Beaglebone_Proj/mplayer/install/alsa-lib/include -D_DEFAULT_SOURCE -D_XOPEN_SOURCE=600  conftest.c >&5
configure:9308: $? = 0
configure:9308: result: yes
configure:9308: checking for inttypes.h
configure:9308: arm-linux-gnueabihf-gcc -c -g -O2 -I/home/minaduki/Desktop/Beaglebone_Proj/mplayer/install/alsa-lib/include -D_DEFAULT_SOURCE -D_XOPEN_SOURCE=600  conftest.c >&5
configure:9308: $? = 0
configure:9308: result: yes
configure:9308: checking for stdint.h
configure:9308: arm-linux-gnueabihf-gcc -c -g -O2 -I/home/minaduki/Desktop/Beaglebone_Proj/mplayer/install/alsa-lib/include -D_DEFAULT_SOURCE -D_XOPEN_SOURCE=600  conftest.c >&5
configure:9308: $? = 0
configure:9308: result: yes
configure:9308: checking for unistd.h
configure:9308: arm-linux-gnueabihf-gcc -c -g -O2 -I/home/minaduki/Desktop/Beaglebone_Proj/mplayer/install/alsa-lib/include -D_DEFAULT_SOURCE -D_XOPEN_SOURCE=600  conftest.c >&5
configure:9308: $? = 0
configure:9308: result: yes
configure:9323: checking panel.h usability
configure:9323: arm-linux-gnueabihf-gcc -c -g -O2 -I/home/minaduki/Desktop/Beaglebone_Proj/mplayer/install/alsa-lib/include -D_DEFAULT_SOURCE -D_XOPEN_SOURCE=600  conftest.c >&5
configure:9323: $? = 0
configure:9323: result: yes
configure:9323: checking panel.h presence
configure:9323: arm-linux-gnueabihf-gcc -E  conftest.c
configure:9323: $? = 0
configure:9323: result: yes
configure:9323: checking for panel.h
configure:9323: result: yes
configure:9323: checking menu.h usability
configure:9323: arm-linux-gnueabihf-gcc -c -g -O2 -I/home/minaduki/Desktop/Beaglebone_Proj/mplayer/install/alsa-lib/include -D_DEFAULT_SOURCE -D_XOPEN_SOURCE=600  conftest.c >&5
configure:9323: $? = 0
configure:9323: result: yes
configure:9323: checking menu.h presence
configure:9323: arm-linux-gnueabihf-gcc -E  conftest.c
configure:9323: $? = 0
configure:9323: result: yes
configure:9323: checking for menu.h
configure:9323: result: yes
configure:9323: checking form.h usability
configure:9323: arm-linux-gnueabihf-gcc -c -g -O2 -I/home/minaduki/Desktop/Beaglebone_Proj/mplayer/install/alsa-lib/include -D_DEFAULT_SOURCE -D_XOPEN_SOURCE=600  conftest.c >&5
configure:9323: $? = 0
configure:9323: result: yes
configure:9323: checking form.h presence
configure:9323: arm-linux-gnueabihf-gcc -E  conftest.c
configure:9323: $? = 0
configure:9323: result: yes
configure:9323: checking for form.h
configure:9323: result: yes
configure:9336: checking for new_panel in -lpanelw
configure:9361: arm-linux-gnueabihf-gcc -o conftest -g -O2 -I/home/minaduki/Desktop/Beaglebone_Proj/mplayer/install/alsa-lib/include -D_DEFAULT_SOURCE -D_XOPEN_SOURCE=600    -L/home/minaduki/Desktop/Beaglebone_Proj/mplayer/install/alsa-lib/lib conftest.c -lpanelw  -lncursesw -ltinfo -lasound -L/home/minaduki/Desktop/Beaglebone_Proj/mplayer/install/alsa-lib/lib -lm -ldl -lpthread >&5
/usr/lib/gcc-cross/arm-linux-gnueabihf/9/../../../../arm-linux-gnueabihf/bin/ld: cannot find -lpanelw
/usr/lib/gcc-cross/arm-linux-gnueabihf/9/../../../../arm-linux-gnueabihf/bin/ld: cannot find -lncursesw
/usr/lib/gcc-cross/arm-linux-gnueabihf/9/../../../../arm-linux-gnueabihf/bin/ld: cannot find -ltinfo
collect2: error: ld returned 1 exit status
configure:9361: $? = 1
configure: failed program was:
| /* confdefs.h */
| #define PACKAGE_NAME "alsa-utils"
| #define PACKAGE_TARNAME "alsa-utils"
| #define PACKAGE_VERSION "1.1.9"
| #define PACKAGE_STRING "alsa-utils 1.1.9"
| #define PACKAGE_BUGREPORT ""
| #define PACKAGE_URL ""
| #define PACKAGE "alsa-utils"
| #define VERSION "1.1.9"
| #define ENABLE_NLS 1
| #define HAVE_GETTEXT 1
| #define HAVE_DCGETTEXT 1
| #define HAVE_LIBASOUND 1
| #define HAVE_ALSA_PCM_H 1
| #define HAVE_ALSA_MIXER_H 1
| #define HAVE_ALSA_RAWMIDI_H 1
| #define HAVE_ALSA_SEQ_H 1
| #define HAVE_ALSA_USE_CASE_H 1
| #define HAVE_ALSA_TOPOLOGY_H 1
| #define HAVE_SEQ_CLIENT_INFO_GET_CARD 1
| #define HAVE_SEQ_CLIENT_INFO_GET_PID 1
| #define HAVE_LIBM 1
| #define HAVE_LIBPTHREAD 1
| #define HAVE_LIBRT 1
| #define HAVE_CLOCK_GETTIME 1
| #define STDC_HEADERS 1
| #define ENABLE_NLS_IN_CURSES 1
| #define HAVE_SYS_TYPES_H 1
| #define HAVE_SYS_STAT_H 1
| #define HAVE_STDLIB_H 1
| #define HAVE_STRING_H 1
| #define HAVE_MEMORY_H 1
| #define HAVE_STRINGS_H 1
| #define HAVE_INTTYPES_H 1
| #define HAVE_STDINT_H 1
| #define HAVE_UNISTD_H 1
| #define HAVE_PANEL_H 1
| #define HAVE_MENU_H 1
| #define HAVE_FORM_H 1
| /* end confdefs.h.  */
| 
| /* Override any GCC internal prototype to avoid an error.
|    Use char because int might match the return type of a GCC
|    builtin and then its argument prototype would still apply.  */
| #ifdef __cplusplus
| extern "C"
| #endif
| char new_panel ();
| int
| main ()
| {
| return new_panel ();
|   ;
|   return 0;
| }
configure:9371: result: no
configure:9376: error: panelw library not found

## ---------------- ##
## Cache variables. ##
## ---------------- ##

ac_cv_build=x86_64-pc-linux-gnu
ac_cv_c_compiler_gnu=yes
ac_cv_env_CC_set=
ac_cv_env_CC_value=
ac_cv_env_CFLAGS_set=
ac_cv_env_CFLAGS_value=
ac_cv_env_CPPFLAGS_set=
ac_cv_env_CPPFLAGS_value=
ac_cv_env_CPP_set=
ac_cv_env_CPP_value=
ac_cv_env_LDFLAGS_set=
ac_cv_env_LDFLAGS_value=
ac_cv_env_LIBS_set=
ac_cv_env_LIBS_value=
ac_cv_env_NCURSESW_CFLAGS_set=
ac_cv_env_NCURSESW_CFLAGS_value=
ac_cv_env_NCURSESW_LIBS_set=
ac_cv_env_NCURSESW_LIBS_value=
ac_cv_env_NCURSES_CFLAGS_set=
ac_cv_env_NCURSES_CFLAGS_value=
ac_cv_env_NCURSES_LIBS_set=
ac_cv_env_NCURSES_LIBS_value=
ac_cv_env_PKG_CONFIG_LIBDIR_set=
ac_cv_env_PKG_CONFIG_LIBDIR_value=
ac_cv_env_PKG_CONFIG_PATH_set=
ac_cv_env_PKG_CONFIG_PATH_value=
ac_cv_env_PKG_CONFIG_set=
ac_cv_env_PKG_CONFIG_value=
ac_cv_env_SYSTEMD_CFLAGS_set=
ac_cv_env_SYSTEMD_CFLAGS_value=
ac_cv_env_SYSTEMD_LIBS_set=
ac_cv_env_SYSTEMD_LIBS_value=
ac_cv_env_build_alias_set=
ac_cv_env_build_alias_value=
ac_cv_env_host_alias_set=set
ac_cv_env_host_alias_value=arm-linux-gnueabihf
ac_cv_env_target_alias_set=
ac_cv_env_target_alias_value=
ac_cv_func_snd_ctl_elem_add_enumerated=yes
ac_cv_header_alsa_mixer_h=yes
ac_cv_header_alsa_pcm_h=yes
ac_cv_header_alsa_rawmidi_h=yes
ac_cv_header_alsa_seq_h=yes
ac_cv_header_alsa_topology_h=yes
ac_cv_header_alsa_use_case_h=yes
ac_cv_header_form_h=yes
ac_cv_header_inttypes_h=yes
ac_cv_header_memory_h=yes
ac_cv_header_menu_h=yes
ac_cv_header_panel_h=yes
ac_cv_header_samplerate_h=no
ac_cv_header_stdc=yes
ac_cv_header_stdint_h=yes
ac_cv_header_stdlib_h=yes
ac_cv_header_string_h=yes
ac_cv_header_strings_h=yes
ac_cv_header_sys_stat_h=yes
ac_cv_header_sys_types_h=yes
ac_cv_header_unistd_h=yes
ac_cv_host=arm-unknown-linux-gnueabihf
ac_cv_lib_asound_snd_ctl_open=yes
ac_cv_lib_asound_snd_seq_client_info_get_card=yes
ac_cv_lib_asound_snd_seq_client_info_get_pid=yes
ac_cv_lib_c_dlopen=no
ac_cv_lib_dl_dlopen=yes
ac_cv_lib_ffado_ffado_streaming_init=no
ac_cv_lib_fftw3f_fftwf_malloc=no
ac_cv_lib_m_sqrtf=yes
ac_cv_lib_panelw___new_panel=no
ac_cv_lib_pthread_pthread_create=yes
ac_cv_lib_rt_clock_gettime=yes
ac_cv_objext=o
ac_cv_path_EGREP='/usr/bin/grep -E'
ac_cv_path_GMSGFMT=/usr/bin/msgfmt
ac_cv_path_GREP=/usr/bin/grep
ac_cv_path_MSGFMT=/usr/bin/msgfmt
ac_cv_path_MSGMERGE=/usr/bin/msgmerge
ac_cv_path_SED=/usr/bin/sed
ac_cv_path_XGETTEXT=/usr/bin/xgettext
ac_cv_path_ac_pt_PKG_CONFIG=/usr/bin/pkg-config
ac_cv_path_install='/usr/bin/install -c'
ac_cv_path_mkdir=/usr/bin/mkdir
ac_cv_prog_AWK=mawk
ac_cv_prog_CC=arm-linux-gnueabihf-gcc
ac_cv_prog_CPP='arm-linux-gnueabihf-gcc -E'
ac_cv_prog_STRIP=arm-linux-gnueabihf-strip
ac_cv_prog_cc_c89=
ac_cv_prog_cc_g=yes
ac_cv_prog_make_make_set=yes
acl_cv_hardcode_direct=no
acl_cv_hardcode_libdir_flag_spec='${wl}-rpath ${wl}$libdir'
acl_cv_hardcode_libdir_separator=
acl_cv_hardcode_minus_L=no
acl_cv_libext=a
acl_cv_libname_spec='lib$name'
acl_cv_library_names_spec='$libname$shrext'
acl_cv_path_LD=/usr/arm-linux-gnueabihf/bin/ld
acl_cv_prog_gnu_ld=yes
acl_cv_rpath=done
acl_cv_shlibext=so
acl_cv_wl=-Wl,
am_cv_CC_dependencies_compiler_type=gcc3
am_cv_make_support_nested_variables=yes
am_cv_prog_cc_c_o=yes
gt_cv_func_CFLocaleCopyCurrent=no
gt_cv_func_CFPreferencesCopyAppValue=no
gt_cv_func_gnugettext1_libc=yes
pkg_cv_NCURSESW_CFLAGS='-D_DEFAULT_SOURCE -D_XOPEN_SOURCE=600'
pkg_cv_NCURSESW_LIBS='-lncursesw -ltinfo'

## ----------------- ##
## Output variables. ##
## ----------------- ##

ACLOCAL='${SHELL} /home/minaduki/Desktop/Beaglebone_Proj/mplayer/src/alsa-utils-1.1.9/missing aclocal-1.16'
ALSACONF_FALSE='#'
ALSACONF_TRUE=''
ALSACTL_DAEMONSWITCH=''
ALSACTL_PIDFILE_DIR=''
ALSALOOP_FALSE='#'
ALSALOOP_TRUE=''
ALSAMIXER_FALSE='#'
ALSAMIXER_TRUE=''
ALSA_CFLAGS=' -I/home/minaduki/Desktop/Beaglebone_Proj/mplayer/install/alsa-lib/include'
ALSA_LIBS=' -L/home/minaduki/Desktop/Beaglebone_Proj/mplayer/install/alsa-lib/lib -lasound -lm -ldl -lpthread'
AMDEPBACKSLASH='\'
AMDEP_FALSE='#'
AMDEP_TRUE=''
AMTAR='$${TAR-tar}'
AM_BACKSLASH='\'
AM_DEFAULT_V='$(AM_DEFAULT_VERBOSITY)'
AM_DEFAULT_VERBOSITY='1'
AM_V='$(V)'
ASOUND_LOCK_DIR=''
ASOUND_STATE_DIR=''
AUTOCONF='${SHELL} /home/minaduki/Desktop/Beaglebone_Proj/mplayer/src/alsa-utils-1.1.9/missing autoconf'
AUTOHEADER='${SHELL} /home/minaduki/Desktop/Beaglebone_Proj/mplayer/src/alsa-utils-1.1.9/missing autoheader'
AUTOMAKE='${SHELL} /home/minaduki/Desktop/Beaglebone_Proj/mplayer/src/alsa-utils-1.1.9/missing automake-1.16'
AWK='mawk'
BAT_FALSE='#'
BAT_TRUE=''
CC='arm-linux-gnueabihf-gcc'
CCDEPMODE='depmode=gcc3'
CFLAGS='-g -O2 -I/home/minaduki/Desktop/Beaglebone_Proj/mplayer/install/alsa-lib/include -D_DEFAULT_SOURCE -D_XOPEN_SOURCE=600'
CPP='arm-linux-gnueabihf-gcc -E'
CPPFLAGS=''
CURSESINC='<ncurses.h>'
CURSESLIB='-lncursesw -ltinfo'
CURSES_CFLAGS='-D_DEFAULT_SOURCE -D_XOPEN_SOURCE=600'
CYGPATH_W='echo'
DEFS=''
DEPDIR='.deps'
ECHO_C=''
ECHO_N='-n'
ECHO_T=''
EGREP='/usr/bin/grep -E'
EXEEXT=''
FFTW_CFLAGS='-g -O2 -I/home/minaduki/Desktop/Beaglebone_Proj/mplayer/install/alsa-lib/include'
FFTW_INC=''
FFTW_LIB='-lpthread -lm -lasound -L/home/minaduki/Desktop/Beaglebone_Proj/mplayer/install/alsa-lib/lib -lm -ldl -lpthread'
GETTEXT_MACRO_VERSION='0.19'
GMSGFMT='/usr/bin/msgfmt'
GMSGFMT_015='/usr/bin/msgfmt'
GREP='/usr/bin/grep'
HAVE_FFADO_FALSE=''
HAVE_FFADO_TRUE='#'
HAVE_LIBFFTW3_FALSE=''
HAVE_LIBFFTW3_TRUE='#'
HAVE_LIBTINYALSA_FALSE=''
HAVE_LIBTINYALSA_TRUE='#'
HAVE_MIXER_FALSE='#'
HAVE_MIXER_TRUE=''
HAVE_PCM_FALSE='#'
HAVE_PCM_TRUE=''
HAVE_RAWMIDI_FALSE='#'
HAVE_RAWMIDI_TRUE=''
HAVE_SAMPLERATE_FALSE=''
HAVE_SAMPLERATE_TRUE='#'
HAVE_SEQ_FALSE='#'
HAVE_SEQ_TRUE=''
HAVE_SYSTEMD_FALSE=''
HAVE_SYSTEMD_TRUE=''
HAVE_TOPOLOGY_FALSE='#'
HAVE_TOPOLOGY_TRUE=''
HAVE_UCM_FALSE='#'
HAVE_UCM_TRUE=''
INSTALL_DATA='${INSTALL} -m 644'
INSTALL_PROGRAM='${INSTALL}'
INSTALL_SCRIPT='${INSTALL}'
INSTALL_STRIP_PROGRAM='$(install_sh) -c -s'
INTLLIBS=''
INTL_MACOSX_LIBS=''
LDFLAGS='  -L/home/minaduki/Desktop/Beaglebone_Proj/mplayer/install/alsa-lib/lib'
LIBICONV='-liconv'
LIBINTL=''
LIBOBJS=''
LIBRT='-lrt'
LIBS='-lncursesw -ltinfo -lasound -L/home/minaduki/Desktop/Beaglebone_Proj/mplayer/install/alsa-lib/lib -lm -ldl -lpthread'
LN_S='ln -s'
LTLIBICONV='-liconv'
LTLIBINTL=''
LTLIBOBJS=''
MAINT=''
MAINTAINER_MODE_FALSE='#'
MAINTAINER_MODE_TRUE=''
MAKEINFO='${SHELL} /home/minaduki/Desktop/Beaglebone_Proj/mplayer/src/alsa-utils-1.1.9/missing makeinfo'
MKDIR_P='/usr/bin/mkdir -p'
MSGFMT='/usr/bin/msgfmt'
MSGFMT_015='/usr/bin/msgfmt'
MSGMERGE='/usr/bin/msgmerge'
NCURSESW_CFLAGS='-D_DEFAULT_SOURCE -D_XOPEN_SOURCE=600'
NCURSESW_LIBS='-lncursesw -ltinfo'
NCURSES_CFLAGS=''
NCURSES_LIBS=''
OBJEXT='o'
PACKAGE='alsa-utils'
PACKAGE_BUGREPORT=''
PACKAGE_NAME='alsa-utils'
PACKAGE_STRING='alsa-utils 1.1.9'
PACKAGE_TARNAME='alsa-utils'
PACKAGE_URL=''
PACKAGE_VERSION='1.1.9'
PATH_SEPARATOR=':'
PKG_CONFIG='/usr/bin/pkg-config'
PKG_CONFIG_LIBDIR=''
PKG_CONFIG_PATH=''
POSUB='po'
SED='/usr/bin/sed'
SET_MAKE=''
SHELL='/bin/bash'
SND_UTIL_MAJOR=''
SND_UTIL_MINOR=''
SND_UTIL_SUBMINOR=''
SND_UTIL_VERSION=''
STRIP='arm-linux-gnueabihf-strip'
SYSTEMD_CFLAGS=''
SYSTEMD_LIBS=''
TESTSOUND=''
USE_NLS='yes'
USE_RST2MAN_FALSE=''
USE_RST2MAN_TRUE='#'
USE_XMLTO_FALSE=''
USE_XMLTO_TRUE='#'
VERSION='1.1.9'
XGETTEXT='/usr/bin/xgettext'
XGETTEXT_015='/usr/bin/xgettext'
XGETTEXT_EXTRA_OPTIONS=''
ac_ct_CC=''
am__EXEEXT_FALSE=''
am__EXEEXT_TRUE=''
am__fastdepCC_FALSE='#'
am__fastdepCC_TRUE=''
am__include='include'
am__isrc=''
am__leading_dot='.'
am__nodep='_no'
am__quote=''
am__tar='$${TAR-tar} chof - "$$tardir"'
am__untar='$${TAR-tar} xf -'
bindir='${exec_prefix}/bin'
build='x86_64-pc-linux-gnu'
build_alias=''
build_cpu='x86_64'
build_os='linux-gnu'
build_vendor='pc'
datadir='${datarootdir}'
datarootdir='${prefix}/share'
docdir='${datarootdir}/doc/${PACKAGE_TARNAME}'
dvidir='${docdir}'
exec_prefix='NONE'
host='arm-unknown-linux-gnueabihf'
host_alias='arm-linux-gnueabihf'
host_cpu='arm'
host_os='linux-gnueabihf'
host_vendor='unknown'
htmldir='${docdir}'
includedir='${prefix}/include'
infodir='${datarootdir}/info'
install_sh='${SHELL} /home/minaduki/Desktop/Beaglebone_Proj/mplayer/src/alsa-utils-1.1.9/install-sh'
libdir='${exec_prefix}/lib'
libexecdir='${exec_prefix}/libexec'
localedir='${datarootdir}/locale'
localstatedir='${prefix}/var'
mandir='${datarootdir}/man'
mkdir_p='$(MKDIR_P)'
mydatadir=''
ncurses5_config=''
ncursesw5_config=''
oldincludedir='/usr/include'
pdfdir='${docdir}'
prefix='/home/minaduki/Desktop/Beaglebone_Proj/mplayer/install/alsa-utils'
program_transform_name='s,x,x,'
psdir='${docdir}'
rst2man_available=''
sbindir='${exec_prefix}/sbin'
sharedstatedir='${prefix}/com'
sysconfdir='${prefix}/etc'
systemdsystemunitdir=''
target_alias=''
udevrulesdir='/lib/udev/rules.d'
xmlto_available=''

## ----------- ##
## confdefs.h. ##
## ----------- ##

/* confdefs.h */
#define PACKAGE_NAME "alsa-utils"
#define PACKAGE_TARNAME "alsa-utils"
#define PACKAGE_VERSION "1.1.9"
#define PACKAGE_STRING "alsa-utils 1.1.9"
#define PACKAGE_BUGREPORT ""
#define PACKAGE_URL ""
#define PACKAGE "alsa-utils"
#define VERSION "1.1.9"
#define ENABLE_NLS 1
#define HAVE_GETTEXT 1
#define HAVE_DCGETTEXT 1
#define HAVE_LIBASOUND 1
#define HAVE_ALSA_PCM_H 1
#define HAVE_ALSA_MIXER_H 1
#define HAVE_ALSA_RAWMIDI_H 1
#define HAVE_ALSA_SEQ_H 1
#define HAVE_ALSA_USE_CASE_H 1
#define HAVE_ALSA_TOPOLOGY_H 1
#define HAVE_SEQ_CLIENT_INFO_GET_CARD 1
#define HAVE_SEQ_CLIENT_INFO_GET_PID 1
#define HAVE_LIBM 1
#define HAVE_LIBPTHREAD 1
#define HAVE_LIBRT 1
#define HAVE_CLOCK_GETTIME 1
#define STDC_HEADERS 1
#define ENABLE_NLS_IN_CURSES 1
#define HAVE_SYS_TYPES_H 1
#define HAVE_SYS_STAT_H 1
#define HAVE_STDLIB_H 1
#define HAVE_STRING_H 1
#define HAVE_MEMORY_H 1
#define HAVE_STRINGS_H 1
#define HAVE_INTTYPES_H 1
#define HAVE_STDINT_H 1
#define HAVE_UNISTD_H 1
#define HAVE_PANEL_H 1
#define HAVE_MENU_H 1
#define HAVE_FORM_H 1

configure: exit 1
